#
# There is insufficient memory for the Java Runtime Environment to continue.
# Native memory allocation (malloc) failed to allocate 32744 bytes for ChunkPool::allocate
# Possible reasons:
#   The system is out of physical RAM or swap space
#   The process is running with CompressedOops enabled, and the Java Heap may be blocking the growth of the native heap
# Possible solutions:
#   Reduce memory load on the system
#   Increase physical memory or swap space
#   Check if swap backing store is full
#   Decrease Java heap size (-Xmx/-Xms)
#   Decrease number of Java threads
#   Decrease Java thread stack sizes (-Xss)
#   Set larger code cache with -XX:ReservedCodeCacheSize=
#   JVM is running with Unscaled Compressed Oops mode in which the Java heap is
#     placed in the first 4GB address space. The Java Heap base address is the
#     maximum limit for the native heap growth. Please use -XX:HeapBaseMinAddress
#     to set the Java Heap base and to place the Java Heap above 4GB virtual address.
# This output file may be truncated or incomplete.
#
#  Out of Memory Error (arena.cpp:78), pid=6136, tid=15764
#
# JRE version: Java(TM) SE Runtime Environment (17.0.11+7) (build 17.0.11+7-LTS-207)
# Java VM: Java HotSpot(TM) 64-Bit Server VM (17.0.11+7-LTS-207, mixed mode, sharing, tiered, compressed oops, compressed class ptrs, g1 gc, windows-amd64)
# No core dump will be written. Minidumps are not enabled by default on client versions of Windows
#

---------------  S U M M A R Y ------------

Command Line: --add-opens=java.base/java.util=ALL-UNNAMED --add-opens=java.base/java.lang=ALL-UNNAMED --add-opens=java.base/java.lang.invoke=ALL-UNNAMED --add-opens=java.prefs/java.util.prefs=ALL-UNNAMED --add-opens=java.base/java.nio.charset=ALL-UNNAMED --add-opens=java.base/java.net=ALL-UNNAMED --add-opens=java.base/java.util.concurrent.atomic=ALL-UNNAMED -XX:MaxMetaspaceSize=384m -XX:+HeapDumpOnOutOfMemoryError -Xms256m -Xmx512m -Dfile.encoding=windows-1252 -Duser.country=US -Duser.language=en -Duser.variant -javaagent:C:\Users\siva0\.gradle\wrapper\dists\gradle-8.5-bin\5t9huq95ubn472n8rpzujfbqh\gradle-8.5\lib\agents\gradle-instrumentation-agent-8.5.jar org.gradle.launcher.daemon.bootstrap.GradleDaemon 8.5

Host: AMD Ryzen 5 4600H with Radeon Graphics         , 12 cores, 7G,  Windows 11 , 64 bit Build 22621 (10.0.22621.3527)
Time: Wed May  1 17:15:55 2024 India Standard Time elapsed time: 72.604189 seconds (0d 0h 1m 12s)

---------------  T H R E A D  ---------------

Current thread (0x000002497d3b20f0):  JavaThread "C2 CompilerThread0" daemon [_thread_in_native, id=15764, stack(0x000000ae1c200000,0x000000ae1c300000)]


Current CompileTask:
C2:  72604 3891       4       java.lang.String::split (327 bytes)

Stack: [0x000000ae1c200000,0x000000ae1c300000]
Native frames: (J=compiled Java code, j=interpreted, Vv=VM code, C=native code)
V  [jvm.dll+0x679cca]
V  [jvm.dll+0x7da13d]
V  [jvm.dll+0x7dba83]
V  [jvm.dll+0x7dc0f3]
V  [jvm.dll+0x2449af]
V  [jvm.dll+0xaba8c]
V  [jvm.dll+0xabe1c]
V  [jvm.dll+0x1b78d8]
V  [jvm.dll+0x68a22a]
V  [jvm.dll+0x68c015]
V  [jvm.dll+0x68bd9d]
V  [jvm.dll+0x68e6f4]
V  [jvm.dll+0x69202f]
V  [jvm.dll+0x68a085]
V  [jvm.dll+0x6896d0]
V  [jvm.dll+0x6875e2]
V  [jvm.dll+0x1a528c]
V  [jvm.dll+0x1a5e18]
V  [jvm.dll+0x2a909c]
V  [jvm.dll+0x692056]
V  [jvm.dll+0x68a085]
V  [jvm.dll+0x6896d0]
V  [jvm.dll+0x6875e2]
V  [jvm.dll+0x1a528c]
V  [jvm.dll+0x1a5e18]
V  [jvm.dll+0x2a909c]
V  [jvm.dll+0x692056]
V  [jvm.dll+0x68a085]
V  [jvm.dll+0x6896d0]
V  [jvm.dll+0x6875e2]
V  [jvm.dll+0x1a528c]
V  [jvm.dll+0x1a5e18]
V  [jvm.dll+0x2a909c]
V  [jvm.dll+0x692056]
V  [jvm.dll+0x68a085]
V  [jvm.dll+0x6896d0]
V  [jvm.dll+0x6875e2]
V  [jvm.dll+0x1a528c]
V  [jvm.dll+0x2151b8]
V  [jvm.dll+0x1a2040]
V  [jvm.dll+0x225a2b]
V  [jvm.dll+0x223bcb]
V  [jvm.dll+0x7903ec]
V  [jvm.dll+0x78a85a]
V  [jvm.dll+0x678bb5]
C  [ucrtbase.dll+0x29333]
C  [KERNEL32.DLL+0x1257d]
C  [ntdll.dll+0x5aa48]


---------------  P R O C E S S  ---------------

Threads class SMR info:
_java_thread_list=0x000002497efc8c20, length=38, elements={
0x0000024962643420, 0x000002497d392170, 0x000002497d392ff0, 0x000002497d3ad200,
0x000002497d3addc0, 0x000002497d3ae980, 0x000002497d3b1350, 0x000002497d3b20f0,
0x000002497d3b9ba0, 0x000002497d3bcd50, 0x000002497d37d7a0, 0x000002497d61a7a0,
0x000002497f0a2400, 0x000002497f060450, 0x000002497e276990, 0x000002497d5acde0,
0x000002497e0ec670, 0x0000024919724810, 0x000002497d7d0a00, 0x000002497efea1b0,
0x000002497efe9ca0, 0x000002497efeb5f0, 0x000002497efe9280, 0x000002497efe7e40,
0x000002497efe8d70, 0x000002497efea6c0, 0x000002497efeabd0, 0x000002497efe8350,
0x000002497efe8860, 0x000002497eda5ce0, 0x000002497eda6700, 0x000002497eda8050,
0x000002497edaa3c0, 0x000002497eda8560, 0x000002497eda6c10, 0x000002497eda8a70,
0x000002497eda7120, 0x000002497eda7b40
}

Java Threads: ( => current thread )
  0x0000024962643420 JavaThread "main" [_thread_blocked, id=15624, stack(0x000000ae1b500000,0x000000ae1b600000)]
  0x000002497d392170 JavaThread "Reference Handler" daemon [_thread_blocked, id=23848, stack(0x000000ae1bc00000,0x000000ae1bd00000)]
  0x000002497d392ff0 JavaThread "Finalizer" daemon [_thread_blocked, id=6528, stack(0x000000ae1bd00000,0x000000ae1be00000)]
  0x000002497d3ad200 JavaThread "Signal Dispatcher" daemon [_thread_blocked, id=23532, stack(0x000000ae1be00000,0x000000ae1bf00000)]
  0x000002497d3addc0 JavaThread "Attach Listener" daemon [_thread_blocked, id=8220, stack(0x000000ae1bf00000,0x000000ae1c000000)]
  0x000002497d3ae980 JavaThread "Service Thread" daemon [_thread_blocked, id=15288, stack(0x000000ae1c000000,0x000000ae1c100000)]
  0x000002497d3b1350 JavaThread "Monitor Deflation Thread" daemon [_thread_blocked, id=24552, stack(0x000000ae1c100000,0x000000ae1c200000)]
=>0x000002497d3b20f0 JavaThread "C2 CompilerThread0" daemon [_thread_in_native, id=15764, stack(0x000000ae1c200000,0x000000ae1c300000)]
  0x000002497d3b9ba0 JavaThread "C1 CompilerThread0" daemon [_thread_blocked, id=15184, stack(0x000000ae1c300000,0x000000ae1c400000)]
  0x000002497d3bcd50 JavaThread "Sweeper thread" daemon [_thread_blocked, id=14048, stack(0x000000ae1c400000,0x000000ae1c500000)]
  0x000002497d37d7a0 JavaThread "Common-Cleaner" daemon [_thread_blocked, id=1512, stack(0x000000ae1c500000,0x000000ae1c600000)]
  0x000002497d61a7a0 JavaThread "Notification Thread" daemon [_thread_blocked, id=7416, stack(0x000000ae1c600000,0x000000ae1c700000)]
  0x000002497f0a2400 JavaThread "Daemon health stats" [_thread_blocked, id=11832, stack(0x000000ae1cd00000,0x000000ae1ce00000)]
  0x000002497f060450 JavaThread "Incoming local TCP Connector on port 52303" [_thread_in_native, id=11320, stack(0x000000ae1ce00000,0x000000ae1cf00000)]
  0x000002497e276990 JavaThread "Daemon periodic checks" [_thread_blocked, id=23960, stack(0x000000ae1cf00000,0x000000ae1d000000)]
  0x000002497d5acde0 JavaThread "Daemon" [_thread_blocked, id=7412, stack(0x000000ae1d000000,0x000000ae1d100000)]
  0x000002497e0ec670 JavaThread "Handler for socket connection from /127.0.0.1:52303 to /127.0.0.1:52304" [_thread_in_native, id=4616, stack(0x000000ae1d100000,0x000000ae1d200000)]
  0x0000024919724810 JavaThread "Cancel handler" [_thread_blocked, id=9432, stack(0x000000ae1d200000,0x000000ae1d300000)]
  0x000002497d7d0a00 JavaThread "Daemon worker" [_thread_in_Java, id=8224, stack(0x000000ae1d300000,0x000000ae1d400000)]
  0x000002497efea1b0 JavaThread "Asynchronous log dispatcher for DefaultDaemonConnection: socket connection from /127.0.0.1:52303 to /127.0.0.1:52304" [_thread_blocked, id=5124, stack(0x000000ae1d400000,0x000000ae1d500000)]
  0x000002497efe9ca0 JavaThread "Stdin handler" [_thread_blocked, id=13240, stack(0x000000ae1d500000,0x000000ae1d600000)]
  0x000002497efeb5f0 JavaThread "Daemon client event forwarder" [_thread_blocked, id=11728, stack(0x000000ae1d600000,0x000000ae1d700000)]
  0x000002497efe9280 JavaThread "Cache worker for journal cache (C:\Users\siva0\.gradle\caches\journal-1)" [_thread_blocked, id=15484, stack(0x000000ae1d700000,0x000000ae1d800000)]
  0x000002497efe7e40 JavaThread "File lock request listener" [_thread_in_native, id=15096, stack(0x000000ae1d800000,0x000000ae1d900000)]
  0x000002497efe8d70 JavaThread "File lock release action executor" [_thread_blocked, id=15180, stack(0x000000ae1d900000,0x000000ae1da00000)]
  0x000002497efea6c0 JavaThread "Cache worker for file hash cache (C:\Users\siva0\.gradle\caches\8.5\fileHashes)" [_thread_blocked, id=23660, stack(0x000000ae1da00000,0x000000ae1db00000)]
  0x000002497efeabd0 JavaThread "File watcher server" daemon [_thread_in_native, id=18548, stack(0x000000ae1db00000,0x000000ae1dc00000)]
  0x000002497efe8350 JavaThread "File watcher consumer" daemon [_thread_blocked, id=3420, stack(0x000000ae1dc00000,0x000000ae1dd00000)]
  0x000002497efe8860 JavaThread "Daemon Thread 2" [_thread_blocked, id=20368, stack(0x000000ae1e300000,0x000000ae1e400000)]
  0x000002497eda5ce0 JavaThread "Daemon Thread 3" [_thread_blocked, id=5760, stack(0x000000ae1e500000,0x000000ae1e600000)]
  0x000002497eda6700 JavaThread "Cache worker for checksums cache (C:\Users\siva0\IdeaProjects\spring-demo-ws\.gradle\8.5\checksums)" [_thread_blocked, id=15256, stack(0x000000ae1e700000,0x000000ae1e800000)]
  0x000002497eda8050 JavaThread "Cache worker for file hash cache (C:\Users\siva0\IdeaProjects\spring-demo-ws\.gradle\8.5\fileHashes)" [_thread_blocked, id=23684, stack(0x000000ae1e800000,0x000000ae1e900000)]
  0x000002497edaa3c0 JavaThread "Cache worker for cache directory md-supplier (C:\Users\siva0\.gradle\caches\8.5\md-supplier)" [_thread_blocked, id=20808, stack(0x000000ae1e900000,0x000000ae1ea00000)]
  0x000002497eda8560 JavaThread "Cache worker for cache directory md-rule (C:\Users\siva0\.gradle\caches\8.5\md-rule)" [_thread_blocked, id=14328, stack(0x000000ae1ea00000,0x000000ae1eb00000)]
  0x000002497eda6c10 JavaThread "Cache worker for file content cache (C:\Users\siva0\.gradle\caches\8.5\fileContent)" [_thread_blocked, id=14696, stack(0x000000ae1eb00000,0x000000ae1ec00000)]
  0x000002497eda8a70 JavaThread "Cache worker for execution history cache (C:\Users\siva0\.gradle\caches\8.5\executionHistory)" [_thread_blocked, id=3312, stack(0x000000ae1ec00000,0x000000ae1ed00000)]
  0x000002497eda7120 JavaThread "jar transforms" [_thread_blocked, id=24784, stack(0x000000ae1e400000,0x000000ae1e500000)]
  0x000002497eda7b40 JavaThread "jar transforms Thread 2" [_thread_blocked, id=25864, stack(0x000000ae1ee00000,0x000000ae1ef00000)]

Other Threads:
  0x000002497d38adb0 VMThread "VM Thread" [stack: 0x000000ae1bb00000,0x000000ae1bc00000] [id=14784]
  0x000002497d6f7e70 WatcherThread [stack: 0x000000ae1c700000,0x000000ae1c800000] [id=12068]
  0x00000249626738e0 GCTaskThread "GC Thread#0" [stack: 0x000000ae1b600000,0x000000ae1b700000] [id=19276]
  0x000002497e256cb0 GCTaskThread "GC Thread#1" [stack: 0x000000ae1c800000,0x000000ae1c900000] [id=24004]
  0x000002497df3ade0 GCTaskThread "GC Thread#2" [stack: 0x000000ae1c900000,0x000000ae1ca00000] [id=12060]
  0x000002497d77d0b0 GCTaskThread "GC Thread#3" [stack: 0x000000ae1ca00000,0x000000ae1cb00000] [id=4524]
  0x000002497e0464c0 GCTaskThread "GC Thread#4" [stack: 0x000000ae1cb00000,0x000000ae1cc00000] [id=5916]
  0x000002497e046780 GCTaskThread "GC Thread#5" [stack: 0x000000ae1cc00000,0x000000ae1cd00000] [id=11004]
  0x000002497e0bfe60 GCTaskThread "GC Thread#6" [stack: 0x000000ae1dd00000,0x000000ae1de00000] [id=24300]
  0x000002497e0c15b0 GCTaskThread "GC Thread#7" [stack: 0x000000ae1de00000,0x000000ae1df00000] [id=18008]
  0x000002497e9b1d50 GCTaskThread "GC Thread#8" [stack: 0x000000ae1df00000,0x000000ae1e000000] [id=13232]
  0x0000024919ba3420 GCTaskThread "GC Thread#9" [stack: 0x000000ae1e000000,0x000000ae1e100000] [id=12260]
  0x0000024962679840 ConcurrentGCThread "G1 Main Marker" [stack: 0x000000ae1b700000,0x000000ae1b800000] [id=2520]
  0x000002496267a250 ConcurrentGCThread "G1 Conc#0" [stack: 0x000000ae1b800000,0x000000ae1b900000] [id=23452]
  0x000002497e44bdf0 ConcurrentGCThread "G1 Conc#1" [stack: 0x000000ae1e100000,0x000000ae1e200000] [id=15164]
  0x0000024919ba4310 ConcurrentGCThread "G1 Conc#2" [stack: 0x000000ae1e200000,0x000000ae1e300000] [id=24452]
  0x000002497d251070 ConcurrentGCThread "G1 Refine#0" [stack: 0x000000ae1b900000,0x000000ae1ba00000] [id=22668]
  0x000002497d251aa0 ConcurrentGCThread "G1 Service" [stack: 0x000000ae1ba00000,0x000000ae1bb00000] [id=22960]

Threads with active compile tasks:
C2 CompilerThread0    72669 3891       4       java.lang.String::split (327 bytes)

VM state: not at safepoint (normal execution)

VM Mutex/Monitor currently owned by a thread: None

Heap address: 0x00000000e0000000, size: 512 MB, Compressed Oops mode: 32-bit

CDS archive(s) mapped at: [0x0000024900000000-0x0000024900bd0000-0x0000024900bd0000), size 12386304, SharedBaseAddress: 0x0000024900000000, ArchiveRelocationMode: 1.
Compressed class space mapped at: 0x0000024901000000-0x0000024915000000, reserved size: 335544320
Narrow klass base: 0x0000024900000000, Narrow klass shift: 0, Narrow klass range: 0x100000000

GC Precious Log:
 CPUs: 12 total, 12 available
 Memory: 7539M
 Large Page Support: Disabled
 NUMA Support: Disabled
 Compressed Oops: Enabled (32-bit)
 Heap Region Size: 1M
 Heap Min Capacity: 256M
 Heap Initial Capacity: 256M
 Heap Max Capacity: 512M
 Pre-touch: Disabled
 Parallel Workers: 10
 Concurrent Workers: 3
 Concurrent Refinement Workers: 10
 Periodic GC: Disabled

Heap:
 garbage-first heap   total 262144K, used 98918K [0x00000000e0000000, 0x0000000100000000)
  region size 1024K, 89 young (91136K), 12 survivors (12288K)
 Metaspace       used 32067K, committed 32384K, reserved 393216K
  class space    used 4521K, committed 4672K, reserved 327680K

Heap Regions: E=young(eden), S=young(survivor), O=old, HS=humongous(starts), HC=humongous(continues), CS=collection set, F=free, OA=open archive, CA=closed archive, TAMS=top-at-mark-start (previous, next)
|   0|0x00000000e0000000, 0x00000000e0100000, 0x00000000e0100000|100%|HS|  |TAMS 0x00000000e0100000, 0x00000000e0000000| Complete 
|   1|0x00000000e0100000, 0x00000000e0200000, 0x00000000e0200000|100%|HC|  |TAMS 0x00000000e0200000, 0x00000000e0100000| Complete 
|   2|0x00000000e0200000, 0x00000000e0300000, 0x00000000e0300000|100%|HC|  |TAMS 0x00000000e0300000, 0x00000000e0200000| Complete 
|   3|0x00000000e0300000, 0x00000000e0400000, 0x00000000e0400000|100%|HC|  |TAMS 0x00000000e0400000, 0x00000000e0300000| Complete 
|   4|0x00000000e0400000, 0x00000000e0500000, 0x00000000e0500000|100%| O|  |TAMS 0x00000000e0500000, 0x00000000e0400000| Untracked 
|   5|0x00000000e0500000, 0x00000000e0600000, 0x00000000e0600000|100%| O|  |TAMS 0x00000000e0600000, 0x00000000e0500000| Untracked 
|   6|0x00000000e0600000, 0x00000000e0700000, 0x00000000e0700000|100%| O|  |TAMS 0x00000000e0700000, 0x00000000e0600000| Untracked 
|   7|0x00000000e0700000, 0x00000000e0800000, 0x00000000e0800000|100%| O|  |TAMS 0x00000000e0800000, 0x00000000e0700000| Untracked 
|   8|0x00000000e0800000, 0x00000000e0900000, 0x00000000e0900000|100%| O|  |TAMS 0x00000000e0900000, 0x00000000e0800000| Untracked 
|   9|0x00000000e0900000, 0x00000000e0a00000, 0x00000000e0a00000|100%| O|  |TAMS 0x00000000e0a00000, 0x00000000e0900000| Untracked 
|  10|0x00000000e0a00000, 0x00000000e0a2de00, 0x00000000e0b00000| 17%| O|  |TAMS 0x00000000e0a2de00, 0x00000000e0a00000| Untracked 
|  11|0x00000000e0b00000, 0x00000000e0b00000, 0x00000000e0c00000|  0%| F|  |TAMS 0x00000000e0b00000, 0x00000000e0b00000| Untracked 
|  12|0x00000000e0c00000, 0x00000000e0c00000, 0x00000000e0d00000|  0%| F|  |TAMS 0x00000000e0c00000, 0x00000000e0c00000| Untracked 
|  13|0x00000000e0d00000, 0x00000000e0d00000, 0x00000000e0e00000|  0%| F|  |TAMS 0x00000000e0d00000, 0x00000000e0d00000| Untracked 
|  14|0x00000000e0e00000, 0x00000000e0e00000, 0x00000000e0f00000|  0%| F|  |TAMS 0x00000000e0e00000, 0x00000000e0e00000| Untracked 
|  15|0x00000000e0f00000, 0x00000000e0f00000, 0x00000000e1000000|  0%| F|  |TAMS 0x00000000e0f00000, 0x00000000e0f00000| Untracked 
|  16|0x00000000e1000000, 0x00000000e1000000, 0x00000000e1100000|  0%| F|  |TAMS 0x00000000e1000000, 0x00000000e1000000| Untracked 
|  17|0x00000000e1100000, 0x00000000e1100000, 0x00000000e1200000|  0%| F|  |TAMS 0x00000000e1100000, 0x00000000e1100000| Untracked 
|  18|0x00000000e1200000, 0x00000000e1200000, 0x00000000e1300000|  0%| F|  |TAMS 0x00000000e1200000, 0x00000000e1200000| Untracked 
|  19|0x00000000e1300000, 0x00000000e1300000, 0x00000000e1400000|  0%| F|  |TAMS 0x00000000e1300000, 0x00000000e1300000| Untracked 
|  20|0x00000000e1400000, 0x00000000e1400000, 0x00000000e1500000|  0%| F|  |TAMS 0x00000000e1400000, 0x00000000e1400000| Untracked 
|  21|0x00000000e1500000, 0x00000000e1500000, 0x00000000e1600000|  0%| F|  |TAMS 0x00000000e1500000, 0x00000000e1500000| Untracked 
|  22|0x00000000e1600000, 0x00000000e1600000, 0x00000000e1700000|  0%| F|  |TAMS 0x00000000e1600000, 0x00000000e1600000| Untracked 
|  23|0x00000000e1700000, 0x00000000e1700000, 0x00000000e1800000|  0%| F|  |TAMS 0x00000000e1700000, 0x00000000e1700000| Untracked 
|  24|0x00000000e1800000, 0x00000000e1800000, 0x00000000e1900000|  0%| F|  |TAMS 0x00000000e1800000, 0x00000000e1800000| Untracked 
|  25|0x00000000e1900000, 0x00000000e1900000, 0x00000000e1a00000|  0%| F|  |TAMS 0x00000000e1900000, 0x00000000e1900000| Untracked 
|  26|0x00000000e1a00000, 0x00000000e1a00000, 0x00000000e1b00000|  0%| F|  |TAMS 0x00000000e1a00000, 0x00000000e1a00000| Untracked 
|  27|0x00000000e1b00000, 0x00000000e1b00000, 0x00000000e1c00000|  0%| F|  |TAMS 0x00000000e1b00000, 0x00000000e1b00000| Untracked 
|  28|0x00000000e1c00000, 0x00000000e1c00000, 0x00000000e1d00000|  0%| F|  |TAMS 0x00000000e1c00000, 0x00000000e1c00000| Untracked 
|  29|0x00000000e1d00000, 0x00000000e1d00000, 0x00000000e1e00000|  0%| F|  |TAMS 0x00000000e1d00000, 0x00000000e1d00000| Untracked 
|  30|0x00000000e1e00000, 0x00000000e1e00000, 0x00000000e1f00000|  0%| F|  |TAMS 0x00000000e1e00000, 0x00000000e1e00000| Untracked 
|  31|0x00000000e1f00000, 0x00000000e1f00000, 0x00000000e2000000|  0%| F|  |TAMS 0x00000000e1f00000, 0x00000000e1f00000| Untracked 
|  32|0x00000000e2000000, 0x00000000e2000000, 0x00000000e2100000|  0%| F|  |TAMS 0x00000000e2000000, 0x00000000e2000000| Untracked 
|  33|0x00000000e2100000, 0x00000000e2100000, 0x00000000e2200000|  0%| F|  |TAMS 0x00000000e2100000, 0x00000000e2100000| Untracked 
|  34|0x00000000e2200000, 0x00000000e2200000, 0x00000000e2300000|  0%| F|  |TAMS 0x00000000e2200000, 0x00000000e2200000| Untracked 
|  35|0x00000000e2300000, 0x00000000e2300000, 0x00000000e2400000|  0%| F|  |TAMS 0x00000000e2300000, 0x00000000e2300000| Untracked 
|  36|0x00000000e2400000, 0x00000000e2400000, 0x00000000e2500000|  0%| F|  |TAMS 0x00000000e2400000, 0x00000000e2400000| Untracked 
|  37|0x00000000e2500000, 0x00000000e2500000, 0x00000000e2600000|  0%| F|  |TAMS 0x00000000e2500000, 0x00000000e2500000| Untracked 
|  38|0x00000000e2600000, 0x00000000e2600000, 0x00000000e2700000|  0%| F|  |TAMS 0x00000000e2600000, 0x00000000e2600000| Untracked 
|  39|0x00000000e2700000, 0x00000000e2700000, 0x00000000e2800000|  0%| F|  |TAMS 0x00000000e2700000, 0x00000000e2700000| Untracked 
|  40|0x00000000e2800000, 0x00000000e2800000, 0x00000000e2900000|  0%| F|  |TAMS 0x00000000e2800000, 0x00000000e2800000| Untracked 
|  41|0x00000000e2900000, 0x00000000e2900000, 0x00000000e2a00000|  0%| F|  |TAMS 0x00000000e2900000, 0x00000000e2900000| Untracked 
|  42|0x00000000e2a00000, 0x00000000e2a00000, 0x00000000e2b00000|  0%| F|  |TAMS 0x00000000e2a00000, 0x00000000e2a00000| Untracked 
|  43|0x00000000e2b00000, 0x00000000e2b00000, 0x00000000e2c00000|  0%| F|  |TAMS 0x00000000e2b00000, 0x00000000e2b00000| Untracked 
|  44|0x00000000e2c00000, 0x00000000e2c00000, 0x00000000e2d00000|  0%| F|  |TAMS 0x00000000e2c00000, 0x00000000e2c00000| Untracked 
|  45|0x00000000e2d00000, 0x00000000e2d00000, 0x00000000e2e00000|  0%| F|  |TAMS 0x00000000e2d00000, 0x00000000e2d00000| Untracked 
|  46|0x00000000e2e00000, 0x00000000e2e00000, 0x00000000e2f00000|  0%| F|  |TAMS 0x00000000e2e00000, 0x00000000e2e00000| Untracked 
|  47|0x00000000e2f00000, 0x00000000e2f00000, 0x00000000e3000000|  0%| F|  |TAMS 0x00000000e2f00000, 0x00000000e2f00000| Untracked 
|  48|0x00000000e3000000, 0x00000000e3000000, 0x00000000e3100000|  0%| F|  |TAMS 0x00000000e3000000, 0x00000000e3000000| Untracked 
|  49|0x00000000e3100000, 0x00000000e3100000, 0x00000000e3200000|  0%| F|  |TAMS 0x00000000e3100000, 0x00000000e3100000| Untracked 
|  50|0x00000000e3200000, 0x00000000e3200000, 0x00000000e3300000|  0%| F|  |TAMS 0x00000000e3200000, 0x00000000e3200000| Untracked 
|  51|0x00000000e3300000, 0x00000000e3300000, 0x00000000e3400000|  0%| F|  |TAMS 0x00000000e3300000, 0x00000000e3300000| Untracked 
|  52|0x00000000e3400000, 0x00000000e3400000, 0x00000000e3500000|  0%| F|  |TAMS 0x00000000e3400000, 0x00000000e3400000| Untracked 
|  53|0x00000000e3500000, 0x00000000e3500000, 0x00000000e3600000|  0%| F|  |TAMS 0x00000000e3500000, 0x00000000e3500000| Untracked 
|  54|0x00000000e3600000, 0x00000000e3600000, 0x00000000e3700000|  0%| F|  |TAMS 0x00000000e3600000, 0x00000000e3600000| Untracked 
|  55|0x00000000e3700000, 0x00000000e3700000, 0x00000000e3800000|  0%| F|  |TAMS 0x00000000e3700000, 0x00000000e3700000| Untracked 
|  56|0x00000000e3800000, 0x00000000e3800000, 0x00000000e3900000|  0%| F|  |TAMS 0x00000000e3800000, 0x00000000e3800000| Untracked 
|  57|0x00000000e3900000, 0x00000000e3900000, 0x00000000e3a00000|  0%| F|  |TAMS 0x00000000e3900000, 0x00000000e3900000| Untracked 
|  58|0x00000000e3a00000, 0x00000000e3a00000, 0x00000000e3b00000|  0%| F|  |TAMS 0x00000000e3a00000, 0x00000000e3a00000| Untracked 
|  59|0x00000000e3b00000, 0x00000000e3b00000, 0x00000000e3c00000|  0%| F|  |TAMS 0x00000000e3b00000, 0x00000000e3b00000| Untracked 
|  60|0x00000000e3c00000, 0x00000000e3c00000, 0x00000000e3d00000|  0%| F|  |TAMS 0x00000000e3c00000, 0x00000000e3c00000| Untracked 
|  61|0x00000000e3d00000, 0x00000000e3d00000, 0x00000000e3e00000|  0%| F|  |TAMS 0x00000000e3d00000, 0x00000000e3d00000| Untracked 
|  62|0x00000000e3e00000, 0x00000000e3e00000, 0x00000000e3f00000|  0%| F|  |TAMS 0x00000000e3e00000, 0x00000000e3e00000| Untracked 
|  63|0x00000000e3f00000, 0x00000000e3f00000, 0x00000000e4000000|  0%| F|  |TAMS 0x00000000e3f00000, 0x00000000e3f00000| Untracked 
|  64|0x00000000e4000000, 0x00000000e4000000, 0x00000000e4100000|  0%| F|  |TAMS 0x00000000e4000000, 0x00000000e4000000| Untracked 
|  65|0x00000000e4100000, 0x00000000e4100000, 0x00000000e4200000|  0%| F|  |TAMS 0x00000000e4100000, 0x00000000e4100000| Untracked 
|  66|0x00000000e4200000, 0x00000000e4200000, 0x00000000e4300000|  0%| F|  |TAMS 0x00000000e4200000, 0x00000000e4200000| Untracked 
|  67|0x00000000e4300000, 0x00000000e4300000, 0x00000000e4400000|  0%| F|  |TAMS 0x00000000e4300000, 0x00000000e4300000| Untracked 
|  68|0x00000000e4400000, 0x00000000e4400000, 0x00000000e4500000|  0%| F|  |TAMS 0x00000000e4400000, 0x00000000e4400000| Untracked 
|  69|0x00000000e4500000, 0x00000000e4500000, 0x00000000e4600000|  0%| F|  |TAMS 0x00000000e4500000, 0x00000000e4500000| Untracked 
|  70|0x00000000e4600000, 0x00000000e4600000, 0x00000000e4700000|  0%| F|  |TAMS 0x00000000e4600000, 0x00000000e4600000| Untracked 
|  71|0x00000000e4700000, 0x00000000e4700000, 0x00000000e4800000|  0%| F|  |TAMS 0x00000000e4700000, 0x00000000e4700000| Untracked 
|  72|0x00000000e4800000, 0x00000000e4800000, 0x00000000e4900000|  0%| F|  |TAMS 0x00000000e4800000, 0x00000000e4800000| Untracked 
|  73|0x00000000e4900000, 0x00000000e4900000, 0x00000000e4a00000|  0%| F|  |TAMS 0x00000000e4900000, 0x00000000e4900000| Untracked 
|  74|0x00000000e4a00000, 0x00000000e4a00000, 0x00000000e4b00000|  0%| F|  |TAMS 0x00000000e4a00000, 0x00000000e4a00000| Untracked 
|  75|0x00000000e4b00000, 0x00000000e4b00000, 0x00000000e4c00000|  0%| F|  |TAMS 0x00000000e4b00000, 0x00000000e4b00000| Untracked 
|  76|0x00000000e4c00000, 0x00000000e4c00000, 0x00000000e4d00000|  0%| F|  |TAMS 0x00000000e4c00000, 0x00000000e4c00000| Untracked 
|  77|0x00000000e4d00000, 0x00000000e4d00000, 0x00000000e4e00000|  0%| F|  |TAMS 0x00000000e4d00000, 0x00000000e4d00000| Untracked 
|  78|0x00000000e4e00000, 0x00000000e4e00000, 0x00000000e4f00000|  0%| F|  |TAMS 0x00000000e4e00000, 0x00000000e4e00000| Untracked 
|  79|0x00000000e4f00000, 0x00000000e4f00000, 0x00000000e5000000|  0%| F|  |TAMS 0x00000000e4f00000, 0x00000000e4f00000| Untracked 
|  80|0x00000000e5000000, 0x00000000e5000000, 0x00000000e5100000|  0%| F|  |TAMS 0x00000000e5000000, 0x00000000e5000000| Untracked 
|  81|0x00000000e5100000, 0x00000000e5100000, 0x00000000e5200000|  0%| F|  |TAMS 0x00000000e5100000, 0x00000000e5100000| Untracked 
|  82|0x00000000e5200000, 0x00000000e5200000, 0x00000000e5300000|  0%| F|  |TAMS 0x00000000e5200000, 0x00000000e5200000| Untracked 
|  83|0x00000000e5300000, 0x00000000e5300000, 0x00000000e5400000|  0%| F|  |TAMS 0x00000000e5300000, 0x00000000e5300000| Untracked 
|  84|0x00000000e5400000, 0x00000000e5400000, 0x00000000e5500000|  0%| F|  |TAMS 0x00000000e5400000, 0x00000000e5400000| Untracked 
|  85|0x00000000e5500000, 0x00000000e5500000, 0x00000000e5600000|  0%| F|  |TAMS 0x00000000e5500000, 0x00000000e5500000| Untracked 
|  86|0x00000000e5600000, 0x00000000e5600000, 0x00000000e5700000|  0%| F|  |TAMS 0x00000000e5600000, 0x00000000e5600000| Untracked 
|  87|0x00000000e5700000, 0x00000000e5700000, 0x00000000e5800000|  0%| F|  |TAMS 0x00000000e5700000, 0x00000000e5700000| Untracked 
|  88|0x00000000e5800000, 0x00000000e5800000, 0x00000000e5900000|  0%| F|  |TAMS 0x00000000e5800000, 0x00000000e5800000| Untracked 
|  89|0x00000000e5900000, 0x00000000e5900000, 0x00000000e5a00000|  0%| F|  |TAMS 0x00000000e5900000, 0x00000000e5900000| Untracked 
|  90|0x00000000e5a00000, 0x00000000e5a00000, 0x00000000e5b00000|  0%| F|  |TAMS 0x00000000e5a00000, 0x00000000e5a00000| Untracked 
|  91|0x00000000e5b00000, 0x00000000e5b00000, 0x00000000e5c00000|  0%| F|  |TAMS 0x00000000e5b00000, 0x00000000e5b00000| Untracked 
|  92|0x00000000e5c00000, 0x00000000e5c00000, 0x00000000e5d00000|  0%| F|  |TAMS 0x00000000e5c00000, 0x00000000e5c00000| Untracked 
|  93|0x00000000e5d00000, 0x00000000e5d00000, 0x00000000e5e00000|  0%| F|  |TAMS 0x00000000e5d00000, 0x00000000e5d00000| Untracked 
|  94|0x00000000e5e00000, 0x00000000e5e00000, 0x00000000e5f00000|  0%| F|  |TAMS 0x00000000e5e00000, 0x00000000e5e00000| Untracked 
|  95|0x00000000e5f00000, 0x00000000e5f00000, 0x00000000e6000000|  0%| F|  |TAMS 0x00000000e5f00000, 0x00000000e5f00000| Untracked 
|  96|0x00000000e6000000, 0x00000000e6000000, 0x00000000e6100000|  0%| F|  |TAMS 0x00000000e6000000, 0x00000000e6000000| Untracked 
|  97|0x00000000e6100000, 0x00000000e6100000, 0x00000000e6200000|  0%| F|  |TAMS 0x00000000e6100000, 0x00000000e6100000| Untracked 
|  98|0x00000000e6200000, 0x00000000e6200000, 0x00000000e6300000|  0%| F|  |TAMS 0x00000000e6200000, 0x00000000e6200000| Untracked 
|  99|0x00000000e6300000, 0x00000000e6300000, 0x00000000e6400000|  0%| F|  |TAMS 0x00000000e6300000, 0x00000000e6300000| Untracked 
| 100|0x00000000e6400000, 0x00000000e6400000, 0x00000000e6500000|  0%| F|  |TAMS 0x00000000e6400000, 0x00000000e6400000| Untracked 
| 101|0x00000000e6500000, 0x00000000e6500000, 0x00000000e6600000|  0%| F|  |TAMS 0x00000000e6500000, 0x00000000e6500000| Untracked 
| 102|0x00000000e6600000, 0x00000000e6600000, 0x00000000e6700000|  0%| F|  |TAMS 0x00000000e6600000, 0x00000000e6600000| Untracked 
| 103|0x00000000e6700000, 0x00000000e6700000, 0x00000000e6800000|  0%| F|  |TAMS 0x00000000e6700000, 0x00000000e6700000| Untracked 
| 104|0x00000000e6800000, 0x00000000e6800000, 0x00000000e6900000|  0%| F|  |TAMS 0x00000000e6800000, 0x00000000e6800000| Untracked 
| 105|0x00000000e6900000, 0x00000000e6900000, 0x00000000e6a00000|  0%| F|  |TAMS 0x00000000e6900000, 0x00000000e6900000| Untracked 
| 106|0x00000000e6a00000, 0x00000000e6a00000, 0x00000000e6b00000|  0%| F|  |TAMS 0x00000000e6a00000, 0x00000000e6a00000| Untracked 
| 107|0x00000000e6b00000, 0x00000000e6b00000, 0x00000000e6c00000|  0%| F|  |TAMS 0x00000000e6b00000, 0x00000000e6b00000| Untracked 
| 108|0x00000000e6c00000, 0x00000000e6c00000, 0x00000000e6d00000|  0%| F|  |TAMS 0x00000000e6c00000, 0x00000000e6c00000| Untracked 
| 109|0x00000000e6d00000, 0x00000000e6d00000, 0x00000000e6e00000|  0%| F|  |TAMS 0x00000000e6d00000, 0x00000000e6d00000| Untracked 
| 110|0x00000000e6e00000, 0x00000000e6e00000, 0x00000000e6f00000|  0%| F|  |TAMS 0x00000000e6e00000, 0x00000000e6e00000| Untracked 
| 111|0x00000000e6f00000, 0x00000000e6f00000, 0x00000000e7000000|  0%| F|  |TAMS 0x00000000e6f00000, 0x00000000e6f00000| Untracked 
| 112|0x00000000e7000000, 0x00000000e7000000, 0x00000000e7100000|  0%| F|  |TAMS 0x00000000e7000000, 0x00000000e7000000| Untracked 
| 113|0x00000000e7100000, 0x00000000e7100000, 0x00000000e7200000|  0%| F|  |TAMS 0x00000000e7100000, 0x00000000e7100000| Untracked 
| 114|0x00000000e7200000, 0x00000000e7200000, 0x00000000e7300000|  0%| F|  |TAMS 0x00000000e7200000, 0x00000000e7200000| Untracked 
| 115|0x00000000e7300000, 0x00000000e7300000, 0x00000000e7400000|  0%| F|  |TAMS 0x00000000e7300000, 0x00000000e7300000| Untracked 
| 116|0x00000000e7400000, 0x00000000e7400000, 0x00000000e7500000|  0%| F|  |TAMS 0x00000000e7400000, 0x00000000e7400000| Untracked 
| 117|0x00000000e7500000, 0x00000000e7500000, 0x00000000e7600000|  0%| F|  |TAMS 0x00000000e7500000, 0x00000000e7500000| Untracked 
| 118|0x00000000e7600000, 0x00000000e7600000, 0x00000000e7700000|  0%| F|  |TAMS 0x00000000e7600000, 0x00000000e7600000| Untracked 
| 119|0x00000000e7700000, 0x00000000e7700000, 0x00000000e7800000|  0%| F|  |TAMS 0x00000000e7700000, 0x00000000e7700000| Untracked 
| 120|0x00000000e7800000, 0x00000000e7800000, 0x00000000e7900000|  0%| F|  |TAMS 0x00000000e7800000, 0x00000000e7800000| Untracked 
| 121|0x00000000e7900000, 0x00000000e7900000, 0x00000000e7a00000|  0%| F|  |TAMS 0x00000000e7900000, 0x00000000e7900000| Untracked 
| 122|0x00000000e7a00000, 0x00000000e7a00000, 0x00000000e7b00000|  0%| F|  |TAMS 0x00000000e7a00000, 0x00000000e7a00000| Untracked 
| 123|0x00000000e7b00000, 0x00000000e7b00000, 0x00000000e7c00000|  0%| F|  |TAMS 0x00000000e7b00000, 0x00000000e7b00000| Untracked 
| 124|0x00000000e7c00000, 0x00000000e7c00000, 0x00000000e7d00000|  0%| F|  |TAMS 0x00000000e7c00000, 0x00000000e7c00000| Untracked 
| 125|0x00000000e7d00000, 0x00000000e7d6bd68, 0x00000000e7e00000| 42%| S|CS|TAMS 0x00000000e7d00000, 0x00000000e7d00000| Complete 
| 126|0x00000000e7e00000, 0x00000000e7f00000, 0x00000000e7f00000|100%| S|CS|TAMS 0x00000000e7e00000, 0x00000000e7e00000| Complete 
| 127|0x00000000e7f00000, 0x00000000e8000000, 0x00000000e8000000|100%| S|CS|TAMS 0x00000000e7f00000, 0x00000000e7f00000| Complete 
| 128|0x00000000e8000000, 0x00000000e8100000, 0x00000000e8100000|100%| S|CS|TAMS 0x00000000e8000000, 0x00000000e8000000| Complete 
| 129|0x00000000e8100000, 0x00000000e8200000, 0x00000000e8200000|100%| S|CS|TAMS 0x00000000e8100000, 0x00000000e8100000| Complete 
| 130|0x00000000e8200000, 0x00000000e8300000, 0x00000000e8300000|100%| S|CS|TAMS 0x00000000e8200000, 0x00000000e8200000| Complete 
| 131|0x00000000e8300000, 0x00000000e8400000, 0x00000000e8400000|100%| S|CS|TAMS 0x00000000e8300000, 0x00000000e8300000| Complete 
| 132|0x00000000e8400000, 0x00000000e8500000, 0x00000000e8500000|100%| S|CS|TAMS 0x00000000e8400000, 0x00000000e8400000| Complete 
| 133|0x00000000e8500000, 0x00000000e8600000, 0x00000000e8600000|100%| S|CS|TAMS 0x00000000e8500000, 0x00000000e8500000| Complete 
| 134|0x00000000e8600000, 0x00000000e8700000, 0x00000000e8700000|100%| S|CS|TAMS 0x00000000e8600000, 0x00000000e8600000| Complete 
| 135|0x00000000e8700000, 0x00000000e8800000, 0x00000000e8800000|100%| S|CS|TAMS 0x00000000e8700000, 0x00000000e8700000| Complete 
| 136|0x00000000e8800000, 0x00000000e8900000, 0x00000000e8900000|100%| S|CS|TAMS 0x00000000e8800000, 0x00000000e8800000| Complete 
| 137|0x00000000e8900000, 0x00000000e8900000, 0x00000000e8a00000|  0%| F|  |TAMS 0x00000000e8900000, 0x00000000e8900000| Untracked 
| 138|0x00000000e8a00000, 0x00000000e8a00000, 0x00000000e8b00000|  0%| F|  |TAMS 0x00000000e8a00000, 0x00000000e8a00000| Untracked 
| 139|0x00000000e8b00000, 0x00000000e8b00000, 0x00000000e8c00000|  0%| F|  |TAMS 0x00000000e8b00000, 0x00000000e8b00000| Untracked 
| 140|0x00000000e8c00000, 0x00000000e8c00000, 0x00000000e8d00000|  0%| F|  |TAMS 0x00000000e8c00000, 0x00000000e8c00000| Untracked 
| 141|0x00000000e8d00000, 0x00000000e8d00000, 0x00000000e8e00000|  0%| F|  |TAMS 0x00000000e8d00000, 0x00000000e8d00000| Untracked 
| 142|0x00000000e8e00000, 0x00000000e8e00000, 0x00000000e8f00000|  0%| F|  |TAMS 0x00000000e8e00000, 0x00000000e8e00000| Untracked 
| 143|0x00000000e8f00000, 0x00000000e8f00000, 0x00000000e9000000|  0%| F|  |TAMS 0x00000000e8f00000, 0x00000000e8f00000| Untracked 
| 144|0x00000000e9000000, 0x00000000e9000000, 0x00000000e9100000|  0%| F|  |TAMS 0x00000000e9000000, 0x00000000e9000000| Untracked 
| 145|0x00000000e9100000, 0x00000000e9100000, 0x00000000e9200000|  0%| F|  |TAMS 0x00000000e9100000, 0x00000000e9100000| Untracked 
| 146|0x00000000e9200000, 0x00000000e9200000, 0x00000000e9300000|  0%| F|  |TAMS 0x00000000e9200000, 0x00000000e9200000| Untracked 
| 147|0x00000000e9300000, 0x00000000e9300000, 0x00000000e9400000|  0%| F|  |TAMS 0x00000000e9300000, 0x00000000e9300000| Untracked 
| 148|0x00000000e9400000, 0x00000000e9400000, 0x00000000e9500000|  0%| F|  |TAMS 0x00000000e9400000, 0x00000000e9400000| Untracked 
| 149|0x00000000e9500000, 0x00000000e9500000, 0x00000000e9600000|  0%| F|  |TAMS 0x00000000e9500000, 0x00000000e9500000| Untracked 
| 150|0x00000000e9600000, 0x00000000e9600000, 0x00000000e9700000|  0%| F|  |TAMS 0x00000000e9600000, 0x00000000e9600000| Untracked 
| 151|0x00000000e9700000, 0x00000000e9700000, 0x00000000e9800000|  0%| F|  |TAMS 0x00000000e9700000, 0x00000000e9700000| Untracked 
| 152|0x00000000e9800000, 0x00000000e9800000, 0x00000000e9900000|  0%| F|  |TAMS 0x00000000e9800000, 0x00000000e9800000| Untracked 
| 153|0x00000000e9900000, 0x00000000e9900000, 0x00000000e9a00000|  0%| F|  |TAMS 0x00000000e9900000, 0x00000000e9900000| Untracked 
| 154|0x00000000e9a00000, 0x00000000e9a00000, 0x00000000e9b00000|  0%| F|  |TAMS 0x00000000e9a00000, 0x00000000e9a00000| Untracked 
| 155|0x00000000e9b00000, 0x00000000e9b00000, 0x00000000e9c00000|  0%| F|  |TAMS 0x00000000e9b00000, 0x00000000e9b00000| Untracked 
| 156|0x00000000e9c00000, 0x00000000e9c00000, 0x00000000e9d00000|  0%| F|  |TAMS 0x00000000e9c00000, 0x00000000e9c00000| Untracked 
| 157|0x00000000e9d00000, 0x00000000e9d00000, 0x00000000e9e00000|  0%| F|  |TAMS 0x00000000e9d00000, 0x00000000e9d00000| Untracked 
| 158|0x00000000e9e00000, 0x00000000e9e00000, 0x00000000e9f00000|  0%| F|  |TAMS 0x00000000e9e00000, 0x00000000e9e00000| Untracked 
| 159|0x00000000e9f00000, 0x00000000e9f00000, 0x00000000ea000000|  0%| F|  |TAMS 0x00000000e9f00000, 0x00000000e9f00000| Untracked 
| 160|0x00000000ea000000, 0x00000000ea000000, 0x00000000ea100000|  0%| F|  |TAMS 0x00000000ea000000, 0x00000000ea000000| Untracked 
| 161|0x00000000ea100000, 0x00000000ea100000, 0x00000000ea200000|  0%| F|  |TAMS 0x00000000ea100000, 0x00000000ea100000| Untracked 
| 162|0x00000000ea200000, 0x00000000ea200000, 0x00000000ea300000|  0%| F|  |TAMS 0x00000000ea200000, 0x00000000ea200000| Untracked 
| 163|0x00000000ea300000, 0x00000000ea300000, 0x00000000ea400000|  0%| F|  |TAMS 0x00000000ea300000, 0x00000000ea300000| Untracked 
| 164|0x00000000ea400000, 0x00000000ea400000, 0x00000000ea500000|  0%| F|  |TAMS 0x00000000ea400000, 0x00000000ea400000| Untracked 
| 165|0x00000000ea500000, 0x00000000ea500000, 0x00000000ea600000|  0%| F|  |TAMS 0x00000000ea500000, 0x00000000ea500000| Untracked 
| 166|0x00000000ea600000, 0x00000000ea600000, 0x00000000ea700000|  0%| F|  |TAMS 0x00000000ea600000, 0x00000000ea600000| Untracked 
| 167|0x00000000ea700000, 0x00000000ea700000, 0x00000000ea800000|  0%| F|  |TAMS 0x00000000ea700000, 0x00000000ea700000| Untracked 
| 168|0x00000000ea800000, 0x00000000ea800000, 0x00000000ea900000|  0%| F|  |TAMS 0x00000000ea800000, 0x00000000ea800000| Untracked 
| 169|0x00000000ea900000, 0x00000000ea900000, 0x00000000eaa00000|  0%| F|  |TAMS 0x00000000ea900000, 0x00000000ea900000| Untracked 
| 170|0x00000000eaa00000, 0x00000000eaa00000, 0x00000000eab00000|  0%| F|  |TAMS 0x00000000eaa00000, 0x00000000eaa00000| Untracked 
| 171|0x00000000eab00000, 0x00000000eab00000, 0x00000000eac00000|  0%| F|  |TAMS 0x00000000eab00000, 0x00000000eab00000| Untracked 
| 172|0x00000000eac00000, 0x00000000eac00000, 0x00000000ead00000|  0%| F|  |TAMS 0x00000000eac00000, 0x00000000eac00000| Untracked 
| 173|0x00000000ead00000, 0x00000000ead00000, 0x00000000eae00000|  0%| F|  |TAMS 0x00000000ead00000, 0x00000000ead00000| Untracked 
| 174|0x00000000eae00000, 0x00000000eae00000, 0x00000000eaf00000|  0%| F|  |TAMS 0x00000000eae00000, 0x00000000eae00000| Untracked 
| 175|0x00000000eaf00000, 0x00000000eaf00000, 0x00000000eb000000|  0%| F|  |TAMS 0x00000000eaf00000, 0x00000000eaf00000| Untracked 
| 176|0x00000000eb000000, 0x00000000eb000000, 0x00000000eb100000|  0%| F|  |TAMS 0x00000000eb000000, 0x00000000eb000000| Untracked 
| 177|0x00000000eb100000, 0x00000000eb100000, 0x00000000eb200000|  0%| F|  |TAMS 0x00000000eb100000, 0x00000000eb100000| Untracked 
| 178|0x00000000eb200000, 0x00000000eb200000, 0x00000000eb300000|  0%| F|  |TAMS 0x00000000eb200000, 0x00000000eb200000| Untracked 
| 179|0x00000000eb300000, 0x00000000eb380800, 0x00000000eb400000| 50%| E|  |TAMS 0x00000000eb300000, 0x00000000eb300000| Complete 
| 180|0x00000000eb400000, 0x00000000eb500000, 0x00000000eb500000|100%| E|CS|TAMS 0x00000000eb400000, 0x00000000eb400000| Complete 
| 181|0x00000000eb500000, 0x00000000eb600000, 0x00000000eb600000|100%| E|CS|TAMS 0x00000000eb500000, 0x00000000eb500000| Complete 
| 182|0x00000000eb600000, 0x00000000eb700000, 0x00000000eb700000|100%| E|CS|TAMS 0x00000000eb600000, 0x00000000eb600000| Complete 
| 183|0x00000000eb700000, 0x00000000eb800000, 0x00000000eb800000|100%| E|CS|TAMS 0x00000000eb700000, 0x00000000eb700000| Complete 
| 184|0x00000000eb800000, 0x00000000eb900000, 0x00000000eb900000|100%| E|CS|TAMS 0x00000000eb800000, 0x00000000eb800000| Complete 
| 185|0x00000000eb900000, 0x00000000eba00000, 0x00000000eba00000|100%| E|CS|TAMS 0x00000000eb900000, 0x00000000eb900000| Complete 
| 186|0x00000000eba00000, 0x00000000ebb00000, 0x00000000ebb00000|100%| E|CS|TAMS 0x00000000eba00000, 0x00000000eba00000| Complete 
| 187|0x00000000ebb00000, 0x00000000ebc00000, 0x00000000ebc00000|100%| E|CS|TAMS 0x00000000ebb00000, 0x00000000ebb00000| Complete 
| 188|0x00000000ebc00000, 0x00000000ebd00000, 0x00000000ebd00000|100%| E|CS|TAMS 0x00000000ebc00000, 0x00000000ebc00000| Complete 
| 189|0x00000000ebd00000, 0x00000000ebe00000, 0x00000000ebe00000|100%| E|CS|TAMS 0x00000000ebd00000, 0x00000000ebd00000| Complete 
| 190|0x00000000ebe00000, 0x00000000ebf00000, 0x00000000ebf00000|100%| E|CS|TAMS 0x00000000ebe00000, 0x00000000ebe00000| Complete 
| 191|0x00000000ebf00000, 0x00000000ec000000, 0x00000000ec000000|100%| E|CS|TAMS 0x00000000ebf00000, 0x00000000ebf00000| Complete 
| 192|0x00000000ec000000, 0x00000000ec100000, 0x00000000ec100000|100%| E|CS|TAMS 0x00000000ec000000, 0x00000000ec000000| Complete 
| 193|0x00000000ec100000, 0x00000000ec200000, 0x00000000ec200000|100%| E|  |TAMS 0x00000000ec100000, 0x00000000ec100000| Complete 
| 194|0x00000000ec200000, 0x00000000ec300000, 0x00000000ec300000|100%| E|CS|TAMS 0x00000000ec200000, 0x00000000ec200000| Complete 
| 195|0x00000000ec300000, 0x00000000ec400000, 0x00000000ec400000|100%| E|CS|TAMS 0x00000000ec300000, 0x00000000ec300000| Complete 
| 196|0x00000000ec400000, 0x00000000ec500000, 0x00000000ec500000|100%| E|CS|TAMS 0x00000000ec400000, 0x00000000ec400000| Complete 
| 197|0x00000000ec500000, 0x00000000ec600000, 0x00000000ec600000|100%| E|CS|TAMS 0x00000000ec500000, 0x00000000ec500000| Complete 
| 198|0x00000000ec600000, 0x00000000ec700000, 0x00000000ec700000|100%| E|CS|TAMS 0x00000000ec600000, 0x00000000ec600000| Complete 
| 199|0x00000000ec700000, 0x00000000ec800000, 0x00000000ec800000|100%| E|CS|TAMS 0x00000000ec700000, 0x00000000ec700000| Complete 
| 200|0x00000000ec800000, 0x00000000ec900000, 0x00000000ec900000|100%| E|CS|TAMS 0x00000000ec800000, 0x00000000ec800000| Complete 
| 201|0x00000000ec900000, 0x00000000eca00000, 0x00000000eca00000|100%| E|CS|TAMS 0x00000000ec900000, 0x00000000ec900000| Complete 
| 202|0x00000000eca00000, 0x00000000ecb00000, 0x00000000ecb00000|100%| E|CS|TAMS 0x00000000eca00000, 0x00000000eca00000| Complete 
| 203|0x00000000ecb00000, 0x00000000ecc00000, 0x00000000ecc00000|100%| E|CS|TAMS 0x00000000ecb00000, 0x00000000ecb00000| Complete 
| 204|0x00000000ecc00000, 0x00000000ecd00000, 0x00000000ecd00000|100%| E|CS|TAMS 0x00000000ecc00000, 0x00000000ecc00000| Complete 
| 205|0x00000000ecd00000, 0x00000000ece00000, 0x00000000ece00000|100%| E|CS|TAMS 0x00000000ecd00000, 0x00000000ecd00000| Complete 
| 206|0x00000000ece00000, 0x00000000ecf00000, 0x00000000ecf00000|100%| E|CS|TAMS 0x00000000ece00000, 0x00000000ece00000| Complete 
| 207|0x00000000ecf00000, 0x00000000ed000000, 0x00000000ed000000|100%| E|CS|TAMS 0x00000000ecf00000, 0x00000000ecf00000| Complete 
| 208|0x00000000ed000000, 0x00000000ed100000, 0x00000000ed100000|100%| E|CS|TAMS 0x00000000ed000000, 0x00000000ed000000| Complete 
| 209|0x00000000ed100000, 0x00000000ed200000, 0x00000000ed200000|100%| E|CS|TAMS 0x00000000ed100000, 0x00000000ed100000| Complete 
| 210|0x00000000ed200000, 0x00000000ed300000, 0x00000000ed300000|100%| E|CS|TAMS 0x00000000ed200000, 0x00000000ed200000| Complete 
| 211|0x00000000ed300000, 0x00000000ed400000, 0x00000000ed400000|100%| E|CS|TAMS 0x00000000ed300000, 0x00000000ed300000| Complete 
| 212|0x00000000ed400000, 0x00000000ed500000, 0x00000000ed500000|100%| E|CS|TAMS 0x00000000ed400000, 0x00000000ed400000| Complete 
| 213|0x00000000ed500000, 0x00000000ed600000, 0x00000000ed600000|100%| E|CS|TAMS 0x00000000ed500000, 0x00000000ed500000| Complete 
| 214|0x00000000ed600000, 0x00000000ed700000, 0x00000000ed700000|100%| E|CS|TAMS 0x00000000ed600000, 0x00000000ed600000| Complete 
| 215|0x00000000ed700000, 0x00000000ed800000, 0x00000000ed800000|100%| E|CS|TAMS 0x00000000ed700000, 0x00000000ed700000| Complete 
| 216|0x00000000ed800000, 0x00000000ed900000, 0x00000000ed900000|100%| E|CS|TAMS 0x00000000ed800000, 0x00000000ed800000| Complete 
| 217|0x00000000ed900000, 0x00000000eda00000, 0x00000000eda00000|100%| E|CS|TAMS 0x00000000ed900000, 0x00000000ed900000| Complete 
| 218|0x00000000eda00000, 0x00000000edb00000, 0x00000000edb00000|100%| E|CS|TAMS 0x00000000eda00000, 0x00000000eda00000| Complete 
| 219|0x00000000edb00000, 0x00000000edc00000, 0x00000000edc00000|100%| E|CS|TAMS 0x00000000edb00000, 0x00000000edb00000| Complete 
| 220|0x00000000edc00000, 0x00000000edd00000, 0x00000000edd00000|100%| E|CS|TAMS 0x00000000edc00000, 0x00000000edc00000| Complete 
| 221|0x00000000edd00000, 0x00000000ede00000, 0x00000000ede00000|100%| E|CS|TAMS 0x00000000edd00000, 0x00000000edd00000| Complete 
| 222|0x00000000ede00000, 0x00000000edf00000, 0x00000000edf00000|100%| E|CS|TAMS 0x00000000ede00000, 0x00000000ede00000| Complete 
| 223|0x00000000edf00000, 0x00000000ee000000, 0x00000000ee000000|100%| E|CS|TAMS 0x00000000edf00000, 0x00000000edf00000| Complete 
| 224|0x00000000ee000000, 0x00000000ee100000, 0x00000000ee100000|100%| E|CS|TAMS 0x00000000ee000000, 0x00000000ee000000| Complete 
| 225|0x00000000ee100000, 0x00000000ee200000, 0x00000000ee200000|100%| E|CS|TAMS 0x00000000ee100000, 0x00000000ee100000| Complete 
| 226|0x00000000ee200000, 0x00000000ee300000, 0x00000000ee300000|100%| E|CS|TAMS 0x00000000ee200000, 0x00000000ee200000| Complete 
| 227|0x00000000ee300000, 0x00000000ee400000, 0x00000000ee400000|100%| E|CS|TAMS 0x00000000ee300000, 0x00000000ee300000| Complete 
| 228|0x00000000ee400000, 0x00000000ee500000, 0x00000000ee500000|100%| E|CS|TAMS 0x00000000ee400000, 0x00000000ee400000| Complete 
| 229|0x00000000ee500000, 0x00000000ee600000, 0x00000000ee600000|100%| E|CS|TAMS 0x00000000ee500000, 0x00000000ee500000| Complete 
| 230|0x00000000ee600000, 0x00000000ee700000, 0x00000000ee700000|100%| E|CS|TAMS 0x00000000ee600000, 0x00000000ee600000| Complete 
| 231|0x00000000ee700000, 0x00000000ee800000, 0x00000000ee800000|100%| E|CS|TAMS 0x00000000ee700000, 0x00000000ee700000| Complete 
| 232|0x00000000ee800000, 0x00000000ee900000, 0x00000000ee900000|100%| E|CS|TAMS 0x00000000ee800000, 0x00000000ee800000| Complete 
| 233|0x00000000ee900000, 0x00000000eea00000, 0x00000000eea00000|100%| E|CS|TAMS 0x00000000ee900000, 0x00000000ee900000| Complete 
| 234|0x00000000eea00000, 0x00000000eeb00000, 0x00000000eeb00000|100%| E|CS|TAMS 0x00000000eea00000, 0x00000000eea00000| Complete 
| 235|0x00000000eeb00000, 0x00000000eec00000, 0x00000000eec00000|100%| E|CS|TAMS 0x00000000eeb00000, 0x00000000eeb00000| Complete 
| 236|0x00000000eec00000, 0x00000000eed00000, 0x00000000eed00000|100%| E|CS|TAMS 0x00000000eec00000, 0x00000000eec00000| Complete 
| 237|0x00000000eed00000, 0x00000000eee00000, 0x00000000eee00000|100%| E|CS|TAMS 0x00000000eed00000, 0x00000000eed00000| Complete 
| 238|0x00000000eee00000, 0x00000000eef00000, 0x00000000eef00000|100%| E|CS|TAMS 0x00000000eee00000, 0x00000000eee00000| Complete 
| 239|0x00000000eef00000, 0x00000000ef000000, 0x00000000ef000000|100%| E|CS|TAMS 0x00000000eef00000, 0x00000000eef00000| Complete 
| 240|0x00000000ef000000, 0x00000000ef100000, 0x00000000ef100000|100%| E|CS|TAMS 0x00000000ef000000, 0x00000000ef000000| Complete 
| 241|0x00000000ef100000, 0x00000000ef200000, 0x00000000ef200000|100%| E|CS|TAMS 0x00000000ef100000, 0x00000000ef100000| Complete 
| 242|0x00000000ef200000, 0x00000000ef300000, 0x00000000ef300000|100%| E|CS|TAMS 0x00000000ef200000, 0x00000000ef200000| Complete 
| 243|0x00000000ef300000, 0x00000000ef400000, 0x00000000ef400000|100%| E|CS|TAMS 0x00000000ef300000, 0x00000000ef300000| Complete 
| 244|0x00000000ef400000, 0x00000000ef500000, 0x00000000ef500000|100%| E|CS|TAMS 0x00000000ef400000, 0x00000000ef400000| Complete 
| 245|0x00000000ef500000, 0x00000000ef600000, 0x00000000ef600000|100%| E|CS|TAMS 0x00000000ef500000, 0x00000000ef500000| Complete 
| 246|0x00000000ef600000, 0x00000000ef700000, 0x00000000ef700000|100%| E|CS|TAMS 0x00000000ef600000, 0x00000000ef600000| Complete 
| 247|0x00000000ef700000, 0x00000000ef800000, 0x00000000ef800000|100%| E|CS|TAMS 0x00000000ef700000, 0x00000000ef700000| Complete 
| 248|0x00000000ef800000, 0x00000000ef900000, 0x00000000ef900000|100%| E|CS|TAMS 0x00000000ef800000, 0x00000000ef800000| Complete 
| 249|0x00000000ef900000, 0x00000000efa00000, 0x00000000efa00000|100%| E|CS|TAMS 0x00000000ef900000, 0x00000000ef900000| Complete 
| 250|0x00000000efa00000, 0x00000000efb00000, 0x00000000efb00000|100%| E|CS|TAMS 0x00000000efa00000, 0x00000000efa00000| Complete 
| 251|0x00000000efb00000, 0x00000000efc00000, 0x00000000efc00000|100%| E|CS|TAMS 0x00000000efb00000, 0x00000000efb00000| Complete 
| 252|0x00000000efc00000, 0x00000000efd00000, 0x00000000efd00000|100%| E|CS|TAMS 0x00000000efc00000, 0x00000000efc00000| Complete 
| 253|0x00000000efd00000, 0x00000000efe00000, 0x00000000efe00000|100%| E|CS|TAMS 0x00000000efd00000, 0x00000000efd00000| Complete 
| 254|0x00000000efe00000, 0x00000000eff00000, 0x00000000eff00000|100%| E|CS|TAMS 0x00000000efe00000, 0x00000000efe00000| Complete 
| 255|0x00000000eff00000, 0x00000000f0000000, 0x00000000f0000000|100%| E|CS|TAMS 0x00000000eff00000, 0x00000000eff00000| Complete 

Card table byte_map: [0x0000024979550000,0x0000024979650000] _byte_map_base: 0x0000024978e50000

Marking Bits (Prev, Next): (CMBitMap*) 0x0000024962674f50, (CMBitMap*) 0x0000024962674f10
 Prev Bits: [0x0000024979f50000, 0x000002497a750000)
 Next Bits: [0x0000024979750000, 0x0000024979f50000)

Polling page: 0x0000024960640000

Metaspace:

Usage:
  Non-class:     26.90 MB used.
      Class:      4.42 MB used.
       Both:     31.32 MB used.

Virtual space:
  Non-class space:       64.00 MB reserved,      27.06 MB ( 42%) committed,  1 nodes.
      Class space:      320.00 MB reserved,       4.56 MB (  1%) committed,  1 nodes.
             Both:      384.00 MB reserved,      31.62 MB (  8%) committed. 

Chunk freelists:
   Non-Class:  4.25 MB
       Class:  11.44 MB
        Both:  15.69 MB

MaxMetaspaceSize: 384.00 MB
CompressedClassSpaceSize: 320.00 MB
Initial GC threshold: 21.00 MB
Current GC threshold: 35.12 MB
CDS: on
MetaspaceReclaimPolicy: balanced
 - commit_granule_bytes: 65536.
 - commit_granule_words: 8192.
 - virtual_space_node_default_size: 8388608.
 - enlarge_chunks_in_place: 1.
 - new_chunks_are_fully_committed: 0.
 - uncommit_free_chunks: 1.
 - use_allocation_guard: 0.
 - handle_deallocations: 1.


Internal statistics:

num_allocs_failed_limit: 3.
num_arena_births: 312.
num_arena_deaths: 0.
num_vsnodes_births: 2.
num_vsnodes_deaths: 0.
num_space_committed: 506.
num_space_uncommitted: 0.
num_chunks_returned_to_freelist: 3.
num_chunks_taken_from_freelist: 1413.
num_chunk_merges: 3.
num_chunk_splits: 957.
num_chunks_enlarged: 700.
num_inconsistent_stats: 0.

CodeHeap 'non-profiled nmethods': size=120000Kb used=2058Kb max_used=2058Kb free=117941Kb
 bounds [0x00000249719d0000, 0x0000024971c40000, 0x0000024978f00000]
CodeHeap 'profiled nmethods': size=120000Kb used=8057Kb max_used=8057Kb free=111942Kb
 bounds [0x0000024969f00000, 0x000002496a6e0000, 0x0000024971430000]
CodeHeap 'non-nmethods': size=5760Kb used=1590Kb max_used=1617Kb free=4169Kb
 bounds [0x0000024971430000, 0x00000249716a0000, 0x00000249719d0000]
 total_blobs=4537 nmethods=3884 adapters=565
 compilation: enabled
              stopped_count=0, restarted_count=0
 full_count=0

Compilation events (20 events):
Event: 69.599 Thread 0x000002497d3b20f0 nmethod 3881% 0x0000024971bcb910 code [0x0000024971bcbaa0, 0x0000024971bcbcc8]
Event: 69.620 Thread 0x000002497d3b20f0 3882       4       java.util.regex.Pattern$LastNode::match (45 bytes)
Event: 69.621 Thread 0x000002497d3b20f0 nmethod 3882 0x0000024971bcbf10 code [0x0000024971bcc080, 0x0000024971bcc178]
Event: 69.661 Thread 0x000002497d3b20f0 3883       4       jdk.internal.jrtfs.JrtPath::normalize (97 bytes)
Event: 69.663 Thread 0x000002497d3b20f0 nmethod 3883 0x0000024971bcc290 code [0x0000024971bcc420, 0x0000024971bcc5e8]
Event: 69.818 Thread 0x000002497d3b20f0 3884       4       java.util.regex.Pattern::compile (500 bytes)
Event: 70.300 Thread 0x000002497d3b20f0 nmethod 3884 0x0000024971bcc810 code [0x0000024971bccbc0, 0x0000024971bd0390]
Event: 70.301 Thread 0x000002497d3b20f0 3885       4       java.util.Spliterators$1Adapter::accept (11 bytes)
Event: 70.302 Thread 0x000002497d3b20f0 nmethod 3885 0x0000024971bd1790 code [0x0000024971bd1900, 0x0000024971bd1a38]
Event: 71.843 Thread 0x000002497d3b9ba0 3886       1       java.lang.management.DefaultPlatformMBeanProvider$7::mbeanInterfaceNames (5 bytes)
Event: 71.858 Thread 0x000002497d3b9ba0 nmethod 3886 0x0000024971bd1a90 code [0x0000024971bd1c20, 0x0000024971bd1cf8]
Event: 71.858 Thread 0x000002497d3b9ba0 3887       1       com.sun.management.internal.PlatformMBeanProviderImpl$2::mbeanInterfaceNames (5 bytes)
Event: 71.859 Thread 0x000002497d3b9ba0 nmethod 3887 0x0000024971bd1d90 code [0x0000024971bd1f20, 0x0000024971bd1ff8]
Event: 71.859 Thread 0x000002497d3b9ba0 3888       1       com.sun.management.internal.PlatformMBeanProviderImpl$3::mbeanInterfaceNames (5 bytes)
Event: 71.859 Thread 0x000002497d3b9ba0 nmethod 3888 0x0000024971bd2090 code [0x0000024971bd2220, 0x0000024971bd22f8]
Event: 71.859 Thread 0x000002497d3b9ba0 3889       1       java.lang.management.DefaultPlatformMBeanProvider$5::mbeanInterfaceNames (5 bytes)
Event: 71.859 Thread 0x000002497d3b9ba0 nmethod 3889 0x0000024971bd2390 code [0x0000024971bd2520, 0x0000024971bd25f8]
Event: 71.859 Thread 0x000002497d3b9ba0 3890       1       java.lang.management.DefaultPlatformMBeanProvider$6::mbeanInterfaceNames (5 bytes)
Event: 71.859 Thread 0x000002497d3b9ba0 nmethod 3890 0x0000024971bd2690 code [0x0000024971bd2820, 0x0000024971bd28f8]
Event: 72.530 Thread 0x000002497d3b20f0 3891       4       java.lang.String::split (327 bytes)

GC Heap History (6 events):
Event: 5.371 GC heap before
{Heap before GC invocations=0 (full 0):
 garbage-first heap   total 262144K, used 26624K [0x00000000e0000000, 0x0000000100000000)
  region size 1024K, 23 young (23552K), 0 survivors (0K)
 Metaspace       used 3024K, committed 3136K, reserved 393216K
  class space    used 387K, committed 448K, reserved 327680K
}
Event: 5.593 GC heap after
{Heap after GC invocations=1 (full 0):
 garbage-first heap   total 262144K, used 10533K [0x00000000e0000000, 0x0000000100000000)
  region size 1024K, 3 young (3072K), 3 survivors (3072K)
 Metaspace       used 3024K, committed 3136K, reserved 393216K
  class space    used 387K, committed 448K, reserved 327680K
}
Event: 8.736 GC heap before
{Heap before GC invocations=1 (full 0):
 garbage-first heap   total 262144K, used 38181K [0x00000000e0000000, 0x0000000100000000)
  region size 1024K, 30 young (30720K), 3 survivors (3072K)
 Metaspace       used 3994K, committed 4160K, reserved 393216K
  class space    used 491K, committed 576K, reserved 327680K
}
Event: 8.740 GC heap after
{Heap after GC invocations=2 (full 0):
 garbage-first heap   total 262144K, used 11193K [0x00000000e0000000, 0x0000000100000000)
  region size 1024K, 1 young (1024K), 1 survivors (1024K)
 Metaspace       used 3994K, committed 4160K, reserved 393216K
  class space    used 491K, committed 576K, reserved 327680K
}
Event: 24.027 GC heap before
{Heap before GC invocations=2 (full 0):
 garbage-first heap   total 262144K, used 131001K [0x00000000e0000000, 0x0000000100000000)
  region size 1024K, 119 young (121856K), 1 survivors (1024K)
 Metaspace       used 21270K, committed 21504K, reserved 393216K
  class space    used 3119K, committed 3264K, reserved 327680K
}
Event: 24.222 GC heap after
{Heap after GC invocations=3 (full 0):
 garbage-first heap   total 262144K, used 22118K [0x00000000e0000000, 0x0000000100000000)
  region size 1024K, 12 young (12288K), 12 survivors (12288K)
 Metaspace       used 21270K, committed 21504K, reserved 393216K
  class space    used 3119K, committed 3264K, reserved 327680K
}

Deoptimization events (20 events):
Event: 60.721 Thread 0x000002497d7d0a00 DEOPT PACKING pc=0x0000024971a4f85c sp=0x000000ae1d3f7cd0
Event: 60.721 Thread 0x000002497d7d0a00 DEOPT UNPACKING pc=0x00000249714823a3 sp=0x000000ae1d3f7c80 mode 2
Event: 61.538 Thread 0x000002497d7d0a00 DEOPT PACKING pc=0x000002496a364bdc sp=0x000000ae1d3f7390
Event: 61.538 Thread 0x000002497d7d0a00 DEOPT UNPACKING pc=0x0000024971482b43 sp=0x000000ae1d3f6910 mode 0
Event: 61.937 Thread 0x000002497d7d0a00 DEOPT PACKING pc=0x000002496a636e31 sp=0x000000ae1d3f7c90
Event: 61.937 Thread 0x000002497d7d0a00 DEOPT UNPACKING pc=0x0000024971482b43 sp=0x000000ae1d3f7180 mode 0
Event: 66.292 Thread 0x000002497d7d0a00 Uncommon trap: trap_request=0xffffff54 fr.pc=0x0000024971a832c0 relative=0x0000000000001200
Event: 66.292 Thread 0x000002497d7d0a00 Uncommon trap: reason=speculate_null_assert action=make_not_entrant pc=0x0000024971a832c0 method=jdk.internal.loader.URLClassPath$JarLoader.getResource(Ljava/lang/String;ZLjava/util/Set;)Ljdk/internal/loader/Resource; @ 17 c2
Event: 66.292 Thread 0x000002497d7d0a00 DEOPT PACKING pc=0x0000024971a832c0 sp=0x000000ae1d3f6a40
Event: 66.292 Thread 0x000002497d7d0a00 DEOPT UNPACKING pc=0x00000249714823a3 sp=0x000000ae1d3f69d8 mode 2
Event: 66.886 Thread 0x000002497d7d0a00 Uncommon trap: trap_request=0xffffffc6 fr.pc=0x0000024971b37e50 relative=0x0000000000004110
Event: 66.886 Thread 0x000002497d7d0a00 Uncommon trap: reason=bimorphic_or_optimized_type_check action=maybe_recompile pc=0x0000024971b37e50 method=java.net.URL.<init>(Ljava/net/URL;Ljava/lang/String;Ljava/net/URLStreamHandler;)V @ 504 c2
Event: 66.886 Thread 0x000002497d7d0a00 DEOPT PACKING pc=0x0000024971b37e50 sp=0x000000ae1d3f73f0
Event: 66.886 Thread 0x000002497d7d0a00 DEOPT UNPACKING pc=0x00000249714823a3 sp=0x000000ae1d3f7390 mode 2
Event: 68.474 Thread 0x000002497d7d0a00 Uncommon trap: trap_request=0xffffff6e fr.pc=0x0000024971bbceec relative=0x000000000000048c
Event: 68.474 Thread 0x000002497d7d0a00 Uncommon trap: reason=loop_limit_check action=maybe_recompile pc=0x0000024971bbceec method=java.util.regex.Pattern$Start.match(Ljava/util/regex/Matcher;ILjava/lang/CharSequence;)Z @ 34 c2
Event: 68.474 Thread 0x000002497d7d0a00 DEOPT PACKING pc=0x0000024971bbceec sp=0x000000ae1d3f7a40
Event: 68.474 Thread 0x000002497d7d0a00 DEOPT UNPACKING pc=0x00000249714823a3 sp=0x000000ae1d3f7980 mode 2
Event: 69.660 Thread 0x000002497d7d0a00 DEOPT PACKING pc=0x000002496a6b96a0 sp=0x000000ae1d3f77d0
Event: 69.661 Thread 0x000002497d7d0a00 DEOPT UNPACKING pc=0x0000024971482b43 sp=0x000000ae1d3f6ce0 mode 0

Classes unloaded (0 events):
No events

Classes redefined (0 events):
No events

Internal exceptions (20 events):
Event: 26.722 Thread 0x000002497d7d0a00 Exception <a 'java/lang/NoSuchMethodError'{0x00000000ee638510}: 'java.lang.Object java.lang.invoke.Invokers$Holder.linkToTargetMethod(java.lang.Object, java.lang.Object, java.lang.Object, java.lang.Object, java.lang.Object, java.lang.Object, java.lang.Object, java.lang.Object)'> (0x00000000ee638510) 
thrown [s\open\src\hotspot\share\interpreter\linkResolver.cpp, line 759]
Event: 26.736 Thread 0x000002497d7d0a00 Exception <a 'java/lang/IncompatibleClassChangeError'{0x00000000ee6a6238}: Found class java.lang.Object, but interface was expected> (0x00000000ee6a6238) 
thrown [s\open\src\hotspot\share\interpreter\linkResolver.cpp, line 826]
Event: 34.035 Thread 0x000002497d7d0a00 Exception <a 'java/lang/NoSuchMethodError'{0x00000000edb46558}: 'java.lang.Object java.lang.invoke.DirectMethodHandle$Holder.newInvokeSpecial(java.lang.Object, java.lang.Object, long)'> (0x00000000edb46558) 
thrown [s\open\src\hotspot\share\interpreter\linkResolver.cpp, line 759]
Event: 34.035 Thread 0x000002497d7d0a00 Exception <a 'java/lang/NoSuchMethodError'{0x00000000edb4ab68}: 'java.lang.Object java.lang.invoke.Invokers$Holder.linkToTargetMethod(java.lang.Object, long, java.lang.Object)'> (0x00000000edb4ab68) 
thrown [s\open\src\hotspot\share\interpreter\linkResolver.cpp, line 759]
Event: 34.120 Thread 0x000002497d7d0a00 Exception <a 'java/lang/NoSuchMethodError'{0x00000000eda38f28}: 'int java.lang.invoke.DirectMethodHandle$Holder.invokeInterface(java.lang.Object, java.lang.Object)'> (0x00000000eda38f28) 
thrown [s\open\src\hotspot\share\interpreter\linkResolver.cpp, line 759]
Event: 34.126 Thread 0x000002497d7d0a00 Exception <a 'java/lang/NoSuchMethodError'{0x00000000eda62420}: 'java.lang.Object java.lang.invoke.DirectMethodHandle$Holder.invokeStatic(java.lang.Object, java.lang.Object, int, java.lang.Object)'> (0x00000000eda62420) 
thrown [s\open\src\hotspot\share\interpreter\linkResolver.cpp, line 759]
Event: 34.127 Thread 0x000002497d7d0a00 Exception <a 'java/lang/NoSuchMethodError'{0x00000000eda6a1c0}: 'java.lang.Object java.lang.invoke.DirectMethodHandle$Holder.newInvokeSpecial(java.lang.Object, java.lang.Object, int, java.lang.Object)'> (0x00000000eda6a1c0) 
thrown [s\open\src\hotspot\share\interpreter\linkResolver.cpp, line 759]
Event: 34.128 Thread 0x000002497d7d0a00 Exception <a 'java/lang/NoSuchMethodError'{0x00000000eda6eaa8}: 'java.lang.Object java.lang.invoke.DirectMethodHandle$Holder.invokeSpecial(java.lang.Object, java.lang.Object, java.lang.Object, int, java.lang.Object)'> (0x00000000eda6eaa8) 
thrown [s\open\src\hotspot\share\interpreter\linkResolver.cpp, line 759]
Event: 51.805 Thread 0x000002497d7d0a00 Implicit null exception at 0x0000024971b7611a to 0x0000024971b765f8
Event: 53.677 Thread 0x000002497d7d0a00 Exception <a 'java/lang/NoSuchMethodError'{0x00000000ed0d17e0}: 'void java.lang.invoke.DirectMethodHandle$Holder.invokeStaticInit(java.lang.Object, java.lang.Object, java.lang.Object)'> (0x00000000ed0d17e0) 
thrown [s\open\src\hotspot\share\interpreter\linkResolver.cpp, line 759]
Event: 53.685 Thread 0x000002497d7d0a00 Exception <a 'java/lang/NoSuchMethodError'{0x00000000ed0d8c80}: 'void java.lang.invoke.DirectMethodHandle$Holder.invokeStaticInit(java.lang.Object, java.lang.Object, java.lang.Object, java.lang.Object)'> (0x00000000ed0d8c80) 
thrown [s\open\src\hotspot\share\interpreter\linkResolver.cpp, line 759]
Event: 54.707 Thread 0x000002497d7d0a00 Exception <a 'java/lang/NoSuchMethodError'{0x00000000ed0fb210}: 'void java.lang.invoke.DirectMethodHandle$Holder.invokeStaticInit(java.lang.Object, java.lang.Object, java.lang.Object, java.lang.Object, java.lang.Object)'> (0x00000000ed0fb210) 
thrown [s\open\src\hotspot\share\interpreter\linkResolver.cpp, line 759]
Event: 55.187 Thread 0x000002497d7d0a00 Exception <a 'java/lang/NoSuchMethodError'{0x00000000ecf92950}: 'int java.lang.invoke.DirectMethodHandle$Holder.invokeStaticInit(java.lang.Object, java.lang.Object, java.lang.Object, java.lang.Object)'> (0x00000000ecf92950) 
thrown [s\open\src\hotspot\share\interpreter\linkResolver.cpp, line 759]
Event: 66.299 Thread 0x000002497d7d0a00 Exception <a 'java/lang/ClassNotFoundException'{0x00000000ec5f7c30}: groovy/lang/ExpandoMetaClassBeanInfo> (0x00000000ec5f7c30) 
thrown [s\open\src\hotspot\share\classfile\systemDictionary.cpp, line 256]
Event: 66.317 Thread 0x000002497d7d0a00 Exception <a 'java/lang/ClassNotFoundException'{0x00000000ec40eb28}: groovy/lang/MetaClassImplBeanInfo> (0x00000000ec40eb28) 
thrown [s\open\src\hotspot\share\classfile\systemDictionary.cpp, line 256]
Event: 66.321 Thread 0x000002497d7d0a00 Exception <a 'java/lang/ClassNotFoundException'{0x00000000ec4143c8}: java/lang/ObjectBeanInfo> (0x00000000ec4143c8) 
thrown [s\open\src\hotspot\share\classfile\systemDictionary.cpp, line 256]
Event: 66.364 Thread 0x000002497d7d0a00 Exception <a 'java/lang/ClassNotFoundException'{0x00000000ec41abf8}: java/lang/ObjectCustomizer> (0x00000000ec41abf8) 
thrown [s\open\src\hotspot\share\classfile\systemDictionary.cpp, line 256]
Event: 66.381 Thread 0x000002497d7d0a00 Exception <a 'java/lang/IncompatibleClassChangeError'{0x00000000ec42a690}: Found class java.lang.Object, but interface was expected> (0x00000000ec42a690) 
thrown [s\open\src\hotspot\share\interpreter\linkResolver.cpp, line 826]
Event: 66.398 Thread 0x000002497d7d0a00 Exception <a 'java/lang/ClassNotFoundException'{0x00000000ec44fe40}: groovy/lang/MetaClassImplCustomizer> (0x00000000ec44fe40) 
thrown [s\open\src\hotspot\share\classfile\systemDictionary.cpp, line 256]
Event: 66.415 Thread 0x000002497d7d0a00 Exception <a 'java/lang/ClassNotFoundException'{0x00000000ec4860d8}: groovy/lang/ExpandoMetaClassCustomizer> (0x00000000ec4860d8) 
thrown [s\open\src\hotspot\share\classfile\systemDictionary.cpp, line 256]

VM Operations (20 events):
Event: 66.853 Executing VM operation: HandshakeAllThreads
Event: 66.853 Executing VM operation: HandshakeAllThreads done
Event: 66.887 Executing VM operation: HandshakeAllThreads
Event: 66.888 Executing VM operation: HandshakeAllThreads done
Event: 66.889 Executing VM operation: HandshakeAllThreads
Event: 66.889 Executing VM operation: HandshakeAllThreads done
Event: 67.341 Executing VM operation: HandshakeAllThreads
Event: 67.341 Executing VM operation: HandshakeAllThreads done
Event: 67.360 Executing VM operation: HandshakeAllThreads
Event: 67.361 Executing VM operation: HandshakeAllThreads done
Event: 68.384 Executing VM operation: Cleanup
Event: 68.473 Executing VM operation: Cleanup done
Event: 68.651 Executing VM operation: HandshakeAllThreads
Event: 68.651 Executing VM operation: HandshakeAllThreads done
Event: 69.657 Executing VM operation: Cleanup
Event: 69.658 Executing VM operation: Cleanup done
Event: 70.668 Executing VM operation: Cleanup
Event: 70.716 Executing VM operation: Cleanup done
Event: 71.721 Executing VM operation: Cleanup
Event: 71.738 Executing VM operation: Cleanup done

Events (20 events):
Event: 68.617 loading class jdk/internal/jimage/ImageReader$Directory
Event: 68.617 loading class jdk/internal/jimage/ImageReader$Node
Event: 68.619 loading class jdk/internal/jimage/ImageReader$Node done
Event: 68.619 loading class jdk/internal/jimage/ImageReader$Directory done
Event: 68.619 loading class jdk/internal/jrtfs/SystemImage$1
Event: 68.619 loading class jdk/internal/jrtfs/SystemImage$1 done
Event: 68.624 loading class jdk/internal/jimage/ImageReader$SharedImageReader$LocationVisitor
Event: 68.624 loading class jdk/internal/jimage/ImageReader$SharedImageReader$LocationVisitor done
Event: 68.629 loading class java/nio/ByteBufferAsIntBufferL
Event: 68.649 loading class java/nio/ByteBufferAsIntBufferL done
Event: 68.654 loading class jdk/internal/jrtfs/JrtFileAttributes
Event: 68.655 loading class jdk/internal/jrtfs/JrtFileAttributes done
Event: 68.655 loading class jdk/internal/jrtfs/JrtDirectoryStream
Event: 68.655 loading class jdk/internal/jrtfs/JrtDirectoryStream done
Event: 68.664 loading class jdk/internal/jrtfs/JrtDirectoryStream$1
Event: 68.665 loading class jdk/internal/jrtfs/JrtDirectoryStream$1 done
Event: 68.665 loading class java/util/function/BooleanSupplier
Event: 68.666 loading class java/util/function/BooleanSupplier done
Event: 68.672 loading class jdk/internal/jimage/ImageReader$Resource
Event: 68.672 loading class jdk/internal/jimage/ImageReader$Resource done


Dynamic libraries:
0x00007ff7edc00000 - 0x00007ff7edc10000 	C:\Program Files\Java\jdk-17\bin\java.exe
0x00007ffb981d0000 - 0x00007ffb983e7000 	C:\WINDOWS\SYSTEM32\ntdll.dll
0x00007ffb975e0000 - 0x00007ffb976a4000 	C:\WINDOWS\System32\KERNEL32.DLL
0x00007ffb955e0000 - 0x00007ffb95987000 	C:\WINDOWS\System32\KERNELBASE.dll
0x00007ffb95bd0000 - 0x00007ffb95ce1000 	C:\WINDOWS\System32\ucrtbase.dll
0x00007ffb7c4f0000 - 0x00007ffb7c509000 	C:\Program Files\Java\jdk-17\bin\jli.dll
0x00007ffb90570000 - 0x00007ffb9058b000 	C:\Program Files\Java\jdk-17\bin\VCRUNTIME140.dll
0x00007ffb96770000 - 0x00007ffb96822000 	C:\WINDOWS\System32\ADVAPI32.dll
0x00007ffb966b0000 - 0x00007ffb96757000 	C:\WINDOWS\System32\msvcrt.dll
0x00007ffb96550000 - 0x00007ffb965f8000 	C:\WINDOWS\System32\sechost.dll
0x00007ffb955b0000 - 0x00007ffb955d8000 	C:\WINDOWS\System32\bcrypt.dll
0x00007ffb96c60000 - 0x00007ffb96d75000 	C:\WINDOWS\System32\RPCRT4.dll
0x00007ffb96220000 - 0x00007ffb963ce000 	C:\WINDOWS\System32\USER32.dll
0x00007ffb95ba0000 - 0x00007ffb95bc6000 	C:\WINDOWS\System32\win32u.dll
0x00007ffb96440000 - 0x00007ffb96469000 	C:\WINDOWS\System32\GDI32.dll
0x00007ffb95a00000 - 0x00007ffb95b19000 	C:\WINDOWS\System32\gdi32full.dll
0x00007ffb95cf0000 - 0x00007ffb95d8a000 	C:\WINDOWS\System32\msvcp_win.dll
0x00007ffb7f130000 - 0x00007ffb7f3c3000 	C:\WINDOWS\WinSxS\amd64_microsoft.windows.common-controls_6595b64144ccf1df_6.0.22621.3527_none_270e469b73872a76\COMCTL32.dll
0x00007ffb92fe0000 - 0x00007ffb92fea000 	C:\WINDOWS\SYSTEM32\VERSION.dll
0x00007ffb963d0000 - 0x00007ffb96401000 	C:\WINDOWS\System32\IMM32.DLL
0x00007ffb90560000 - 0x00007ffb9056c000 	C:\Program Files\Java\jdk-17\bin\vcruntime140_1.dll
0x00007ffb7c1f0000 - 0x00007ffb7c27e000 	C:\Program Files\Java\jdk-17\bin\msvcp140.dll
0x00007ffb130e0000 - 0x00007ffb13cc0000 	C:\Program Files\Java\jdk-17\bin\server\jvm.dll
0x00007ffb96430000 - 0x00007ffb96438000 	C:\WINDOWS\System32\PSAPI.DLL
0x00007ffb71d20000 - 0x00007ffb71d29000 	C:\WINDOWS\SYSTEM32\WSOCK32.dll
0x00007ffb964d0000 - 0x00007ffb96541000 	C:\WINDOWS\System32\WS2_32.dll
0x00007ffb8d440000 - 0x00007ffb8d474000 	C:\WINDOWS\SYSTEM32\WINMM.dll
0x00007ffb94470000 - 0x00007ffb94488000 	C:\WINDOWS\SYSTEM32\kernel.appcore.dll
0x00007ffb7d4b0000 - 0x00007ffb7d4ba000 	C:\Program Files\Java\jdk-17\bin\jimage.dll
0x00007ffb894b0000 - 0x00007ffb896e3000 	C:\WINDOWS\SYSTEM32\DBGHELP.DLL
0x00007ffb97b30000 - 0x00007ffb97eb8000 	C:\WINDOWS\System32\combase.dll
0x00007ffb96140000 - 0x00007ffb96217000 	C:\WINDOWS\System32\OLEAUT32.dll
0x00007ffb6bb70000 - 0x00007ffb6bba2000 	C:\WINDOWS\SYSTEM32\dbgcore.DLL
0x00007ffb95b20000 - 0x00007ffb95b99000 	C:\WINDOWS\System32\bcryptPrimitives.dll
0x00007ffb7c4e0000 - 0x00007ffb7c4ee000 	C:\Program Files\Java\jdk-17\bin\instrument.dll
0x00007ffb7c1c0000 - 0x00007ffb7c1e5000 	C:\Program Files\Java\jdk-17\bin\java.dll
0x00007ffb57af0000 - 0x00007ffb57bc7000 	C:\Program Files\Java\jdk-17\bin\jsvml.dll
0x00007ffb96d80000 - 0x00007ffb975dc000 	C:\WINDOWS\System32\SHELL32.dll
0x00007ffb933e0000 - 0x00007ffb93cd6000 	C:\WINDOWS\SYSTEM32\windows.storage.dll
0x00007ffb932a0000 - 0x00007ffb933de000 	C:\WINDOWS\SYSTEM32\wintypes.dll
0x00007ffb97ec0000 - 0x00007ffb97fb5000 	C:\WINDOWS\System32\SHCORE.dll
0x00007ffb96a40000 - 0x00007ffb96a9e000 	C:\WINDOWS\System32\shlwapi.dll
0x00007ffb95420000 - 0x00007ffb95441000 	C:\WINDOWS\SYSTEM32\profapi.dll
0x00007ffb7c1a0000 - 0x00007ffb7c1b8000 	C:\Program Files\Java\jdk-17\bin\zip.dll
0x00007ffb7c180000 - 0x00007ffb7c199000 	C:\Program Files\Java\jdk-17\bin\net.dll
0x00007ffb8e9c0000 - 0x00007ffb8eaf6000 	C:\WINDOWS\SYSTEM32\WINHTTP.dll
0x00007ffb94940000 - 0x00007ffb949a9000 	C:\WINDOWS\system32\mswsock.dll
0x00007ffb7c160000 - 0x00007ffb7c176000 	C:\Program Files\Java\jdk-17\bin\nio.dll
0x00007ffb7c3d0000 - 0x00007ffb7c3e0000 	C:\Program Files\Java\jdk-17\bin\verify.dll
0x00007ffb62230000 - 0x00007ffb62257000 	C:\Users\siva0\.gradle\native\c067742578af261105cb4f569cf0c3c89f3d7b1fecec35dd04571415982c5e48\windows-amd64\native-platform.dll
0x00007ffb55cf0000 - 0x00007ffb55e34000 	C:\Users\siva0\.gradle\native\38dada09dfb8b06ba9b0570ebf7e218e3eb74d4ef43ca46872605cf95ebc2f47\windows-amd64\native-platform-file-events.dll
0x00007ffb7c130000 - 0x00007ffb7c13a000 	C:\Program Files\Java\jdk-17\bin\management.dll
0x00007ffb7c120000 - 0x00007ffb7c12b000 	C:\Program Files\Java\jdk-17\bin\management_ext.dll
0x00007ffb94bf0000 - 0x00007ffb94c0b000 	C:\WINDOWS\SYSTEM32\CRYPTSP.dll
0x00007ffb94430000 - 0x00007ffb94465000 	C:\WINDOWS\system32\rsaenh.dll
0x00007ffb94a60000 - 0x00007ffb94a88000 	C:\WINDOWS\SYSTEM32\USERENV.dll
0x00007ffb94be0000 - 0x00007ffb94bec000 	C:\WINDOWS\SYSTEM32\CRYPTBASE.dll
0x00007ffb93f40000 - 0x00007ffb93f6d000 	C:\WINDOWS\SYSTEM32\IPHLPAPI.DLL
0x00007ffb96760000 - 0x00007ffb96769000 	C:\WINDOWS\System32\NSI.dll
0x00007ffb8ed00000 - 0x00007ffb8ed19000 	C:\WINDOWS\SYSTEM32\dhcpcsvc6.DLL
0x00007ffb8e2c0000 - 0x00007ffb8e2df000 	C:\WINDOWS\SYSTEM32\dhcpcsvc.DLL
0x00007ffb93fb0000 - 0x00007ffb940a9000 	C:\WINDOWS\SYSTEM32\DNSAPI.dll
0x00007ffb7c050000 - 0x00007ffb7c05e000 	C:\Program Files\Java\jdk-17\bin\sunmscapi.dll
0x00007ffb95d90000 - 0x00007ffb95ef7000 	C:\WINDOWS\System32\CRYPT32.dll
0x00007ffb94da0000 - 0x00007ffb94dce000 	C:\WINDOWS\SYSTEM32\ncrypt.dll
0x00007ffb94d60000 - 0x00007ffb94d97000 	C:\WINDOWS\SYSTEM32\NTASN1.dll
0x00007ffb8ace0000 - 0x00007ffb8ace8000 	C:\WINDOWS\system32\wshunix.dll

dbghelp: loaded successfully - version: 4.0.5 - missing functions: none
symbol engine: initialized successfully - sym options: 0x614 - pdb path: .;C:\Program Files\Java\jdk-17\bin;C:\WINDOWS\SYSTEM32;C:\WINDOWS\WinSxS\amd64_microsoft.windows.common-controls_6595b64144ccf1df_6.0.22621.3527_none_270e469b73872a76;C:\Program Files\Java\jdk-17\bin\server;C:\Users\siva0\.gradle\native\c067742578af261105cb4f569cf0c3c89f3d7b1fecec35dd04571415982c5e48\windows-amd64;C:\Users\siva0\.gradle\native\38dada09dfb8b06ba9b0570ebf7e218e3eb74d4ef43ca46872605cf95ebc2f47\windows-amd64

VM Arguments:
jvm_args: --add-opens=java.base/java.util=ALL-UNNAMED --add-opens=java.base/java.lang=ALL-UNNAMED --add-opens=java.base/java.lang.invoke=ALL-UNNAMED --add-opens=java.prefs/java.util.prefs=ALL-UNNAMED --add-opens=java.base/java.nio.charset=ALL-UNNAMED --add-opens=java.base/java.net=ALL-UNNAMED --add-opens=java.base/java.util.concurrent.atomic=ALL-UNNAMED -XX:MaxMetaspaceSize=384m -XX:+HeapDumpOnOutOfMemoryError -Xms256m -Xmx512m -Dfile.encoding=windows-1252 -Duser.country=US -Duser.language=en -Duser.variant -javaagent:C:\Users\siva0\.gradle\wrapper\dists\gradle-8.5-bin\5t9huq95ubn472n8rpzujfbqh\gradle-8.5\lib\agents\gradle-instrumentation-agent-8.5.jar 
java_command: org.gradle.launcher.daemon.bootstrap.GradleDaemon 8.5
java_class_path (initial): C:\Users\siva0\.gradle\wrapper\dists\gradle-8.5-bin\5t9huq95ubn472n8rpzujfbqh\gradle-8.5\lib\gradle-launcher-8.5.jar
Launcher Type: SUN_STANDARD

[Global flags]
     intx CICompilerCount                          = 4                                         {product} {ergonomic}
   size_t CompressedClassSpaceSize                 = 335544320                                 {product} {ergonomic}
     uint ConcGCThreads                            = 3                                         {product} {ergonomic}
     uint G1ConcRefinementThreads                  = 10                                        {product} {ergonomic}
   size_t G1HeapRegionSize                         = 1048576                                   {product} {ergonomic}
    uintx GCDrainStackTargetSize                   = 64                                        {product} {ergonomic}
     bool HeapDumpOnOutOfMemoryError               = true                                   {manageable} {command line}
   size_t InitialHeapSize                          = 268435456                                 {product} {command line}
   size_t MarkStackSize                            = 4194304                                   {product} {ergonomic}
   size_t MaxHeapSize                              = 536870912                                 {product} {command line}
   size_t MaxMetaspaceSize                         = 402653184                                 {product} {command line}
   size_t MaxNewSize                               = 321912832                                 {product} {ergonomic}
   size_t MinHeapDeltaBytes                        = 1048576                                   {product} {ergonomic}
   size_t MinHeapSize                              = 268435456                                 {product} {command line}
    uintx NonNMethodCodeHeapSize                   = 5839372                                {pd product} {ergonomic}
    uintx NonProfiledCodeHeapSize                  = 122909434                              {pd product} {ergonomic}
    uintx ProfiledCodeHeapSize                     = 122909434                              {pd product} {ergonomic}
    uintx ReservedCodeCacheSize                    = 251658240                              {pd product} {ergonomic}
     bool SegmentedCodeCache                       = true                                      {product} {ergonomic}
   size_t SoftMaxHeapSize                          = 536870912                              {manageable} {ergonomic}
     bool UseCompressedClassPointers               = true                           {product lp64_product} {ergonomic}
     bool UseCompressedOops                        = true                           {product lp64_product} {ergonomic}
     bool UseG1GC                                  = true                                      {product} {ergonomic}
     bool UseLargePagesIndividualAllocation        = false                                  {pd product} {ergonomic}

Logging:
Log output configuration:
 #0: stdout all=warning uptime,level,tags
 #1: stderr all=off uptime,level,tags

Environment Variables:
JAVA_HOME=C:\Program Files\Java\jdk-17
PATH=C:\Program Files\OpenJDK\jdk-8.0.292.10-hotspot\bin;C:\Program Files\Common Files\Oracle\Java\javapath;C:\Windows\system32;C:\Windows;C:\Windows\System32\Wbem;C:\Windows\System32\WindowsPowerShell\v1.0\;C:\Windows\System32\OpenSSH\;C:\Program Files (x86)\NVIDIA Corporation\PhysX\Common;C:\WINDOWS\system32;C:\WINDOWS;C:\WINDOWS\System32\Wbem;C:\WINDOWS\System32\WindowsPowerShell\v1.0\;C:\WINDOWS\System32\OpenSSH\;C:\Program Files\PuTTY\;C:\Program Files\Graphviz\bin;C:\Program Files\gettext-iconv\bin;C:\Program Files\Docker\Docker\resources\bin;C:\Users\siva0\AppData\Local\Programs\Python\Python37\Scripts\;C:\Users\siva0\AppData\Local\Programs\Python\Python37\;C:\Users\siva0\.cargo\bin;C:\Program Files\MySQL\MySQL Shell 8.0\bin\;C:\Users\siva0\AppData\Local\Programs\Python\Python310\Scripts\;C:\Users\siva0\AppData\Local\Programs\Python\Python310\;C:\Users\siva0\AppData\Local\Microsoft\WindowsApps;C:\Users\siva0\AppData\Local\Programs\Microsoft VS Code\bin;C:\Program Files\heroku\bin\;C:\Program Files\PostgreSQL\14\bin;C:\Users\siva0\AppData\Local\GitHub;C:\ProgramData\chocolatey\bin;C:\Program Files\Amazon\AWSCLIV2\;C:\Program Files\Git\cmd;C:\Users\siva0\AppData\Local\Programs\Python\Python37\Scripts\;C:\Users\siva0\AppData\Local\Programs\Python\Python37\;C:\Users\siva0\.cargo\bin;C:\Program Files\MySQL\MySQL Shell 8.0\bin\;C:\Users\siva0\AppData\Local\Programs\Python\Python310\Scripts\;C:\Users\siva0\AppData\Local\Programs\Python\Python310\;C:\Users\siva0\AppData\Local\Microsoft\WindowsApps;C:\Users\siva0\AppData\Local\Programs\Microsoft VS Code\bin;C:\Program Files\heroku\bin\;C:\Program Files\PostgreSQL\14\bin;C:\Users\siva0\AppData\Local\GitHubDesktop\bin;C:\Users\siva0\Downloads\elasticsearch-8.6.2\bin;C:\Users\siva0\Downloads\C2C;C:\Users\siva0\Downloads\gettext0.21-iconv1.16-static-64\bin;C:\Program Files\OpenSSL-Win64\bin;C:\Temp\lightsailctl\;C:\Program Files\Git\usr\bin;C:\texlive\2023\bin\windows;C:\texlive\2023\bin\windows;C:\Program Files\New Relic\Ne
USERNAME=siva0
OS=Windows_NT
PROCESSOR_IDENTIFIER=AMD64 Family 23 Model 96 Stepping 1, AuthenticAMD



---------------  S Y S T E M  ---------------

OS:
 Windows 11 , 64 bit Build 22621 (10.0.22621.3527)
OS uptime: 0 days 3:26 hours
Hyper-V role detected

CPU: total 12 (initial active 12) (12 cores per cpu, 2 threads per core) family 23 model 96 stepping 1 microcode 0x0, cx8, cmov, fxsr, ht, mmx, 3dnowpref, sse, sse2, sse3, ssse3, sse4a, sse4.1, sse4.2, popcnt, lzcnt, tsc, tscinvbit, avx, avx2, aes, clmul, bmi1, bmi2, adx, sha, fma, vzeroupper, clflush, clflushopt, hv

Memory: 4k page, system-wide physical 7539M (4M free)
TotalPageFile size 31091M (AvailPageFile size 226M)
current process WorkingSet (physical memory assigned to process): 23M, peak: 248M
current process commit charge ("private bytes"): 425M, peak: 431M

vm_info: Java HotSpot(TM) 64-Bit Server VM (17.0.11+7-LTS-207) for windows-amd64 JRE (17.0.11+7-LTS-207), built on Mar 11 2024 19:01:50 by "mach5one" with MS VC++ 17.6 (VS2022)

END.
