#
# There is insufficient memory for the Java Runtime Environment to continue.
# Native memory allocation (malloc) failed to allocate 33120 bytes for Chunk::new
# Possible reasons:
#   The system is out of physical RAM or swap space
#   The process is running with CompressedOops enabled, and the Java Heap may be blocking the growth of the native heap
# Possible solutions:
#   Reduce memory load on the system
#   Increase physical memory or swap space
#   Check if swap backing store is full
#   Decrease Java heap size (-Xmx/-Xms)
#   Decrease number of Java threads
#   Decrease Java thread stack sizes (-Xss)
#   Set larger code cache with -XX:ReservedCodeCacheSize=
#   JVM is running with Unscaled Compressed Oops mode in which the Java heap is
#     placed in the first 4GB address space. The Java Heap base address is the
#     maximum limit for the native heap growth. Please use -XX:HeapBaseMinAddress
#     to set the Java Heap base and to place the Java Heap above 4GB virtual address.
# This output file may be truncated or incomplete.
#
#  Out of Memory Error (arena.cpp:189), pid=26008, tid=26568
#
# JRE version: Java(TM) SE Runtime Environment (17.0.11+7) (build 17.0.11+7-LTS-207)
# Java VM: Java HotSpot(TM) 64-Bit Server VM (17.0.11+7-LTS-207, mixed mode, sharing, tiered, compressed oops, compressed class ptrs, g1 gc, windows-amd64)
# No core dump will be written. Minidumps are not enabled by default on client versions of Windows
#

---------------  S U M M A R Y ------------

Command Line: --add-opens=java.base/java.util=ALL-UNNAMED --add-opens=java.base/java.lang=ALL-UNNAMED --add-opens=java.base/java.lang.invoke=ALL-UNNAMED --add-opens=java.prefs/java.util.prefs=ALL-UNNAMED --add-opens=java.base/java.nio.charset=ALL-UNNAMED --add-opens=java.base/java.net=ALL-UNNAMED --add-opens=java.base/java.util.concurrent.atomic=ALL-UNNAMED -XX:MaxMetaspaceSize=384m -XX:+HeapDumpOnOutOfMemoryError -Xms256m -Xmx512m -Dfile.encoding=windows-1252 -Duser.country=US -Duser.language=en -Duser.variant -javaagent:C:\Users\siva0\.gradle\wrapper\dists\gradle-8.5-bin\5t9huq95ubn472n8rpzujfbqh\gradle-8.5\lib\agents\gradle-instrumentation-agent-8.5.jar org.gradle.launcher.daemon.bootstrap.GradleDaemon 8.5

Host: AMD Ryzen 5 4600H with Radeon Graphics         , 12 cores, 7G,  Windows 11 , 64 bit Build 22621 (10.0.22621.3527)
Time: Wed May  1 17:16:11 2024 India Standard Time elapsed time: 43.280545 seconds (0d 0h 0m 43s)

---------------  T H R E A D  ---------------

Current thread (0x0000018d838131f0):  JavaThread "C2 CompilerThread0" daemon [_thread_in_native, id=26568, stack(0x000000859eb00000,0x000000859ec00000)]


Current CompileTask:
C2:  43280 2388   !   4       java.lang.ClassLoader::loadClass (121 bytes)

Stack: [0x000000859eb00000,0x000000859ec00000]
Native frames: (J=compiled Java code, j=interpreted, Vv=VM code, C=native code)
V  [jvm.dll+0x679cca]
V  [jvm.dll+0x7da13d]
V  [jvm.dll+0x7dba83]
V  [jvm.dll+0x7dc0f3]
V  [jvm.dll+0x2449af]
V  [jvm.dll+0xab83b]
V  [jvm.dll+0xabe1c]
V  [jvm.dll+0x5818ae]
V  [jvm.dll+0x21ed62]
V  [jvm.dll+0x2178f4]
V  [jvm.dll+0x215505]
V  [jvm.dll+0x1a2040]
V  [jvm.dll+0x225a2b]
V  [jvm.dll+0x223bcb]
V  [jvm.dll+0x7903ec]
V  [jvm.dll+0x78a85a]
V  [jvm.dll+0x678bb5]
C  [ucrtbase.dll+0x29333]
C  [KERNEL32.DLL+0x1257d]
C  [ntdll.dll+0x5aa48]


---------------  P R O C E S S  ---------------

Threads class SMR info:
_java_thread_list=0x0000018d9f424260, length=25, elements={
0x0000018de8a054c0, 0x0000018d837ef600, 0x0000018d837f0480, 0x0000018d8380e200,
0x0000018d8380edc0, 0x0000018d8380f980, 0x0000018d83812450, 0x0000018d838131f0,
0x0000018d83814440, 0x0000018d839c07e0, 0x0000018d83a57110, 0x0000018d83ace980,
0x0000018d9dea0fc0, 0x0000018d9e0f8be0, 0x0000018d9e66c210, 0x0000018d9e28ff00,
0x0000018de8a13420, 0x0000018d83cffa80, 0x0000018d83cfff90, 0x0000018d83cff570,
0x0000018d83d004a0, 0x0000018d83d009b0, 0x0000018d9e539d60, 0x0000018d9e536ac0,
0x0000018d9e53b1a0
}

Java Threads: ( => current thread )
  0x0000018de8a054c0 JavaThread "main" [_thread_blocked, id=26368, stack(0x000000859de00000,0x000000859df00000)]
  0x0000018d837ef600 JavaThread "Reference Handler" daemon [_thread_blocked, id=26536, stack(0x000000859e500000,0x000000859e600000)]
  0x0000018d837f0480 JavaThread "Finalizer" daemon [_thread_blocked, id=26540, stack(0x000000859e600000,0x000000859e700000)]
  0x0000018d8380e200 JavaThread "Signal Dispatcher" daemon [_thread_blocked, id=26552, stack(0x000000859e700000,0x000000859e800000)]
  0x0000018d8380edc0 JavaThread "Attach Listener" daemon [_thread_blocked, id=26556, stack(0x000000859e800000,0x000000859e900000)]
  0x0000018d8380f980 JavaThread "Service Thread" daemon [_thread_blocked, id=26560, stack(0x000000859e900000,0x000000859ea00000)]
  0x0000018d83812450 JavaThread "Monitor Deflation Thread" daemon [_thread_blocked, id=26564, stack(0x000000859ea00000,0x000000859eb00000)]
=>0x0000018d838131f0 JavaThread "C2 CompilerThread0" daemon [_thread_in_native, id=26568, stack(0x000000859eb00000,0x000000859ec00000)]
  0x0000018d83814440 JavaThread "C1 CompilerThread0" daemon [_thread_blocked, id=26576, stack(0x000000859ec00000,0x000000859ed00000)]
  0x0000018d839c07e0 JavaThread "Sweeper thread" daemon [_thread_blocked, id=26580, stack(0x000000859ed00000,0x000000859ee00000)]
  0x0000018d83a57110 JavaThread "Common-Cleaner" daemon [_thread_blocked, id=24992, stack(0x000000859ee00000,0x000000859ef00000)]
  0x0000018d83ace980 JavaThread "Notification Thread" daemon [_thread_blocked, id=26636, stack(0x000000859ef00000,0x000000859f000000)]
  0x0000018d9dea0fc0 JavaThread "Daemon health stats" [_thread_blocked, id=28416, stack(0x000000859f600000,0x000000859f700000)]
  0x0000018d9e0f8be0 JavaThread "Incoming local TCP Connector on port 52398" [_thread_in_native, id=28888, stack(0x000000859f700000,0x000000859f800000)]
  0x0000018d9e66c210 JavaThread "Daemon periodic checks" [_thread_blocked, id=28948, stack(0x000000859f800000,0x000000859f900000)]
  0x0000018d9e28ff00 JavaThread "Daemon" [_thread_blocked, id=17740, stack(0x000000859f900000,0x000000859fa00000)]
  0x0000018de8a13420 JavaThread "Handler for socket connection from /127.0.0.1:52398 to /127.0.0.1:52404" [_thread_in_native, id=29584, stack(0x000000859fa00000,0x000000859fb00000)]
  0x0000018d83cffa80 JavaThread "Cancel handler" [_thread_blocked, id=5024, stack(0x000000859fb00000,0x000000859fc00000)]
  0x0000018d83cfff90 JavaThread "Daemon worker" [_thread_in_vm, id=26796, stack(0x000000859fc00000,0x000000859fd00000)]
  0x0000018d83cff570 JavaThread "Asynchronous log dispatcher for DefaultDaemonConnection: socket connection from /127.0.0.1:52398 to /127.0.0.1:52404" [_thread_blocked, id=29692, stack(0x000000859fd00000,0x000000859fe00000)]
  0x0000018d83d004a0 JavaThread "Stdin handler" [_thread_blocked, id=27340, stack(0x000000859fe00000,0x000000859ff00000)]
  0x0000018d83d009b0 JavaThread "Daemon client event forwarder" [_thread_blocked, id=29276, stack(0x000000859ff00000,0x00000085a0000000)]
  0x0000018d9e539d60 JavaThread "Cache worker for journal cache (C:\Users\siva0\.gradle\caches\journal-1)" [_thread_blocked, id=11040, stack(0x00000085a0000000,0x00000085a0100000)]
  0x0000018d9e536ac0 JavaThread "File lock request listener" [_thread_in_native, id=18232, stack(0x00000085a0100000,0x00000085a0200000)]
  0x0000018d9e53b1a0 JavaThread "File lock release action executor" [_thread_blocked, id=4044, stack(0x00000085a0200000,0x00000085a0300000)]

Other Threads:
  0x0000018d837ea5b0 VMThread "VM Thread" [stack: 0x000000859e400000,0x000000859e500000] [id=26532]
  0x0000018d83ade4c0 WatcherThread [stack: 0x000000859f000000,0x000000859f100000] [id=26640]
  0x0000018de8a34060 GCTaskThread "GC Thread#0" [stack: 0x000000859df00000,0x000000859e000000] [id=26428]
  0x0000018d9d630110 GCTaskThread "GC Thread#1" [stack: 0x000000859f100000,0x000000859f200000] [id=27076]
  0x0000018d9db5d010 GCTaskThread "GC Thread#2" [stack: 0x000000859f200000,0x000000859f300000] [id=27080]
  0x0000018d9db5d2d0 GCTaskThread "GC Thread#3" [stack: 0x000000859f300000,0x000000859f400000] [id=27084]
  0x0000018d9db5d590 GCTaskThread "GC Thread#4" [stack: 0x000000859f400000,0x000000859f500000] [id=27088]
  0x0000018d9db5d850 GCTaskThread "GC Thread#5" [stack: 0x000000859f500000,0x000000859f600000] [id=27092]
  0x0000018de8a39fc0 ConcurrentGCThread "G1 Main Marker" [stack: 0x000000859e000000,0x000000859e100000] [id=26432]
  0x0000018de8a3a9d0 ConcurrentGCThread "G1 Conc#0" [stack: 0x000000859e100000,0x000000859e200000] [id=26436]
  0x0000018de8acdfc0 ConcurrentGCThread "G1 Refine#0" [stack: 0x000000859e200000,0x000000859e300000] [id=26440]
  0x0000018de8ace9f0 ConcurrentGCThread "G1 Service" [stack: 0x000000859e300000,0x000000859e400000] [id=26444]

Threads with active compile tasks:
C2 CompilerThread0    43314 2388   !   4       java.lang.ClassLoader::loadClass (121 bytes)

VM state: not at safepoint (normal execution)

VM Mutex/Monitor currently owned by a thread: None

Heap address: 0x00000000e0000000, size: 512 MB, Compressed Oops mode: 32-bit

CDS archive(s) mapped at: [0x0000018d84000000-0x0000018d84bd0000-0x0000018d84bd0000), size 12386304, SharedBaseAddress: 0x0000018d84000000, ArchiveRelocationMode: 1.
Compressed class space mapped at: 0x0000018d85000000-0x0000018d99000000, reserved size: 335544320
Narrow klass base: 0x0000018d84000000, Narrow klass shift: 0, Narrow klass range: 0x100000000

GC Precious Log:
 CPUs: 12 total, 12 available
 Memory: 7539M
 Large Page Support: Disabled
 NUMA Support: Disabled
 Compressed Oops: Enabled (32-bit)
 Heap Region Size: 1M
 Heap Min Capacity: 256M
 Heap Initial Capacity: 256M
 Heap Max Capacity: 512M
 Pre-touch: Disabled
 Parallel Workers: 10
 Concurrent Workers: 3
 Concurrent Refinement Workers: 10
 Periodic GC: Disabled

Heap:
 garbage-first heap   total 262144K, used 78310K [0x00000000e0000000, 0x0000000100000000)
  region size 1024K, 67 young (68608K), 1 survivors (1024K)
 Metaspace       used 14450K, committed 14720K, reserved 393216K
  class space    used 1997K, committed 2112K, reserved 327680K

Heap Regions: E=young(eden), S=young(survivor), O=old, HS=humongous(starts), HC=humongous(continues), CS=collection set, F=free, OA=open archive, CA=closed archive, TAMS=top-at-mark-start (previous, next)
|   0|0x00000000e0000000, 0x00000000e0100000, 0x00000000e0100000|100%|HS|  |TAMS 0x00000000e0000000, 0x00000000e0000000| Complete 
|   1|0x00000000e0100000, 0x00000000e0200000, 0x00000000e0200000|100%|HC|  |TAMS 0x00000000e0100000, 0x00000000e0100000| Complete 
|   2|0x00000000e0200000, 0x00000000e0300000, 0x00000000e0300000|100%|HC|  |TAMS 0x00000000e0200000, 0x00000000e0200000| Complete 
|   3|0x00000000e0300000, 0x00000000e0400000, 0x00000000e0400000|100%|HC|  |TAMS 0x00000000e0300000, 0x00000000e0300000| Complete 
|   4|0x00000000e0400000, 0x00000000e0500000, 0x00000000e0500000|100%| O|  |TAMS 0x00000000e0400000, 0x00000000e0400000| Untracked 
|   5|0x00000000e0500000, 0x00000000e0600000, 0x00000000e0600000|100%| O|  |TAMS 0x00000000e0500000, 0x00000000e0500000| Untracked 
|   6|0x00000000e0600000, 0x00000000e0700000, 0x00000000e0700000|100%| O|  |TAMS 0x00000000e0600000, 0x00000000e0600000| Untracked 
|   7|0x00000000e0700000, 0x00000000e0800000, 0x00000000e0800000|100%| O|  |TAMS 0x00000000e0700000, 0x00000000e0700000| Untracked 
|   8|0x00000000e0800000, 0x00000000e0900000, 0x00000000e0900000|100%| O|  |TAMS 0x00000000e0800000, 0x00000000e0800000| Untracked 
|   9|0x00000000e0900000, 0x00000000e0a00000, 0x00000000e0a00000|100%| O|  |TAMS 0x00000000e0900000, 0x00000000e0900000| Untracked 
|  10|0x00000000e0a00000, 0x00000000e0ab9400, 0x00000000e0b00000| 72%| O|  |TAMS 0x00000000e0a00000, 0x00000000e0a00000| Untracked 
|  11|0x00000000e0b00000, 0x00000000e0c00000, 0x00000000e0c00000|100%|HS|  |TAMS 0x00000000e0b00000, 0x00000000e0b00000| Complete 
|  12|0x00000000e0c00000, 0x00000000e0c00000, 0x00000000e0d00000|  0%| F|  |TAMS 0x00000000e0c00000, 0x00000000e0c00000| Untracked 
|  13|0x00000000e0d00000, 0x00000000e0d00000, 0x00000000e0e00000|  0%| F|  |TAMS 0x00000000e0d00000, 0x00000000e0d00000| Untracked 
|  14|0x00000000e0e00000, 0x00000000e0e00000, 0x00000000e0f00000|  0%| F|  |TAMS 0x00000000e0e00000, 0x00000000e0e00000| Untracked 
|  15|0x00000000e0f00000, 0x00000000e0f00000, 0x00000000e1000000|  0%| F|  |TAMS 0x00000000e0f00000, 0x00000000e0f00000| Untracked 
|  16|0x00000000e1000000, 0x00000000e1000000, 0x00000000e1100000|  0%| F|  |TAMS 0x00000000e1000000, 0x00000000e1000000| Untracked 
|  17|0x00000000e1100000, 0x00000000e1100000, 0x00000000e1200000|  0%| F|  |TAMS 0x00000000e1100000, 0x00000000e1100000| Untracked 
|  18|0x00000000e1200000, 0x00000000e1200000, 0x00000000e1300000|  0%| F|  |TAMS 0x00000000e1200000, 0x00000000e1200000| Untracked 
|  19|0x00000000e1300000, 0x00000000e1300000, 0x00000000e1400000|  0%| F|  |TAMS 0x00000000e1300000, 0x00000000e1300000| Untracked 
|  20|0x00000000e1400000, 0x00000000e1400000, 0x00000000e1500000|  0%| F|  |TAMS 0x00000000e1400000, 0x00000000e1400000| Untracked 
|  21|0x00000000e1500000, 0x00000000e1500000, 0x00000000e1600000|  0%| F|  |TAMS 0x00000000e1500000, 0x00000000e1500000| Untracked 
|  22|0x00000000e1600000, 0x00000000e1600000, 0x00000000e1700000|  0%| F|  |TAMS 0x00000000e1600000, 0x00000000e1600000| Untracked 
|  23|0x00000000e1700000, 0x00000000e1700000, 0x00000000e1800000|  0%| F|  |TAMS 0x00000000e1700000, 0x00000000e1700000| Untracked 
|  24|0x00000000e1800000, 0x00000000e1800000, 0x00000000e1900000|  0%| F|  |TAMS 0x00000000e1800000, 0x00000000e1800000| Untracked 
|  25|0x00000000e1900000, 0x00000000e1900000, 0x00000000e1a00000|  0%| F|  |TAMS 0x00000000e1900000, 0x00000000e1900000| Untracked 
|  26|0x00000000e1a00000, 0x00000000e1a00000, 0x00000000e1b00000|  0%| F|  |TAMS 0x00000000e1a00000, 0x00000000e1a00000| Untracked 
|  27|0x00000000e1b00000, 0x00000000e1b00000, 0x00000000e1c00000|  0%| F|  |TAMS 0x00000000e1b00000, 0x00000000e1b00000| Untracked 
|  28|0x00000000e1c00000, 0x00000000e1c00000, 0x00000000e1d00000|  0%| F|  |TAMS 0x00000000e1c00000, 0x00000000e1c00000| Untracked 
|  29|0x00000000e1d00000, 0x00000000e1d00000, 0x00000000e1e00000|  0%| F|  |TAMS 0x00000000e1d00000, 0x00000000e1d00000| Untracked 
|  30|0x00000000e1e00000, 0x00000000e1e00000, 0x00000000e1f00000|  0%| F|  |TAMS 0x00000000e1e00000, 0x00000000e1e00000| Untracked 
|  31|0x00000000e1f00000, 0x00000000e1f00000, 0x00000000e2000000|  0%| F|  |TAMS 0x00000000e1f00000, 0x00000000e1f00000| Untracked 
|  32|0x00000000e2000000, 0x00000000e2000000, 0x00000000e2100000|  0%| F|  |TAMS 0x00000000e2000000, 0x00000000e2000000| Untracked 
|  33|0x00000000e2100000, 0x00000000e2100000, 0x00000000e2200000|  0%| F|  |TAMS 0x00000000e2100000, 0x00000000e2100000| Untracked 
|  34|0x00000000e2200000, 0x00000000e2200000, 0x00000000e2300000|  0%| F|  |TAMS 0x00000000e2200000, 0x00000000e2200000| Untracked 
|  35|0x00000000e2300000, 0x00000000e2300000, 0x00000000e2400000|  0%| F|  |TAMS 0x00000000e2300000, 0x00000000e2300000| Untracked 
|  36|0x00000000e2400000, 0x00000000e2400000, 0x00000000e2500000|  0%| F|  |TAMS 0x00000000e2400000, 0x00000000e2400000| Untracked 
|  37|0x00000000e2500000, 0x00000000e2500000, 0x00000000e2600000|  0%| F|  |TAMS 0x00000000e2500000, 0x00000000e2500000| Untracked 
|  38|0x00000000e2600000, 0x00000000e2600000, 0x00000000e2700000|  0%| F|  |TAMS 0x00000000e2600000, 0x00000000e2600000| Untracked 
|  39|0x00000000e2700000, 0x00000000e2700000, 0x00000000e2800000|  0%| F|  |TAMS 0x00000000e2700000, 0x00000000e2700000| Untracked 
|  40|0x00000000e2800000, 0x00000000e2800000, 0x00000000e2900000|  0%| F|  |TAMS 0x00000000e2800000, 0x00000000e2800000| Untracked 
|  41|0x00000000e2900000, 0x00000000e2900000, 0x00000000e2a00000|  0%| F|  |TAMS 0x00000000e2900000, 0x00000000e2900000| Untracked 
|  42|0x00000000e2a00000, 0x00000000e2a00000, 0x00000000e2b00000|  0%| F|  |TAMS 0x00000000e2a00000, 0x00000000e2a00000| Untracked 
|  43|0x00000000e2b00000, 0x00000000e2b00000, 0x00000000e2c00000|  0%| F|  |TAMS 0x00000000e2b00000, 0x00000000e2b00000| Untracked 
|  44|0x00000000e2c00000, 0x00000000e2c00000, 0x00000000e2d00000|  0%| F|  |TAMS 0x00000000e2c00000, 0x00000000e2c00000| Untracked 
|  45|0x00000000e2d00000, 0x00000000e2d00000, 0x00000000e2e00000|  0%| F|  |TAMS 0x00000000e2d00000, 0x00000000e2d00000| Untracked 
|  46|0x00000000e2e00000, 0x00000000e2e00000, 0x00000000e2f00000|  0%| F|  |TAMS 0x00000000e2e00000, 0x00000000e2e00000| Untracked 
|  47|0x00000000e2f00000, 0x00000000e2f00000, 0x00000000e3000000|  0%| F|  |TAMS 0x00000000e2f00000, 0x00000000e2f00000| Untracked 
|  48|0x00000000e3000000, 0x00000000e3000000, 0x00000000e3100000|  0%| F|  |TAMS 0x00000000e3000000, 0x00000000e3000000| Untracked 
|  49|0x00000000e3100000, 0x00000000e3100000, 0x00000000e3200000|  0%| F|  |TAMS 0x00000000e3100000, 0x00000000e3100000| Untracked 
|  50|0x00000000e3200000, 0x00000000e3200000, 0x00000000e3300000|  0%| F|  |TAMS 0x00000000e3200000, 0x00000000e3200000| Untracked 
|  51|0x00000000e3300000, 0x00000000e3300000, 0x00000000e3400000|  0%| F|  |TAMS 0x00000000e3300000, 0x00000000e3300000| Untracked 
|  52|0x00000000e3400000, 0x00000000e3400000, 0x00000000e3500000|  0%| F|  |TAMS 0x00000000e3400000, 0x00000000e3400000| Untracked 
|  53|0x00000000e3500000, 0x00000000e3500000, 0x00000000e3600000|  0%| F|  |TAMS 0x00000000e3500000, 0x00000000e3500000| Untracked 
|  54|0x00000000e3600000, 0x00000000e3600000, 0x00000000e3700000|  0%| F|  |TAMS 0x00000000e3600000, 0x00000000e3600000| Untracked 
|  55|0x00000000e3700000, 0x00000000e3700000, 0x00000000e3800000|  0%| F|  |TAMS 0x00000000e3700000, 0x00000000e3700000| Untracked 
|  56|0x00000000e3800000, 0x00000000e3800000, 0x00000000e3900000|  0%| F|  |TAMS 0x00000000e3800000, 0x00000000e3800000| Untracked 
|  57|0x00000000e3900000, 0x00000000e3900000, 0x00000000e3a00000|  0%| F|  |TAMS 0x00000000e3900000, 0x00000000e3900000| Untracked 
|  58|0x00000000e3a00000, 0x00000000e3a00000, 0x00000000e3b00000|  0%| F|  |TAMS 0x00000000e3a00000, 0x00000000e3a00000| Untracked 
|  59|0x00000000e3b00000, 0x00000000e3b00000, 0x00000000e3c00000|  0%| F|  |TAMS 0x00000000e3b00000, 0x00000000e3b00000| Untracked 
|  60|0x00000000e3c00000, 0x00000000e3c00000, 0x00000000e3d00000|  0%| F|  |TAMS 0x00000000e3c00000, 0x00000000e3c00000| Untracked 
|  61|0x00000000e3d00000, 0x00000000e3d00000, 0x00000000e3e00000|  0%| F|  |TAMS 0x00000000e3d00000, 0x00000000e3d00000| Untracked 
|  62|0x00000000e3e00000, 0x00000000e3e00000, 0x00000000e3f00000|  0%| F|  |TAMS 0x00000000e3e00000, 0x00000000e3e00000| Untracked 
|  63|0x00000000e3f00000, 0x00000000e3f00000, 0x00000000e4000000|  0%| F|  |TAMS 0x00000000e3f00000, 0x00000000e3f00000| Untracked 
|  64|0x00000000e4000000, 0x00000000e4000000, 0x00000000e4100000|  0%| F|  |TAMS 0x00000000e4000000, 0x00000000e4000000| Untracked 
|  65|0x00000000e4100000, 0x00000000e4100000, 0x00000000e4200000|  0%| F|  |TAMS 0x00000000e4100000, 0x00000000e4100000| Untracked 
|  66|0x00000000e4200000, 0x00000000e4200000, 0x00000000e4300000|  0%| F|  |TAMS 0x00000000e4200000, 0x00000000e4200000| Untracked 
|  67|0x00000000e4300000, 0x00000000e4300000, 0x00000000e4400000|  0%| F|  |TAMS 0x00000000e4300000, 0x00000000e4300000| Untracked 
|  68|0x00000000e4400000, 0x00000000e4400000, 0x00000000e4500000|  0%| F|  |TAMS 0x00000000e4400000, 0x00000000e4400000| Untracked 
|  69|0x00000000e4500000, 0x00000000e4500000, 0x00000000e4600000|  0%| F|  |TAMS 0x00000000e4500000, 0x00000000e4500000| Untracked 
|  70|0x00000000e4600000, 0x00000000e4600000, 0x00000000e4700000|  0%| F|  |TAMS 0x00000000e4600000, 0x00000000e4600000| Untracked 
|  71|0x00000000e4700000, 0x00000000e4700000, 0x00000000e4800000|  0%| F|  |TAMS 0x00000000e4700000, 0x00000000e4700000| Untracked 
|  72|0x00000000e4800000, 0x00000000e4800000, 0x00000000e4900000|  0%| F|  |TAMS 0x00000000e4800000, 0x00000000e4800000| Untracked 
|  73|0x00000000e4900000, 0x00000000e4900000, 0x00000000e4a00000|  0%| F|  |TAMS 0x00000000e4900000, 0x00000000e4900000| Untracked 
|  74|0x00000000e4a00000, 0x00000000e4a00000, 0x00000000e4b00000|  0%| F|  |TAMS 0x00000000e4a00000, 0x00000000e4a00000| Untracked 
|  75|0x00000000e4b00000, 0x00000000e4b00000, 0x00000000e4c00000|  0%| F|  |TAMS 0x00000000e4b00000, 0x00000000e4b00000| Untracked 
|  76|0x00000000e4c00000, 0x00000000e4c00000, 0x00000000e4d00000|  0%| F|  |TAMS 0x00000000e4c00000, 0x00000000e4c00000| Untracked 
|  77|0x00000000e4d00000, 0x00000000e4d00000, 0x00000000e4e00000|  0%| F|  |TAMS 0x00000000e4d00000, 0x00000000e4d00000| Untracked 
|  78|0x00000000e4e00000, 0x00000000e4e00000, 0x00000000e4f00000|  0%| F|  |TAMS 0x00000000e4e00000, 0x00000000e4e00000| Untracked 
|  79|0x00000000e4f00000, 0x00000000e4f00000, 0x00000000e5000000|  0%| F|  |TAMS 0x00000000e4f00000, 0x00000000e4f00000| Untracked 
|  80|0x00000000e5000000, 0x00000000e5000000, 0x00000000e5100000|  0%| F|  |TAMS 0x00000000e5000000, 0x00000000e5000000| Untracked 
|  81|0x00000000e5100000, 0x00000000e5100000, 0x00000000e5200000|  0%| F|  |TAMS 0x00000000e5100000, 0x00000000e5100000| Untracked 
|  82|0x00000000e5200000, 0x00000000e5200000, 0x00000000e5300000|  0%| F|  |TAMS 0x00000000e5200000, 0x00000000e5200000| Untracked 
|  83|0x00000000e5300000, 0x00000000e5300000, 0x00000000e5400000|  0%| F|  |TAMS 0x00000000e5300000, 0x00000000e5300000| Untracked 
|  84|0x00000000e5400000, 0x00000000e5400000, 0x00000000e5500000|  0%| F|  |TAMS 0x00000000e5400000, 0x00000000e5400000| Untracked 
|  85|0x00000000e5500000, 0x00000000e5500000, 0x00000000e5600000|  0%| F|  |TAMS 0x00000000e5500000, 0x00000000e5500000| Untracked 
|  86|0x00000000e5600000, 0x00000000e5600000, 0x00000000e5700000|  0%| F|  |TAMS 0x00000000e5600000, 0x00000000e5600000| Untracked 
|  87|0x00000000e5700000, 0x00000000e5700000, 0x00000000e5800000|  0%| F|  |TAMS 0x00000000e5700000, 0x00000000e5700000| Untracked 
|  88|0x00000000e5800000, 0x00000000e5800000, 0x00000000e5900000|  0%| F|  |TAMS 0x00000000e5800000, 0x00000000e5800000| Untracked 
|  89|0x00000000e5900000, 0x00000000e5900000, 0x00000000e5a00000|  0%| F|  |TAMS 0x00000000e5900000, 0x00000000e5900000| Untracked 
|  90|0x00000000e5a00000, 0x00000000e5a00000, 0x00000000e5b00000|  0%| F|  |TAMS 0x00000000e5a00000, 0x00000000e5a00000| Untracked 
|  91|0x00000000e5b00000, 0x00000000e5b00000, 0x00000000e5c00000|  0%| F|  |TAMS 0x00000000e5b00000, 0x00000000e5b00000| Untracked 
|  92|0x00000000e5c00000, 0x00000000e5c00000, 0x00000000e5d00000|  0%| F|  |TAMS 0x00000000e5c00000, 0x00000000e5c00000| Untracked 
|  93|0x00000000e5d00000, 0x00000000e5d00000, 0x00000000e5e00000|  0%| F|  |TAMS 0x00000000e5d00000, 0x00000000e5d00000| Untracked 
|  94|0x00000000e5e00000, 0x00000000e5e00000, 0x00000000e5f00000|  0%| F|  |TAMS 0x00000000e5e00000, 0x00000000e5e00000| Untracked 
|  95|0x00000000e5f00000, 0x00000000e5f00000, 0x00000000e6000000|  0%| F|  |TAMS 0x00000000e5f00000, 0x00000000e5f00000| Untracked 
|  96|0x00000000e6000000, 0x00000000e6000000, 0x00000000e6100000|  0%| F|  |TAMS 0x00000000e6000000, 0x00000000e6000000| Untracked 
|  97|0x00000000e6100000, 0x00000000e6100000, 0x00000000e6200000|  0%| F|  |TAMS 0x00000000e6100000, 0x00000000e6100000| Untracked 
|  98|0x00000000e6200000, 0x00000000e6200000, 0x00000000e6300000|  0%| F|  |TAMS 0x00000000e6200000, 0x00000000e6200000| Untracked 
|  99|0x00000000e6300000, 0x00000000e6300000, 0x00000000e6400000|  0%| F|  |TAMS 0x00000000e6300000, 0x00000000e6300000| Untracked 
| 100|0x00000000e6400000, 0x00000000e6400000, 0x00000000e6500000|  0%| F|  |TAMS 0x00000000e6400000, 0x00000000e6400000| Untracked 
| 101|0x00000000e6500000, 0x00000000e6500000, 0x00000000e6600000|  0%| F|  |TAMS 0x00000000e6500000, 0x00000000e6500000| Untracked 
| 102|0x00000000e6600000, 0x00000000e6600000, 0x00000000e6700000|  0%| F|  |TAMS 0x00000000e6600000, 0x00000000e6600000| Untracked 
| 103|0x00000000e6700000, 0x00000000e6700000, 0x00000000e6800000|  0%| F|  |TAMS 0x00000000e6700000, 0x00000000e6700000| Untracked 
| 104|0x00000000e6800000, 0x00000000e6800000, 0x00000000e6900000|  0%| F|  |TAMS 0x00000000e6800000, 0x00000000e6800000| Untracked 
| 105|0x00000000e6900000, 0x00000000e6900000, 0x00000000e6a00000|  0%| F|  |TAMS 0x00000000e6900000, 0x00000000e6900000| Untracked 
| 106|0x00000000e6a00000, 0x00000000e6a00000, 0x00000000e6b00000|  0%| F|  |TAMS 0x00000000e6a00000, 0x00000000e6a00000| Untracked 
| 107|0x00000000e6b00000, 0x00000000e6b00000, 0x00000000e6c00000|  0%| F|  |TAMS 0x00000000e6b00000, 0x00000000e6b00000| Untracked 
| 108|0x00000000e6c00000, 0x00000000e6c00000, 0x00000000e6d00000|  0%| F|  |TAMS 0x00000000e6c00000, 0x00000000e6c00000| Untracked 
| 109|0x00000000e6d00000, 0x00000000e6d00000, 0x00000000e6e00000|  0%| F|  |TAMS 0x00000000e6d00000, 0x00000000e6d00000| Untracked 
| 110|0x00000000e6e00000, 0x00000000e6e00000, 0x00000000e6f00000|  0%| F|  |TAMS 0x00000000e6e00000, 0x00000000e6e00000| Untracked 
| 111|0x00000000e6f00000, 0x00000000e6f00000, 0x00000000e7000000|  0%| F|  |TAMS 0x00000000e6f00000, 0x00000000e6f00000| Untracked 
| 112|0x00000000e7000000, 0x00000000e7000000, 0x00000000e7100000|  0%| F|  |TAMS 0x00000000e7000000, 0x00000000e7000000| Untracked 
| 113|0x00000000e7100000, 0x00000000e7100000, 0x00000000e7200000|  0%| F|  |TAMS 0x00000000e7100000, 0x00000000e7100000| Untracked 
| 114|0x00000000e7200000, 0x00000000e7200000, 0x00000000e7300000|  0%| F|  |TAMS 0x00000000e7200000, 0x00000000e7200000| Untracked 
| 115|0x00000000e7300000, 0x00000000e7300000, 0x00000000e7400000|  0%| F|  |TAMS 0x00000000e7300000, 0x00000000e7300000| Untracked 
| 116|0x00000000e7400000, 0x00000000e7400000, 0x00000000e7500000|  0%| F|  |TAMS 0x00000000e7400000, 0x00000000e7400000| Untracked 
| 117|0x00000000e7500000, 0x00000000e7500000, 0x00000000e7600000|  0%| F|  |TAMS 0x00000000e7500000, 0x00000000e7500000| Untracked 
| 118|0x00000000e7600000, 0x00000000e7600000, 0x00000000e7700000|  0%| F|  |TAMS 0x00000000e7600000, 0x00000000e7600000| Untracked 
| 119|0x00000000e7700000, 0x00000000e7700000, 0x00000000e7800000|  0%| F|  |TAMS 0x00000000e7700000, 0x00000000e7700000| Untracked 
| 120|0x00000000e7800000, 0x00000000e7800000, 0x00000000e7900000|  0%| F|  |TAMS 0x00000000e7800000, 0x00000000e7800000| Untracked 
| 121|0x00000000e7900000, 0x00000000e7900000, 0x00000000e7a00000|  0%| F|  |TAMS 0x00000000e7900000, 0x00000000e7900000| Untracked 
| 122|0x00000000e7a00000, 0x00000000e7a00000, 0x00000000e7b00000|  0%| F|  |TAMS 0x00000000e7a00000, 0x00000000e7a00000| Untracked 
| 123|0x00000000e7b00000, 0x00000000e7b00000, 0x00000000e7c00000|  0%| F|  |TAMS 0x00000000e7b00000, 0x00000000e7b00000| Untracked 
| 124|0x00000000e7c00000, 0x00000000e7c00000, 0x00000000e7d00000|  0%| F|  |TAMS 0x00000000e7c00000, 0x00000000e7c00000| Untracked 
| 125|0x00000000e7d00000, 0x00000000e7d00000, 0x00000000e7e00000|  0%| F|  |TAMS 0x00000000e7d00000, 0x00000000e7d00000| Untracked 
| 126|0x00000000e7e00000, 0x00000000e7e00000, 0x00000000e7f00000|  0%| F|  |TAMS 0x00000000e7e00000, 0x00000000e7e00000| Untracked 
| 127|0x00000000e7f00000, 0x00000000e7f00000, 0x00000000e8000000|  0%| F|  |TAMS 0x00000000e7f00000, 0x00000000e7f00000| Untracked 
| 128|0x00000000e8000000, 0x00000000e8000000, 0x00000000e8100000|  0%| F|  |TAMS 0x00000000e8000000, 0x00000000e8000000| Untracked 
| 129|0x00000000e8100000, 0x00000000e8100000, 0x00000000e8200000|  0%| F|  |TAMS 0x00000000e8100000, 0x00000000e8100000| Untracked 
| 130|0x00000000e8200000, 0x00000000e8200000, 0x00000000e8300000|  0%| F|  |TAMS 0x00000000e8200000, 0x00000000e8200000| Untracked 
| 131|0x00000000e8300000, 0x00000000e8300000, 0x00000000e8400000|  0%| F|  |TAMS 0x00000000e8300000, 0x00000000e8300000| Untracked 
| 132|0x00000000e8400000, 0x00000000e8400000, 0x00000000e8500000|  0%| F|  |TAMS 0x00000000e8400000, 0x00000000e8400000| Untracked 
| 133|0x00000000e8500000, 0x00000000e8500000, 0x00000000e8600000|  0%| F|  |TAMS 0x00000000e8500000, 0x00000000e8500000| Untracked 
| 134|0x00000000e8600000, 0x00000000e8600000, 0x00000000e8700000|  0%| F|  |TAMS 0x00000000e8600000, 0x00000000e8600000| Untracked 
| 135|0x00000000e8700000, 0x00000000e8700000, 0x00000000e8800000|  0%| F|  |TAMS 0x00000000e8700000, 0x00000000e8700000| Untracked 
| 136|0x00000000e8800000, 0x00000000e8800000, 0x00000000e8900000|  0%| F|  |TAMS 0x00000000e8800000, 0x00000000e8800000| Untracked 
| 137|0x00000000e8900000, 0x00000000e8900000, 0x00000000e8a00000|  0%| F|  |TAMS 0x00000000e8900000, 0x00000000e8900000| Untracked 
| 138|0x00000000e8a00000, 0x00000000e8a00000, 0x00000000e8b00000|  0%| F|  |TAMS 0x00000000e8a00000, 0x00000000e8a00000| Untracked 
| 139|0x00000000e8b00000, 0x00000000e8b00000, 0x00000000e8c00000|  0%| F|  |TAMS 0x00000000e8b00000, 0x00000000e8b00000| Untracked 
| 140|0x00000000e8c00000, 0x00000000e8c00000, 0x00000000e8d00000|  0%| F|  |TAMS 0x00000000e8c00000, 0x00000000e8c00000| Untracked 
| 141|0x00000000e8d00000, 0x00000000e8d00000, 0x00000000e8e00000|  0%| F|  |TAMS 0x00000000e8d00000, 0x00000000e8d00000| Untracked 
| 142|0x00000000e8e00000, 0x00000000e8e00000, 0x00000000e8f00000|  0%| F|  |TAMS 0x00000000e8e00000, 0x00000000e8e00000| Untracked 
| 143|0x00000000e8f00000, 0x00000000e8f00000, 0x00000000e9000000|  0%| F|  |TAMS 0x00000000e8f00000, 0x00000000e8f00000| Untracked 
| 144|0x00000000e9000000, 0x00000000e9000000, 0x00000000e9100000|  0%| F|  |TAMS 0x00000000e9000000, 0x00000000e9000000| Untracked 
| 145|0x00000000e9100000, 0x00000000e9100000, 0x00000000e9200000|  0%| F|  |TAMS 0x00000000e9100000, 0x00000000e9100000| Untracked 
| 146|0x00000000e9200000, 0x00000000e9200000, 0x00000000e9300000|  0%| F|  |TAMS 0x00000000e9200000, 0x00000000e9200000| Untracked 
| 147|0x00000000e9300000, 0x00000000e9300000, 0x00000000e9400000|  0%| F|  |TAMS 0x00000000e9300000, 0x00000000e9300000| Untracked 
| 148|0x00000000e9400000, 0x00000000e9400000, 0x00000000e9500000|  0%| F|  |TAMS 0x00000000e9400000, 0x00000000e9400000| Untracked 
| 149|0x00000000e9500000, 0x00000000e9500000, 0x00000000e9600000|  0%| F|  |TAMS 0x00000000e9500000, 0x00000000e9500000| Untracked 
| 150|0x00000000e9600000, 0x00000000e9600000, 0x00000000e9700000|  0%| F|  |TAMS 0x00000000e9600000, 0x00000000e9600000| Untracked 
| 151|0x00000000e9700000, 0x00000000e9700000, 0x00000000e9800000|  0%| F|  |TAMS 0x00000000e9700000, 0x00000000e9700000| Untracked 
| 152|0x00000000e9800000, 0x00000000e9800000, 0x00000000e9900000|  0%| F|  |TAMS 0x00000000e9800000, 0x00000000e9800000| Untracked 
| 153|0x00000000e9900000, 0x00000000e9900000, 0x00000000e9a00000|  0%| F|  |TAMS 0x00000000e9900000, 0x00000000e9900000| Untracked 
| 154|0x00000000e9a00000, 0x00000000e9a00000, 0x00000000e9b00000|  0%| F|  |TAMS 0x00000000e9a00000, 0x00000000e9a00000| Untracked 
| 155|0x00000000e9b00000, 0x00000000e9b00000, 0x00000000e9c00000|  0%| F|  |TAMS 0x00000000e9b00000, 0x00000000e9b00000| Untracked 
| 156|0x00000000e9c00000, 0x00000000e9c00000, 0x00000000e9d00000|  0%| F|  |TAMS 0x00000000e9c00000, 0x00000000e9c00000| Untracked 
| 157|0x00000000e9d00000, 0x00000000e9d00000, 0x00000000e9e00000|  0%| F|  |TAMS 0x00000000e9d00000, 0x00000000e9d00000| Untracked 
| 158|0x00000000e9e00000, 0x00000000e9e00000, 0x00000000e9f00000|  0%| F|  |TAMS 0x00000000e9e00000, 0x00000000e9e00000| Untracked 
| 159|0x00000000e9f00000, 0x00000000e9f00000, 0x00000000ea000000|  0%| F|  |TAMS 0x00000000e9f00000, 0x00000000e9f00000| Untracked 
| 160|0x00000000ea000000, 0x00000000ea000000, 0x00000000ea100000|  0%| F|  |TAMS 0x00000000ea000000, 0x00000000ea000000| Untracked 
| 161|0x00000000ea100000, 0x00000000ea100000, 0x00000000ea200000|  0%| F|  |TAMS 0x00000000ea100000, 0x00000000ea100000| Untracked 
| 162|0x00000000ea200000, 0x00000000ea200000, 0x00000000ea300000|  0%| F|  |TAMS 0x00000000ea200000, 0x00000000ea200000| Untracked 
| 163|0x00000000ea300000, 0x00000000ea300000, 0x00000000ea400000|  0%| F|  |TAMS 0x00000000ea300000, 0x00000000ea300000| Untracked 
| 164|0x00000000ea400000, 0x00000000ea400000, 0x00000000ea500000|  0%| F|  |TAMS 0x00000000ea400000, 0x00000000ea400000| Untracked 
| 165|0x00000000ea500000, 0x00000000ea500000, 0x00000000ea600000|  0%| F|  |TAMS 0x00000000ea500000, 0x00000000ea500000| Untracked 
| 166|0x00000000ea600000, 0x00000000ea600000, 0x00000000ea700000|  0%| F|  |TAMS 0x00000000ea600000, 0x00000000ea600000| Untracked 
| 167|0x00000000ea700000, 0x00000000ea700000, 0x00000000ea800000|  0%| F|  |TAMS 0x00000000ea700000, 0x00000000ea700000| Untracked 
| 168|0x00000000ea800000, 0x00000000ea800000, 0x00000000ea900000|  0%| F|  |TAMS 0x00000000ea800000, 0x00000000ea800000| Untracked 
| 169|0x00000000ea900000, 0x00000000ea900000, 0x00000000eaa00000|  0%| F|  |TAMS 0x00000000ea900000, 0x00000000ea900000| Untracked 
| 170|0x00000000eaa00000, 0x00000000eaa00000, 0x00000000eab00000|  0%| F|  |TAMS 0x00000000eaa00000, 0x00000000eaa00000| Untracked 
| 171|0x00000000eab00000, 0x00000000eab00000, 0x00000000eac00000|  0%| F|  |TAMS 0x00000000eab00000, 0x00000000eab00000| Untracked 
| 172|0x00000000eac00000, 0x00000000eac00000, 0x00000000ead00000|  0%| F|  |TAMS 0x00000000eac00000, 0x00000000eac00000| Untracked 
| 173|0x00000000ead00000, 0x00000000ead00000, 0x00000000eae00000|  0%| F|  |TAMS 0x00000000ead00000, 0x00000000ead00000| Untracked 
| 174|0x00000000eae00000, 0x00000000eae00000, 0x00000000eaf00000|  0%| F|  |TAMS 0x00000000eae00000, 0x00000000eae00000| Untracked 
| 175|0x00000000eaf00000, 0x00000000eaf00000, 0x00000000eb000000|  0%| F|  |TAMS 0x00000000eaf00000, 0x00000000eaf00000| Untracked 
| 176|0x00000000eb000000, 0x00000000eb000000, 0x00000000eb100000|  0%| F|  |TAMS 0x00000000eb000000, 0x00000000eb000000| Untracked 
| 177|0x00000000eb100000, 0x00000000eb100000, 0x00000000eb200000|  0%| F|  |TAMS 0x00000000eb100000, 0x00000000eb100000| Untracked 
| 178|0x00000000eb200000, 0x00000000eb200000, 0x00000000eb300000|  0%| F|  |TAMS 0x00000000eb200000, 0x00000000eb200000| Untracked 
| 179|0x00000000eb300000, 0x00000000eb300000, 0x00000000eb400000|  0%| F|  |TAMS 0x00000000eb300000, 0x00000000eb300000| Untracked 
| 180|0x00000000eb400000, 0x00000000eb400000, 0x00000000eb500000|  0%| F|  |TAMS 0x00000000eb400000, 0x00000000eb400000| Untracked 
| 181|0x00000000eb500000, 0x00000000eb500000, 0x00000000eb600000|  0%| F|  |TAMS 0x00000000eb500000, 0x00000000eb500000| Untracked 
| 182|0x00000000eb600000, 0x00000000eb600000, 0x00000000eb700000|  0%| F|  |TAMS 0x00000000eb600000, 0x00000000eb600000| Untracked 
| 183|0x00000000eb700000, 0x00000000eb700000, 0x00000000eb800000|  0%| F|  |TAMS 0x00000000eb700000, 0x00000000eb700000| Untracked 
| 184|0x00000000eb800000, 0x00000000eb800000, 0x00000000eb900000|  0%| F|  |TAMS 0x00000000eb800000, 0x00000000eb800000| Untracked 
| 185|0x00000000eb900000, 0x00000000eb900000, 0x00000000eba00000|  0%| F|  |TAMS 0x00000000eb900000, 0x00000000eb900000| Untracked 
| 186|0x00000000eba00000, 0x00000000eba00000, 0x00000000ebb00000|  0%| F|  |TAMS 0x00000000eba00000, 0x00000000eba00000| Untracked 
| 187|0x00000000ebb00000, 0x00000000ebb00000, 0x00000000ebc00000|  0%| F|  |TAMS 0x00000000ebb00000, 0x00000000ebb00000| Untracked 
| 188|0x00000000ebc00000, 0x00000000ebc00000, 0x00000000ebd00000|  0%| F|  |TAMS 0x00000000ebc00000, 0x00000000ebc00000| Untracked 
| 189|0x00000000ebd00000, 0x00000000ebe00000, 0x00000000ebe00000|100%| E|  |TAMS 0x00000000ebd00000, 0x00000000ebd00000| Complete 
| 190|0x00000000ebe00000, 0x00000000ebf00000, 0x00000000ebf00000|100%| E|CS|TAMS 0x00000000ebe00000, 0x00000000ebe00000| Complete 
| 191|0x00000000ebf00000, 0x00000000ec000000, 0x00000000ec000000|100%| E|CS|TAMS 0x00000000ebf00000, 0x00000000ebf00000| Complete 
| 192|0x00000000ec000000, 0x00000000ec100000, 0x00000000ec100000|100%| E|CS|TAMS 0x00000000ec000000, 0x00000000ec000000| Complete 
| 193|0x00000000ec100000, 0x00000000ec200000, 0x00000000ec200000|100%| E|CS|TAMS 0x00000000ec100000, 0x00000000ec100000| Complete 
| 194|0x00000000ec200000, 0x00000000ec300000, 0x00000000ec300000|100%| E|CS|TAMS 0x00000000ec200000, 0x00000000ec200000| Complete 
| 195|0x00000000ec300000, 0x00000000ec400000, 0x00000000ec400000|100%| E|CS|TAMS 0x00000000ec300000, 0x00000000ec300000| Complete 
| 196|0x00000000ec400000, 0x00000000ec500000, 0x00000000ec500000|100%| E|CS|TAMS 0x00000000ec400000, 0x00000000ec400000| Complete 
| 197|0x00000000ec500000, 0x00000000ec600000, 0x00000000ec600000|100%| E|CS|TAMS 0x00000000ec500000, 0x00000000ec500000| Complete 
| 198|0x00000000ec600000, 0x00000000ec700000, 0x00000000ec700000|100%| E|CS|TAMS 0x00000000ec600000, 0x00000000ec600000| Complete 
| 199|0x00000000ec700000, 0x00000000ec800000, 0x00000000ec800000|100%| E|CS|TAMS 0x00000000ec700000, 0x00000000ec700000| Complete 
| 200|0x00000000ec800000, 0x00000000ec900000, 0x00000000ec900000|100%| E|CS|TAMS 0x00000000ec800000, 0x00000000ec800000| Complete 
| 201|0x00000000ec900000, 0x00000000eca00000, 0x00000000eca00000|100%| E|CS|TAMS 0x00000000ec900000, 0x00000000ec900000| Complete 
| 202|0x00000000eca00000, 0x00000000ecb00000, 0x00000000ecb00000|100%| E|CS|TAMS 0x00000000eca00000, 0x00000000eca00000| Complete 
| 203|0x00000000ecb00000, 0x00000000ecc00000, 0x00000000ecc00000|100%| E|CS|TAMS 0x00000000ecb00000, 0x00000000ecb00000| Complete 
| 204|0x00000000ecc00000, 0x00000000ecd00000, 0x00000000ecd00000|100%| E|CS|TAMS 0x00000000ecc00000, 0x00000000ecc00000| Complete 
| 205|0x00000000ecd00000, 0x00000000ece00000, 0x00000000ece00000|100%| E|CS|TAMS 0x00000000ecd00000, 0x00000000ecd00000| Complete 
| 206|0x00000000ece00000, 0x00000000ecf00000, 0x00000000ecf00000|100%| E|CS|TAMS 0x00000000ece00000, 0x00000000ece00000| Complete 
| 207|0x00000000ecf00000, 0x00000000ed000000, 0x00000000ed000000|100%| E|CS|TAMS 0x00000000ecf00000, 0x00000000ecf00000| Complete 
| 208|0x00000000ed000000, 0x00000000ed100000, 0x00000000ed100000|100%| E|CS|TAMS 0x00000000ed000000, 0x00000000ed000000| Complete 
| 209|0x00000000ed100000, 0x00000000ed200000, 0x00000000ed200000|100%| E|CS|TAMS 0x00000000ed100000, 0x00000000ed100000| Complete 
| 210|0x00000000ed200000, 0x00000000ed300000, 0x00000000ed300000|100%| E|CS|TAMS 0x00000000ed200000, 0x00000000ed200000| Complete 
| 211|0x00000000ed300000, 0x00000000ed400000, 0x00000000ed400000|100%| E|CS|TAMS 0x00000000ed300000, 0x00000000ed300000| Complete 
| 212|0x00000000ed400000, 0x00000000ed500000, 0x00000000ed500000|100%| E|CS|TAMS 0x00000000ed400000, 0x00000000ed400000| Complete 
| 213|0x00000000ed500000, 0x00000000ed600000, 0x00000000ed600000|100%| E|CS|TAMS 0x00000000ed500000, 0x00000000ed500000| Complete 
| 214|0x00000000ed600000, 0x00000000ed700000, 0x00000000ed700000|100%| E|CS|TAMS 0x00000000ed600000, 0x00000000ed600000| Complete 
| 215|0x00000000ed700000, 0x00000000ed800000, 0x00000000ed800000|100%| E|CS|TAMS 0x00000000ed700000, 0x00000000ed700000| Complete 
| 216|0x00000000ed800000, 0x00000000ed900000, 0x00000000ed900000|100%| E|CS|TAMS 0x00000000ed800000, 0x00000000ed800000| Complete 
| 217|0x00000000ed900000, 0x00000000eda00000, 0x00000000eda00000|100%| E|CS|TAMS 0x00000000ed900000, 0x00000000ed900000| Complete 
| 218|0x00000000eda00000, 0x00000000edb00000, 0x00000000edb00000|100%| E|CS|TAMS 0x00000000eda00000, 0x00000000eda00000| Complete 
| 219|0x00000000edb00000, 0x00000000edc00000, 0x00000000edc00000|100%| E|CS|TAMS 0x00000000edb00000, 0x00000000edb00000| Complete 
| 220|0x00000000edc00000, 0x00000000edd00000, 0x00000000edd00000|100%| E|CS|TAMS 0x00000000edc00000, 0x00000000edc00000| Complete 
| 221|0x00000000edd00000, 0x00000000ede00000, 0x00000000ede00000|100%| E|CS|TAMS 0x00000000edd00000, 0x00000000edd00000| Complete 
| 222|0x00000000ede00000, 0x00000000edf00000, 0x00000000edf00000|100%| E|CS|TAMS 0x00000000ede00000, 0x00000000ede00000| Complete 
| 223|0x00000000edf00000, 0x00000000ee000000, 0x00000000ee000000|100%| E|CS|TAMS 0x00000000edf00000, 0x00000000edf00000| Complete 
| 224|0x00000000ee000000, 0x00000000ee100000, 0x00000000ee100000|100%| E|CS|TAMS 0x00000000ee000000, 0x00000000ee000000| Complete 
| 225|0x00000000ee100000, 0x00000000ee1c0570, 0x00000000ee200000| 75%| S|CS|TAMS 0x00000000ee100000, 0x00000000ee100000| Complete 
| 226|0x00000000ee200000, 0x00000000ee300000, 0x00000000ee300000|100%| E|CS|TAMS 0x00000000ee200000, 0x00000000ee200000| Complete 
| 227|0x00000000ee300000, 0x00000000ee400000, 0x00000000ee400000|100%| E|CS|TAMS 0x00000000ee300000, 0x00000000ee300000| Complete 
| 228|0x00000000ee400000, 0x00000000ee500000, 0x00000000ee500000|100%| E|CS|TAMS 0x00000000ee400000, 0x00000000ee400000| Complete 
| 229|0x00000000ee500000, 0x00000000ee600000, 0x00000000ee600000|100%| E|CS|TAMS 0x00000000ee500000, 0x00000000ee500000| Complete 
| 230|0x00000000ee600000, 0x00000000ee700000, 0x00000000ee700000|100%| E|CS|TAMS 0x00000000ee600000, 0x00000000ee600000| Complete 
| 231|0x00000000ee700000, 0x00000000ee800000, 0x00000000ee800000|100%| E|CS|TAMS 0x00000000ee700000, 0x00000000ee700000| Complete 
| 232|0x00000000ee800000, 0x00000000ee900000, 0x00000000ee900000|100%| E|CS|TAMS 0x00000000ee800000, 0x00000000ee800000| Complete 
| 233|0x00000000ee900000, 0x00000000eea00000, 0x00000000eea00000|100%| E|CS|TAMS 0x00000000ee900000, 0x00000000ee900000| Complete 
| 234|0x00000000eea00000, 0x00000000eeb00000, 0x00000000eeb00000|100%| E|CS|TAMS 0x00000000eea00000, 0x00000000eea00000| Complete 
| 235|0x00000000eeb00000, 0x00000000eec00000, 0x00000000eec00000|100%| E|CS|TAMS 0x00000000eeb00000, 0x00000000eeb00000| Complete 
| 236|0x00000000eec00000, 0x00000000eed00000, 0x00000000eed00000|100%| E|CS|TAMS 0x00000000eec00000, 0x00000000eec00000| Complete 
| 237|0x00000000eed00000, 0x00000000eee00000, 0x00000000eee00000|100%| E|CS|TAMS 0x00000000eed00000, 0x00000000eed00000| Complete 
| 238|0x00000000eee00000, 0x00000000eef00000, 0x00000000eef00000|100%| E|CS|TAMS 0x00000000eee00000, 0x00000000eee00000| Complete 
| 239|0x00000000eef00000, 0x00000000ef000000, 0x00000000ef000000|100%| E|CS|TAMS 0x00000000eef00000, 0x00000000eef00000| Complete 
| 240|0x00000000ef000000, 0x00000000ef100000, 0x00000000ef100000|100%| E|CS|TAMS 0x00000000ef000000, 0x00000000ef000000| Complete 
| 241|0x00000000ef100000, 0x00000000ef200000, 0x00000000ef200000|100%| E|CS|TAMS 0x00000000ef100000, 0x00000000ef100000| Complete 
| 242|0x00000000ef200000, 0x00000000ef300000, 0x00000000ef300000|100%| E|CS|TAMS 0x00000000ef200000, 0x00000000ef200000| Complete 
| 243|0x00000000ef300000, 0x00000000ef400000, 0x00000000ef400000|100%| E|CS|TAMS 0x00000000ef300000, 0x00000000ef300000| Complete 
| 244|0x00000000ef400000, 0x00000000ef500000, 0x00000000ef500000|100%| E|CS|TAMS 0x00000000ef400000, 0x00000000ef400000| Complete 
| 245|0x00000000ef500000, 0x00000000ef600000, 0x00000000ef600000|100%| E|CS|TAMS 0x00000000ef500000, 0x00000000ef500000| Complete 
| 246|0x00000000ef600000, 0x00000000ef700000, 0x00000000ef700000|100%| E|CS|TAMS 0x00000000ef600000, 0x00000000ef600000| Complete 
| 247|0x00000000ef700000, 0x00000000ef800000, 0x00000000ef800000|100%| E|CS|TAMS 0x00000000ef700000, 0x00000000ef700000| Complete 
| 248|0x00000000ef800000, 0x00000000ef900000, 0x00000000ef900000|100%| E|CS|TAMS 0x00000000ef800000, 0x00000000ef800000| Complete 
| 249|0x00000000ef900000, 0x00000000efa00000, 0x00000000efa00000|100%| E|CS|TAMS 0x00000000ef900000, 0x00000000ef900000| Complete 
| 250|0x00000000efa00000, 0x00000000efb00000, 0x00000000efb00000|100%| E|CS|TAMS 0x00000000efa00000, 0x00000000efa00000| Complete 
| 251|0x00000000efb00000, 0x00000000efc00000, 0x00000000efc00000|100%| E|  |TAMS 0x00000000efb00000, 0x00000000efb00000| Complete 
| 252|0x00000000efc00000, 0x00000000efd00000, 0x00000000efd00000|100%| E|CS|TAMS 0x00000000efc00000, 0x00000000efc00000| Complete 
| 253|0x00000000efd00000, 0x00000000efe00000, 0x00000000efe00000|100%| E|CS|TAMS 0x00000000efd00000, 0x00000000efd00000| Complete 
| 254|0x00000000efe00000, 0x00000000eff00000, 0x00000000eff00000|100%| E|CS|TAMS 0x00000000efe00000, 0x00000000efe00000| Complete 
| 255|0x00000000eff00000, 0x00000000f0000000, 0x00000000f0000000|100%| E|CS|TAMS 0x00000000eff00000, 0x00000000eff00000| Complete 

Card table byte_map: [0x0000018dff920000,0x0000018dffa20000] _byte_map_base: 0x0000018dff220000

Marking Bits (Prev, Next): (CMBitMap*) 0x0000018de8a35690, (CMBitMap*) 0x0000018de8a356d0
 Prev Bits: [0x0000018d80000000, 0x0000018d80800000)
 Next Bits: [0x0000018d80800000, 0x0000018d81000000)

Polling page: 0x0000018de81d0000

Metaspace:

Usage:
  Non-class:     12.17 MB used.
      Class:      1.95 MB used.
       Both:     14.12 MB used.

Virtual space:
  Non-class space:       64.00 MB reserved,      12.31 MB ( 19%) committed,  1 nodes.
      Class space:      320.00 MB reserved,       2.06 MB ( <1%) committed,  1 nodes.
             Both:      384.00 MB reserved,      14.38 MB (  4%) committed. 

Chunk freelists:
   Non-Class:  3.34 MB
       Class:  13.94 MB
        Both:  17.28 MB

MaxMetaspaceSize: 384.00 MB
CompressedClassSpaceSize: 320.00 MB
Initial GC threshold: 21.00 MB
Current GC threshold: 21.00 MB
CDS: on
MetaspaceReclaimPolicy: balanced
 - commit_granule_bytes: 65536.
 - commit_granule_words: 8192.
 - virtual_space_node_default_size: 8388608.
 - enlarge_chunks_in_place: 1.
 - new_chunks_are_fully_committed: 0.
 - uncommit_free_chunks: 1.
 - use_allocation_guard: 0.
 - handle_deallocations: 1.


Internal statistics:

num_allocs_failed_limit: 0.
num_arena_births: 192.
num_arena_deaths: 0.
num_vsnodes_births: 2.
num_vsnodes_deaths: 0.
num_space_committed: 230.
num_space_uncommitted: 0.
num_chunks_returned_to_freelist: 0.
num_chunks_taken_from_freelist: 616.
num_chunk_merges: 0.
num_chunk_splits: 429.
num_chunks_enlarged: 333.
num_inconsistent_stats: 0.

CodeHeap 'non-profiled nmethods': size=120000Kb used=1203Kb max_used=1203Kb free=118796Kb
 bounds [0x0000018df7d90000, 0x0000018df8000000, 0x0000018dff2c0000]
CodeHeap 'profiled nmethods': size=120000Kb used=4885Kb max_used=4885Kb free=115114Kb
 bounds [0x0000018df02c0000, 0x0000018df0790000, 0x0000018df77f0000]
CodeHeap 'non-nmethods': size=5760Kb used=1221Kb max_used=1258Kb free=4538Kb
 bounds [0x0000018df77f0000, 0x0000018df7a60000, 0x0000018df7d90000]
 total_blobs=2925 nmethods=2399 adapters=438
 compilation: enabled
              stopped_count=0, restarted_count=0
 full_count=0

Compilation events (20 events):
Event: 43.239 Thread 0x0000018d83814440 2393       1       jdk.internal.reflect.DelegatingMethodAccessorImpl::setDelegate (6 bytes)
Event: 43.239 Thread 0x0000018d83814440 nmethod 2393 0x0000018df7ebc690 code [0x0000018df7ebc820, 0x0000018df7ebc938]
Event: 43.241 Thread 0x0000018d83814440 2395       3       jdk.internal.reflect.MethodAccessorImpl::<init> (5 bytes)
Event: 43.241 Thread 0x0000018d83814440 nmethod 2395 0x0000018df0780090 code [0x0000018df0780240, 0x0000018df07803f8]
Event: 43.241 Thread 0x0000018d83814440 2394       1       java.lang.reflect.Method::getMethodAccessor (5 bytes)
Event: 43.242 Thread 0x0000018d83814440 nmethod 2394 0x0000018df7ebc990 code [0x0000018df7ebcb20, 0x0000018df7ebcbf8]
Event: 43.242 Thread 0x0000018d83814440 2396       1       jdk.internal.reflect.NativeMethodAccessorImpl::setParent (6 bytes)
Event: 43.242 Thread 0x0000018d83814440 nmethod 2396 0x0000018df7ebcc90 code [0x0000018df7ebce20, 0x0000018df7ebcf38]
Event: 43.253 Thread 0x0000018d83814440 2397       3       java.util.ArrayList::add (25 bytes)
Event: 43.253 Thread 0x0000018d83814440 nmethod 2397 0x0000018df0780510 code [0x0000018df07806e0, 0x0000018df0780b08]
Event: 43.253 Thread 0x0000018d83814440 2398       3       org.gradle.internal.file.FilePathUtil::sizeOfCommonPrefix (142 bytes)
Event: 43.256 Thread 0x0000018d83814440 nmethod 2398 0x0000018df0780d10 code [0x0000018df0781160, 0x0000018df0783398]
Event: 43.256 Thread 0x0000018d83814440 2399       3       org.gradle.internal.file.FileHierarchySet$Node::sizeOfCommonPrefix (10 bytes)
Event: 43.256 Thread 0x0000018d83814440 nmethod 2399 0x0000018df0784110 code [0x0000018df07842c0, 0x0000018df0784468]
Event: 43.256 Thread 0x0000018d83814440 2400       3       org.gradle.internal.file.FilePathUtil::sizeOfCommonPrefix (10 bytes)
Event: 43.257 Thread 0x0000018d83814440 nmethod 2400 0x0000018df0784590 code [0x0000018df0784720, 0x0000018df0784848]
Event: 43.258 Thread 0x0000018d83814440 2401       3       jdk.internal.misc.Unsafe::putIntUnaligned (79 bytes)
Event: 43.258 Thread 0x0000018d83814440 nmethod 2401 0x0000018df0784910 code [0x0000018df0784ae0, 0x0000018df0784e98]
Event: 43.267 Thread 0x0000018d83814440 2402       3       jdk.internal.misc.Unsafe::putIntUnaligned (14 bytes)
Event: 43.267 Thread 0x0000018d83814440 nmethod 2402 0x0000018df0784f90 code [0x0000018df0785140, 0x0000018df0785398]

GC Heap History (4 events):
Event: 5.507 GC heap before
{Heap before GC invocations=0 (full 0):
 garbage-first heap   total 262144K, used 26624K [0x00000000e0000000, 0x0000000100000000)
  region size 1024K, 23 young (23552K), 0 survivors (0K)
 Metaspace       used 3038K, committed 3200K, reserved 393216K
  class space    used 387K, committed 448K, reserved 327680K
}
Event: 5.926 GC heap after
{Heap after GC invocations=1 (full 0):
 garbage-first heap   total 262144K, used 10945K [0x00000000e0000000, 0x0000000100000000)
  region size 1024K, 3 young (3072K), 3 survivors (3072K)
 Metaspace       used 3038K, committed 3200K, reserved 393216K
  class space    used 387K, committed 448K, reserved 327680K
}
Event: 7.588 GC heap before
{Heap before GC invocations=1 (full 0):
 garbage-first heap   total 262144K, used 38593K [0x00000000e0000000, 0x0000000100000000)
  region size 1024K, 30 young (30720K), 3 survivors (3072K)
 Metaspace       used 4006K, committed 4160K, reserved 393216K
  class space    used 492K, committed 576K, reserved 327680K
}
Event: 7.592 GC heap after
{Heap after GC invocations=2 (full 0):
 garbage-first heap   total 262144K, used 11750K [0x00000000e0000000, 0x0000000100000000)
  region size 1024K, 1 young (1024K), 1 survivors (1024K)
 Metaspace       used 4006K, committed 4160K, reserved 393216K
  class space    used 492K, committed 576K, reserved 327680K
}

Deoptimization events (20 events):
Event: 39.749 Thread 0x0000018d83cfff90 Uncommon trap: trap_request=0xffffff45 fr.pc=0x0000018df7e2d8e8 relative=0x0000000000000248
Event: 39.749 Thread 0x0000018d83cfff90 Uncommon trap: reason=unstable_if action=reinterpret pc=0x0000018df7e2d8e8 method=java.util.concurrent.ConcurrentHashMap.get(Ljava/lang/Object;)Ljava/lang/Object; @ 76 c2
Event: 39.749 Thread 0x0000018d83cfff90 DEOPT PACKING pc=0x0000018df7e2d8e8 sp=0x000000859fcfb8d0
Event: 39.749 Thread 0x0000018d83cfff90 DEOPT UNPACKING pc=0x0000018df78423a3 sp=0x000000859fcfb848 mode 2
Event: 43.079 Thread 0x0000018d83cfff90 Uncommon trap: trap_request=0xffffff45 fr.pc=0x0000018df7daea38 relative=0x0000000000000198
Event: 43.079 Thread 0x0000018d83cfff90 Uncommon trap: reason=unstable_if action=reinterpret pc=0x0000018df7daea38 method=java.util.regex.Matcher.reset()Ljava/util/regex/Matcher; @ 47 c2
Event: 43.079 Thread 0x0000018d83cfff90 DEOPT PACKING pc=0x0000018df7daea38 sp=0x000000859fcfaf00
Event: 43.079 Thread 0x0000018d83cfff90 DEOPT UNPACKING pc=0x0000018df78423a3 sp=0x000000859fcfae90 mode 2
Event: 43.150 Thread 0x0000018d83cfff90 Uncommon trap: trap_request=0xffffff45 fr.pc=0x0000018df7e1963c relative=0x000000000000071c
Event: 43.150 Thread 0x0000018d83cfff90 Uncommon trap: reason=unstable_if action=reinterpret pc=0x0000018df7e1963c method=java.util.ArrayList.grow(I)[Ljava/lang/Object; @ 17 c2
Event: 43.150 Thread 0x0000018d83cfff90 DEOPT PACKING pc=0x0000018df7e1963c sp=0x000000859fcfcfe0
Event: 43.150 Thread 0x0000018d83cfff90 DEOPT UNPACKING pc=0x0000018df78423a3 sp=0x000000859fcfce78 mode 2
Event: 43.259 Thread 0x0000018d83cfff90 Uncommon trap: trap_request=0xffffff45 fr.pc=0x0000018df7db1f8c relative=0x0000000000000a8c
Event: 43.259 Thread 0x0000018d83cfff90 Uncommon trap: reason=unstable_if action=reinterpret pc=0x0000018df7db1f8c method=java.io.WinNTFileSystem.resolve(Ljava/lang/String;Ljava/lang/String;)Ljava/lang/String; @ 19 c2
Event: 43.259 Thread 0x0000018d83cfff90 DEOPT PACKING pc=0x0000018df7db1f8c sp=0x000000859fcfcec0
Event: 43.259 Thread 0x0000018d83cfff90 DEOPT UNPACKING pc=0x0000018df78423a3 sp=0x000000859fcfce68 mode 2
Event: 43.267 Thread 0x0000018d83cfff90 Uncommon trap: trap_request=0xffffff45 fr.pc=0x0000018df7e02384 relative=0x00000000000005c4
Event: 43.267 Thread 0x0000018d83cfff90 Uncommon trap: reason=unstable_if action=reinterpret pc=0x0000018df7e02384 method=java.io.File.getName()Ljava/lang/String; @ 16 c2
Event: 43.267 Thread 0x0000018d83cfff90 DEOPT PACKING pc=0x0000018df7e02384 sp=0x000000859fcfce60
Event: 43.268 Thread 0x0000018d83cfff90 DEOPT UNPACKING pc=0x0000018df78423a3 sp=0x000000859fcfce30 mode 2

Classes unloaded (0 events):
No events

Classes redefined (0 events):
No events

Internal exceptions (20 events):
Event: 12.015 Thread 0x0000018de8a054c0 Exception <a 'java/lang/NoSuchMethodError'{0x00000000ee7d1d38}: 'java.lang.Object java.lang.invoke.DirectMethodHandle$Holder.invokeInterface(java.lang.Object, java.lang.Object)'> (0x00000000ee7d1d38) 
thrown [s\open\src\hotspot\share\interpreter\linkResolver.cpp, line 759]
Event: 13.187 Thread 0x0000018de8a054c0 Exception <a 'java/lang/NoSuchMethodError'{0x00000000edf1e150}: 'java.lang.Object java.lang.invoke.DirectMethodHandle$Holder.invokeStaticInit(java.lang.Object, int, int, int, int)'> (0x00000000edf1e150) 
thrown [s\open\src\hotspot\share\interpreter\linkResolver.cpp, line 759]
Event: 14.942 Thread 0x0000018de8a054c0 Exception <a 'java/lang/NoSuchMethodError'{0x00000000edfda0b0}: 'java.lang.Object java.lang.invoke.DirectMethodHandle$Holder.invokeStaticInit(java.lang.Object, java.lang.Object, int, int, int, int)'> (0x00000000edfda0b0) 
thrown [s\open\src\hotspot\share\interpreter\linkResolver.cpp, line 759]
Event: 20.718 Thread 0x0000018de8a054c0 Exception <a 'java/lang/NoSuchMethodError'{0x00000000eddfa8d8}: 'void java.lang.invoke.DirectMethodHandle$Holder.invokeStatic(java.lang.Object, java.lang.Object, java.lang.Object)'> (0x00000000eddfa8d8) 
thrown [s\open\src\hotspot\share\interpreter\linkResolver.cpp, line 759]
Event: 20.777 Thread 0x0000018de8a054c0 Exception <a 'java/io/IOException'{0x00000000edcc3990}> (0x00000000edcc3990) 
thrown [s\open\src\hotspot\share\prims\jni.cpp, line 516]
Event: 37.008 Thread 0x0000018d83cfff90 Exception <a 'java/lang/NoSuchMethodError'{0x00000000ed313d20}: 'long java.lang.invoke.DirectMethodHandle$Holder.invokeInterface(java.lang.Object, java.lang.Object)'> (0x00000000ed313d20) 
thrown [s\open\src\hotspot\share\interpreter\linkResolver.cpp, line 759]
Event: 37.746 Thread 0x0000018d83cfff90 Exception <a 'java/lang/NoSuchMethodError'{0x00000000ed34b738}: 'java.lang.Object java.lang.invoke.DirectMethodHandle$Holder.invokeVirtual(java.lang.Object, java.lang.Object, java.lang.Object)'> (0x00000000ed34b738) 
thrown [s\open\src\hotspot\share\interpreter\linkResolver.cpp, line 759]
Event: 39.552 Thread 0x0000018d83cfff90 Exception <a 'java/lang/NoSuchMethodError'{0x00000000ed0fb0a0}: 'void java.lang.invoke.DirectMethodHandle$Holder.invokeStatic(java.lang.Object, java.lang.Object)'> (0x00000000ed0fb0a0) 
thrown [s\open\src\hotspot\share\interpreter\linkResolver.cpp, line 759]
Event: 39.891 Thread 0x0000018d83cfff90 Exception <a 'java/lang/NoSuchMethodError'{0x00000000ecb6ac30}: 'java.lang.Object java.lang.invoke.DirectMethodHandle$Holder.newInvokeSpecial(java.lang.Object, java.lang.Object, java.lang.Object, java.lang.Object, java.lang.Object, java.lang.Object)'> (0x00000000ecb6ac30) 
thrown [s\open\src\hotspot\share\interpreter\linkResolver.cpp, line 759]
Event: 39.896 Thread 0x0000018d83cfff90 Exception <a 'java/lang/NoSuchMethodError'{0x00000000ecb82738}: 'void java.lang.invoke.DirectMethodHandle$Holder.invokeSpecial(java.lang.Object, java.lang.Object, java.lang.Object, java.lang.Object, java.lang.Object)'> (0x00000000ecb82738) 
thrown [s\open\src\hotspot\share\interpreter\linkResolver.cpp, line 759]
Event: 39.901 Thread 0x0000018d83cfff90 Exception <a 'java/lang/NoSuchMethodError'{0x00000000ecb967b0}: 'void java.lang.invoke.DirectMethodHandle$Holder.invokeStaticInit(java.lang.Object, java.lang.Object)'> (0x00000000ecb967b0) 
thrown [s\open\src\hotspot\share\interpreter\linkResolver.cpp, line 759]
Event: 40.012 Thread 0x0000018d83cfff90 Exception <a 'java/lang/NoSuchMethodError'{0x00000000ecaa0088}: 'java.lang.Object java.lang.invoke.DirectMethodHandle$Holder.newInvokeSpecial(java.lang.Object, java.lang.Object, java.lang.Object, int, java.lang.Object, java.lang.Object)'> (0x00000000ecaa0088) 
thrown [s\open\src\hotspot\share\interpreter\linkResolver.cpp, line 759]
Event: 40.109 Thread 0x0000018d83cfff90 Exception <a 'java/lang/NoSuchMethodError'{0x00000000ec861dd0}: 'void java.lang.invoke.DelegatingMethodHandle$Holder.reinvoke_L(java.lang.Object, java.lang.Object, java.lang.Object, java.lang.Object, java.lang.Object, java.lang.Object, java.lang.Object, java.lang.Object, java.lang.Object, java.lang.Object)'> (0x00000000ec861dd0) 
thrown [s\open\src\hotspot\share\interpreter\linkResolver.cpp, line 759]
Event: 40.113 Thread 0x0000018d83cfff90 Exception <a 'java/lang/NoSuchMethodError'{0x00000000ec86a240}: 'java.lang.Object java.lang.invoke.DirectMethodHandle$Holder.invokeSpecial(java.lang.Object, java.lang.Object, java.lang.Object, java.lang.Object, java.lang.Object, java.lang.Object, java.lang.Object, java.lang.Object, java.lang.Object, java.lang.Object)'> (0x00000000ec86a240) 
thrown [s\open\src\hotspot\share\interpreter\linkResolver.cpp, line 759]
Event: 40.114 Thread 0x0000018d83cfff90 Exception <a 'java/lang/NoSuchMethodError'{0x00000000ec86eb10}: 'java.lang.Object java.lang.invoke.Invokers$Holder.invoker(java.lang.Object, java.lang.Object, java.lang.Object, java.lang.Object, java.lang.Object, java.lang.Object, java.lang.Object, java.lang.Object, java.lang.Object, java.lang.Object)'> (0x00000000ec86eb10) 
thrown [s\open\src\hotspot\share\interpreter\linkResolver.cpp, line 759]
Event: 40.115 Thread 0x0000018d83cfff90 Exception <a 'java/lang/NoSuchMethodError'{0x00000000ec874698}: 'java.lang.Object java.lang.invoke.DirectMethodHandle$Holder.invokeSpecial(java.lang.Object, java.lang.Object, java.lang.Object, java.lang.Object, java.lang.Object, java.lang.Object, java.lang.Object, java.lang.Object, java.lang.Object, java.lang.Object, java.lang.Object)'> (0x00000000ec874698) 
thrown [s\open\src\hotspot\share\interpreter\linkResolver.cpp, line 759]
Event: 41.493 Thread 0x0000018d83cfff90 Exception <a 'java/lang/NoSuchMethodError'{0x00000000ec261ed8}: 'void java.lang.invoke.DirectMethodHandle$Holder.invokeStaticInit(java.lang.Object)'> (0x00000000ec261ed8) 
thrown [s\open\src\hotspot\share\interpreter\linkResolver.cpp, line 759]
Event: 41.526 Thread 0x0000018d83cfff90 Exception <a 'java/lang/NoSuchMethodError'{0x00000000ec1121c8}: 'java.lang.Object java.lang.invoke.DirectMethodHandle$Holder.newInvokeSpecial(java.lang.Object, java.lang.Object, java.lang.Object, int)'> (0x00000000ec1121c8) 
thrown [s\open\src\hotspot\share\interpreter\linkResolver.cpp, line 759]
Event: 41.527 Thread 0x0000018d83cfff90 Exception <a 'java/lang/NoSuchMethodError'{0x00000000ec116af8}: 'java.lang.Object java.lang.invoke.DirectMethodHandle$Holder.invokeSpecial(java.lang.Object, java.lang.Object, java.lang.Object, java.lang.Object, int)'> (0x00000000ec116af8) 
thrown [s\open\src\hotspot\share\interpreter\linkResolver.cpp, line 759]
Event: 41.528 Thread 0x0000018d83cfff90 Exception <a 'java/lang/NoSuchMethodError'{0x00000000ec11ac10}: 'java.lang.Object java.lang.invoke.Invokers$Holder.linkToTargetMethod(java.lang.Object, java.lang.Object, int, java.lang.Object)'> (0x00000000ec11ac10) 
thrown [s\open\src\hotspot\share\interpreter\linkResolver.cpp, line 759]

VM Operations (20 events):
Event: 30.368 Executing VM operation: Cleanup
Event: 30.370 Executing VM operation: Cleanup done
Event: 31.378 Executing VM operation: Cleanup
Event: 31.378 Executing VM operation: Cleanup done
Event: 35.418 Executing VM operation: Cleanup
Event: 35.919 Executing VM operation: Cleanup done
Event: 36.933 Executing VM operation: Cleanup
Event: 36.980 Executing VM operation: Cleanup done
Event: 37.995 Executing VM operation: Cleanup
Event: 38.027 Executing VM operation: Cleanup done
Event: 39.039 Executing VM operation: Cleanup
Event: 39.180 Executing VM operation: Cleanup done
Event: 40.040 Executing VM operation: HandshakeAllThreads
Event: 40.040 Executing VM operation: HandshakeAllThreads done
Event: 41.051 Executing VM operation: Cleanup
Event: 41.115 Executing VM operation: Cleanup done
Event: 42.124 Executing VM operation: Cleanup
Event: 42.141 Executing VM operation: Cleanup done
Event: 43.155 Executing VM operation: Cleanup
Event: 43.171 Executing VM operation: Cleanup done

Events (20 events):
Event: 41.470 loading class java/nio/file/attribute/PosixFilePermissions done
Event: 41.470 loading class java/nio/file/attribute/PosixFilePermissions$1
Event: 41.470 loading class java/nio/file/attribute/PosixFilePermissions$1 done
Event: 41.475 loading class sun/invoke/util/VerifyAccess$1
Event: 41.475 loading class sun/invoke/util/VerifyAccess$1 done
Event: 41.521 loading class java/util/concurrent/ArrayBlockingQueue
Event: 41.522 loading class java/util/concurrent/ArrayBlockingQueue done
Event: 41.523 loading class java/util/concurrent/locks/ReentrantLock$FairSync
Event: 41.523 loading class java/util/concurrent/locks/ReentrantLock$FairSync done
Event: 41.524 Thread 0x0000018d9e539d60 Thread added: 0x0000018d9e539d60
Event: 41.533 loading class sun/misc/Unsafe
Event: 41.538 loading class sun/misc/Unsafe done
Event: 41.571 Thread 0x0000018d9e536ac0 Thread added: 0x0000018d9e536ac0
Event: 41.573 loading class java/net/DatagramPacket
Event: 41.573 loading class java/net/DatagramPacket done
Event: 41.575 loading class sun/nio/ch/DatagramSocketAdaptor$DatagramPackets
Event: 41.575 loading class sun/nio/ch/DatagramSocketAdaptor$DatagramPackets done
Event: 43.060 Thread 0x0000018d9e53b1a0 Thread added: 0x0000018d9e53b1a0
Event: 43.266 loading class java/io/File$TempDirectory
Event: 43.266 loading class java/io/File$TempDirectory done


Dynamic libraries:
0x00007ff7edc00000 - 0x00007ff7edc10000 	C:\Program Files\Java\jdk-17\bin\java.exe
0x00007ffb981d0000 - 0x00007ffb983e7000 	C:\WINDOWS\SYSTEM32\ntdll.dll
0x00007ffb975e0000 - 0x00007ffb976a4000 	C:\WINDOWS\System32\KERNEL32.DLL
0x00007ffb955e0000 - 0x00007ffb95987000 	C:\WINDOWS\System32\KERNELBASE.dll
0x00007ffb95bd0000 - 0x00007ffb95ce1000 	C:\WINDOWS\System32\ucrtbase.dll
0x00007ffb7c4f0000 - 0x00007ffb7c509000 	C:\Program Files\Java\jdk-17\bin\jli.dll
0x00007ffb96770000 - 0x00007ffb96822000 	C:\WINDOWS\System32\ADVAPI32.dll
0x00007ffb966b0000 - 0x00007ffb96757000 	C:\WINDOWS\System32\msvcrt.dll
0x00007ffb96550000 - 0x00007ffb965f8000 	C:\WINDOWS\System32\sechost.dll
0x00007ffb955b0000 - 0x00007ffb955d8000 	C:\WINDOWS\System32\bcrypt.dll
0x00007ffb96c60000 - 0x00007ffb96d75000 	C:\WINDOWS\System32\RPCRT4.dll
0x00007ffb96220000 - 0x00007ffb963ce000 	C:\WINDOWS\System32\USER32.dll
0x00007ffb95ba0000 - 0x00007ffb95bc6000 	C:\WINDOWS\System32\win32u.dll
0x00007ffb96440000 - 0x00007ffb96469000 	C:\WINDOWS\System32\GDI32.dll
0x00007ffb95a00000 - 0x00007ffb95b19000 	C:\WINDOWS\System32\gdi32full.dll
0x00007ffb95cf0000 - 0x00007ffb95d8a000 	C:\WINDOWS\System32\msvcp_win.dll
0x00007ffb90570000 - 0x00007ffb9058b000 	C:\Program Files\Java\jdk-17\bin\VCRUNTIME140.dll
0x00007ffb92fe0000 - 0x00007ffb92fea000 	C:\WINDOWS\SYSTEM32\VERSION.dll
0x00007ffb7f130000 - 0x00007ffb7f3c3000 	C:\WINDOWS\WinSxS\amd64_microsoft.windows.common-controls_6595b64144ccf1df_6.0.22621.3527_none_270e469b73872a76\COMCTL32.dll
0x00007ffb963d0000 - 0x00007ffb96401000 	C:\WINDOWS\System32\IMM32.DLL
0x00007ffb90560000 - 0x00007ffb9056c000 	C:\Program Files\Java\jdk-17\bin\vcruntime140_1.dll
0x00007ffb7c1f0000 - 0x00007ffb7c27e000 	C:\Program Files\Java\jdk-17\bin\msvcp140.dll
0x00007ffb130e0000 - 0x00007ffb13cc0000 	C:\Program Files\Java\jdk-17\bin\server\jvm.dll
0x00007ffb96430000 - 0x00007ffb96438000 	C:\WINDOWS\System32\PSAPI.DLL
0x00007ffb71d20000 - 0x00007ffb71d29000 	C:\WINDOWS\SYSTEM32\WSOCK32.dll
0x00007ffb964d0000 - 0x00007ffb96541000 	C:\WINDOWS\System32\WS2_32.dll
0x00007ffb8d440000 - 0x00007ffb8d474000 	C:\WINDOWS\SYSTEM32\WINMM.dll
0x00007ffb94470000 - 0x00007ffb94488000 	C:\WINDOWS\SYSTEM32\kernel.appcore.dll
0x00007ffb7d4b0000 - 0x00007ffb7d4ba000 	C:\Program Files\Java\jdk-17\bin\jimage.dll
0x00007ffb894b0000 - 0x00007ffb896e3000 	C:\WINDOWS\SYSTEM32\DBGHELP.DLL
0x00007ffb97b30000 - 0x00007ffb97eb8000 	C:\WINDOWS\System32\combase.dll
0x00007ffb96140000 - 0x00007ffb96217000 	C:\WINDOWS\System32\OLEAUT32.dll
0x00007ffb6bb70000 - 0x00007ffb6bba2000 	C:\WINDOWS\SYSTEM32\dbgcore.DLL
0x00007ffb95b20000 - 0x00007ffb95b99000 	C:\WINDOWS\System32\bcryptPrimitives.dll
0x00007ffb7c4e0000 - 0x00007ffb7c4ee000 	C:\Program Files\Java\jdk-17\bin\instrument.dll
0x00007ffb7c1c0000 - 0x00007ffb7c1e5000 	C:\Program Files\Java\jdk-17\bin\java.dll
0x00007ffb57af0000 - 0x00007ffb57bc7000 	C:\Program Files\Java\jdk-17\bin\jsvml.dll
0x00007ffb96d80000 - 0x00007ffb975dc000 	C:\WINDOWS\System32\SHELL32.dll
0x00007ffb933e0000 - 0x00007ffb93cd6000 	C:\WINDOWS\SYSTEM32\windows.storage.dll
0x00007ffb932a0000 - 0x00007ffb933de000 	C:\WINDOWS\SYSTEM32\wintypes.dll
0x00007ffb97ec0000 - 0x00007ffb97fb5000 	C:\WINDOWS\System32\SHCORE.dll
0x00007ffb96a40000 - 0x00007ffb96a9e000 	C:\WINDOWS\System32\shlwapi.dll
0x00007ffb95420000 - 0x00007ffb95441000 	C:\WINDOWS\SYSTEM32\profapi.dll
0x00007ffb7c1a0000 - 0x00007ffb7c1b8000 	C:\Program Files\Java\jdk-17\bin\zip.dll
0x00007ffb7c180000 - 0x00007ffb7c199000 	C:\Program Files\Java\jdk-17\bin\net.dll
0x00007ffb8e9c0000 - 0x00007ffb8eaf6000 	C:\WINDOWS\SYSTEM32\WINHTTP.dll
0x00007ffb94940000 - 0x00007ffb949a9000 	C:\WINDOWS\system32\mswsock.dll
0x00007ffb7c160000 - 0x00007ffb7c176000 	C:\Program Files\Java\jdk-17\bin\nio.dll
0x00007ffb7c3d0000 - 0x00007ffb7c3e0000 	C:\Program Files\Java\jdk-17\bin\verify.dll
0x00007ffb62230000 - 0x00007ffb62257000 	C:\Users\siva0\.gradle\native\c067742578af261105cb4f569cf0c3c89f3d7b1fecec35dd04571415982c5e48\windows-amd64\native-platform.dll
0x00007ffb55cf0000 - 0x00007ffb55e34000 	C:\Users\siva0\.gradle\native\38dada09dfb8b06ba9b0570ebf7e218e3eb74d4ef43ca46872605cf95ebc2f47\windows-amd64\native-platform-file-events.dll
0x00007ffb7c130000 - 0x00007ffb7c13a000 	C:\Program Files\Java\jdk-17\bin\management.dll
0x00007ffb7c120000 - 0x00007ffb7c12b000 	C:\Program Files\Java\jdk-17\bin\management_ext.dll
0x00007ffb94bf0000 - 0x00007ffb94c0b000 	C:\WINDOWS\SYSTEM32\CRYPTSP.dll
0x00007ffb94430000 - 0x00007ffb94465000 	C:\WINDOWS\system32\rsaenh.dll
0x00007ffb94a60000 - 0x00007ffb94a88000 	C:\WINDOWS\SYSTEM32\USERENV.dll
0x00007ffb94be0000 - 0x00007ffb94bec000 	C:\WINDOWS\SYSTEM32\CRYPTBASE.dll
0x00007ffb93f40000 - 0x00007ffb93f6d000 	C:\WINDOWS\SYSTEM32\IPHLPAPI.DLL
0x00007ffb96760000 - 0x00007ffb96769000 	C:\WINDOWS\System32\NSI.dll
0x00007ffb8ed00000 - 0x00007ffb8ed19000 	C:\WINDOWS\SYSTEM32\dhcpcsvc6.DLL
0x00007ffb8e2c0000 - 0x00007ffb8e2df000 	C:\WINDOWS\SYSTEM32\dhcpcsvc.DLL
0x00007ffb93fb0000 - 0x00007ffb940a9000 	C:\WINDOWS\SYSTEM32\DNSAPI.dll
0x00007ffb7c050000 - 0x00007ffb7c05e000 	C:\Program Files\Java\jdk-17\bin\sunmscapi.dll
0x00007ffb95d90000 - 0x00007ffb95ef7000 	C:\WINDOWS\System32\CRYPT32.dll
0x00007ffb94da0000 - 0x00007ffb94dce000 	C:\WINDOWS\SYSTEM32\ncrypt.dll
0x00007ffb94d60000 - 0x00007ffb94d97000 	C:\WINDOWS\SYSTEM32\NTASN1.dll
0x00007ffb8ace0000 - 0x00007ffb8ace8000 	C:\WINDOWS\system32\wshunix.dll

dbghelp: loaded successfully - version: 4.0.5 - missing functions: none
symbol engine: initialized successfully - sym options: 0x614 - pdb path: .;C:\Program Files\Java\jdk-17\bin;C:\WINDOWS\SYSTEM32;C:\WINDOWS\WinSxS\amd64_microsoft.windows.common-controls_6595b64144ccf1df_6.0.22621.3527_none_270e469b73872a76;C:\Program Files\Java\jdk-17\bin\server;C:\Users\siva0\.gradle\native\c067742578af261105cb4f569cf0c3c89f3d7b1fecec35dd04571415982c5e48\windows-amd64;C:\Users\siva0\.gradle\native\38dada09dfb8b06ba9b0570ebf7e218e3eb74d4ef43ca46872605cf95ebc2f47\windows-amd64

VM Arguments:
jvm_args: --add-opens=java.base/java.util=ALL-UNNAMED --add-opens=java.base/java.lang=ALL-UNNAMED --add-opens=java.base/java.lang.invoke=ALL-UNNAMED --add-opens=java.prefs/java.util.prefs=ALL-UNNAMED --add-opens=java.base/java.nio.charset=ALL-UNNAMED --add-opens=java.base/java.net=ALL-UNNAMED --add-opens=java.base/java.util.concurrent.atomic=ALL-UNNAMED -XX:MaxMetaspaceSize=384m -XX:+HeapDumpOnOutOfMemoryError -Xms256m -Xmx512m -Dfile.encoding=windows-1252 -Duser.country=US -Duser.language=en -Duser.variant -javaagent:C:\Users\siva0\.gradle\wrapper\dists\gradle-8.5-bin\5t9huq95ubn472n8rpzujfbqh\gradle-8.5\lib\agents\gradle-instrumentation-agent-8.5.jar 
java_command: org.gradle.launcher.daemon.bootstrap.GradleDaemon 8.5
java_class_path (initial): C:\Users\siva0\.gradle\wrapper\dists\gradle-8.5-bin\5t9huq95ubn472n8rpzujfbqh\gradle-8.5\lib\gradle-launcher-8.5.jar
Launcher Type: SUN_STANDARD

[Global flags]
     intx CICompilerCount                          = 4                                         {product} {ergonomic}
   size_t CompressedClassSpaceSize                 = 335544320                                 {product} {ergonomic}
     uint ConcGCThreads                            = 3                                         {product} {ergonomic}
     uint G1ConcRefinementThreads                  = 10                                        {product} {ergonomic}
   size_t G1HeapRegionSize                         = 1048576                                   {product} {ergonomic}
    uintx GCDrainStackTargetSize                   = 64                                        {product} {ergonomic}
     bool HeapDumpOnOutOfMemoryError               = true                                   {manageable} {command line}
   size_t InitialHeapSize                          = 268435456                                 {product} {command line}
   size_t MarkStackSize                            = 4194304                                   {product} {ergonomic}
   size_t MaxHeapSize                              = 536870912                                 {product} {command line}
   size_t MaxMetaspaceSize                         = 402653184                                 {product} {command line}
   size_t MaxNewSize                               = 321912832                                 {product} {ergonomic}
   size_t MinHeapDeltaBytes                        = 1048576                                   {product} {ergonomic}
   size_t MinHeapSize                              = 268435456                                 {product} {command line}
    uintx NonNMethodCodeHeapSize                   = 5839372                                {pd product} {ergonomic}
    uintx NonProfiledCodeHeapSize                  = 122909434                              {pd product} {ergonomic}
    uintx ProfiledCodeHeapSize                     = 122909434                              {pd product} {ergonomic}
    uintx ReservedCodeCacheSize                    = 251658240                              {pd product} {ergonomic}
     bool SegmentedCodeCache                       = true                                      {product} {ergonomic}
   size_t SoftMaxHeapSize                          = 536870912                              {manageable} {ergonomic}
     bool UseCompressedClassPointers               = true                           {product lp64_product} {ergonomic}
     bool UseCompressedOops                        = true                           {product lp64_product} {ergonomic}
     bool UseG1GC                                  = true                                      {product} {ergonomic}
     bool UseLargePagesIndividualAllocation        = false                                  {pd product} {ergonomic}

Logging:
Log output configuration:
 #0: stdout all=warning uptime,level,tags
 #1: stderr all=off uptime,level,tags

Environment Variables:
JAVA_HOME=C:\Program Files\Java\jdk-17
PATH=C:\Program Files\OpenJDK\jdk-8.0.292.10-hotspot\bin;C:\Program Files\Common Files\Oracle\Java\javapath;C:\Windows\system32;C:\Windows;C:\Windows\System32\Wbem;C:\Windows\System32\WindowsPowerShell\v1.0\;C:\Windows\System32\OpenSSH\;C:\Program Files (x86)\NVIDIA Corporation\PhysX\Common;C:\WINDOWS\system32;C:\WINDOWS;C:\WINDOWS\System32\Wbem;C:\WINDOWS\System32\WindowsPowerShell\v1.0\;C:\WINDOWS\System32\OpenSSH\;C:\Program Files\PuTTY\;C:\Program Files\Graphviz\bin;C:\Program Files\gettext-iconv\bin;C:\Program Files\Docker\Docker\resources\bin;C:\Users\siva0\AppData\Local\Programs\Python\Python37\Scripts\;C:\Users\siva0\AppData\Local\Programs\Python\Python37\;C:\Users\siva0\.cargo\bin;C:\Program Files\MySQL\MySQL Shell 8.0\bin\;C:\Users\siva0\AppData\Local\Programs\Python\Python310\Scripts\;C:\Users\siva0\AppData\Local\Programs\Python\Python310\;C:\Users\siva0\AppData\Local\Microsoft\WindowsApps;C:\Users\siva0\AppData\Local\Programs\Microsoft VS Code\bin;C:\Program Files\heroku\bin\;C:\Program Files\PostgreSQL\14\bin;C:\Users\siva0\AppData\Local\GitHub;C:\ProgramData\chocolatey\bin;C:\Program Files\Amazon\AWSCLIV2\;C:\Program Files\Git\cmd;C:\Users\siva0\AppData\Local\Programs\Python\Python37\Scripts\;C:\Users\siva0\AppData\Local\Programs\Python\Python37\;C:\Users\siva0\.cargo\bin;C:\Program Files\MySQL\MySQL Shell 8.0\bin\;C:\Users\siva0\AppData\Local\Programs\Python\Python310\Scripts\;C:\Users\siva0\AppData\Local\Programs\Python\Python310\;C:\Users\siva0\AppData\Local\Microsoft\WindowsApps;C:\Users\siva0\AppData\Local\Programs\Microsoft VS Code\bin;C:\Program Files\heroku\bin\;C:\Program Files\PostgreSQL\14\bin;C:\Users\siva0\AppData\Local\GitHubDesktop\bin;C:\Users\siva0\Downloads\elasticsearch-8.6.2\bin;C:\Users\siva0\Downloads\C2C;C:\Users\siva0\Downloads\gettext0.21-iconv1.16-static-64\bin;C:\Program Files\OpenSSL-Win64\bin;C:\Temp\lightsailctl\;C:\Program Files\Git\usr\bin;C:\texlive\2023\bin\windows;C:\texlive\2023\bin\windows;C:\Program Files\New Relic\Ne
USERNAME=siva0
OS=Windows_NT
PROCESSOR_IDENTIFIER=AMD64 Family 23 Model 96 Stepping 1, AuthenticAMD



---------------  S Y S T E M  ---------------

OS:
 Windows 11 , 64 bit Build 22621 (10.0.22621.3527)
OS uptime: 0 days 3:26 hours
Hyper-V role detected

CPU: total 12 (initial active 12) (12 cores per cpu, 2 threads per core) family 23 model 96 stepping 1 microcode 0x0, cx8, cmov, fxsr, ht, mmx, 3dnowpref, sse, sse2, sse3, ssse3, sse4a, sse4.1, sse4.2, popcnt, lzcnt, tsc, tscinvbit, avx, avx2, aes, clmul, bmi1, bmi2, adx, sha, fma, vzeroupper, clflush, clflushopt, hv

Memory: 4k page, system-wide physical 7539M (15M free)
TotalPageFile size 31091M (AvailPageFile size 0M)
current process WorkingSet (physical memory assigned to process): 88M, peak: 89M
current process commit charge ("private bytes"): 396M, peak: 405M

vm_info: Java HotSpot(TM) 64-Bit Server VM (17.0.11+7-LTS-207) for windows-amd64 JRE (17.0.11+7-LTS-207), built on Mar 11 2024 19:01:50 by "mach5one" with MS VC++ 17.6 (VS2022)

END.
