#
# There is insufficient memory for the Java Runtime Environment to continue.
# Native memory allocation (malloc) failed to allocate 665456 bytes for Chunk::new
# Possible reasons:
#   The system is out of physical RAM or swap space
#   The process is running with CompressedOops enabled, and the Java Heap may be blocking the growth of the native heap
# Possible solutions:
#   Reduce memory load on the system
#   Increase physical memory or swap space
#   Check if swap backing store is full
#   Decrease Java heap size (-Xmx/-Xms)
#   Decrease number of Java threads
#   Decrease Java thread stack sizes (-Xss)
#   Set larger code cache with -XX:ReservedCodeCacheSize=
#   JVM is running with Unscaled Compressed Oops mode in which the Java heap is
#     placed in the first 4GB address space. The Java Heap base address is the
#     maximum limit for the native heap growth. Please use -XX:HeapBaseMinAddress
#     to set the Java Heap base and to place the Java Heap above 4GB virtual address.
# This output file may be truncated or incomplete.
#
#  Out of Memory Error (arena.cpp:189), pid=25448, tid=24668
#
# JRE version: Java(TM) SE Runtime Environment (17.0.11+7) (build 17.0.11+7-LTS-207)
# Java VM: Java HotSpot(TM) 64-Bit Server VM (17.0.11+7-LTS-207, mixed mode, sharing, tiered, compressed oops, compressed class ptrs, g1 gc, windows-amd64)
# No core dump will be written. Minidumps are not enabled by default on client versions of Windows
#

---------------  S U M M A R Y ------------

Command Line: --add-opens=java.base/java.util=ALL-UNNAMED --add-opens=java.base/java.lang=ALL-UNNAMED --add-opens=java.base/java.lang.invoke=ALL-UNNAMED --add-opens=java.prefs/java.util.prefs=ALL-UNNAMED --add-opens=java.base/java.nio.charset=ALL-UNNAMED --add-opens=java.base/java.net=ALL-UNNAMED --add-opens=java.base/java.util.concurrent.atomic=ALL-UNNAMED -XX:MaxMetaspaceSize=384m -XX:+HeapDumpOnOutOfMemoryError -Xms256m -Xmx512m -Dfile.encoding=windows-1252 -Duser.country=US -Duser.language=en -Duser.variant -javaagent:C:\Users\siva0\.gradle\wrapper\dists\gradle-8.5-bin\5t9huq95ubn472n8rpzujfbqh\gradle-8.5\lib\agents\gradle-instrumentation-agent-8.5.jar org.gradle.launcher.daemon.bootstrap.GradleDaemon 8.5

Host: AMD Ryzen 5 4600H with Radeon Graphics         , 12 cores, 7G,  Windows 11 , 64 bit Build 22621 (10.0.22621.3527)
Time: Wed May  1 17:16:11 2024 India Standard Time elapsed time: 51.386411 seconds (0d 0h 0m 51s)

---------------  T H R E A D  ---------------

Current thread (0x000001d7e9ae42f0):  JavaThread "C2 CompilerThread0" daemon [_thread_in_native, id=24668, stack(0x000000ae78600000,0x000000ae78700000)]


Current CompileTask:
C2:  51386 2447   !   4       java.lang.ClassLoader::loadClass (121 bytes)

Stack: [0x000000ae78600000,0x000000ae78700000]
Native frames: (J=compiled Java code, j=interpreted, Vv=VM code, C=native code)
V  [jvm.dll+0x679cca]
V  [jvm.dll+0x7da13d]
V  [jvm.dll+0x7dba83]
V  [jvm.dll+0x7dc0f3]
V  [jvm.dll+0x2449af]
V  [jvm.dll+0xab83b]
V  [jvm.dll+0xabe1c]
V  [jvm.dll+0x2a9e6f]
V  [jvm.dll+0x5818d9]
V  [jvm.dll+0x21ed62]
V  [jvm.dll+0x2178f4]
V  [jvm.dll+0x215505]
V  [jvm.dll+0x1a2040]
V  [jvm.dll+0x225a2b]
V  [jvm.dll+0x223bcb]
V  [jvm.dll+0x7903ec]
V  [jvm.dll+0x78a85a]
V  [jvm.dll+0x678bb5]
C  [ucrtbase.dll+0x29333]
C  [KERNEL32.DLL+0x1257d]
C  [ntdll.dll+0x5aa48]


---------------  P R O C E S S  ---------------

Threads class SMR info:
_java_thread_list=0x000001d78421ae70, length=25, elements={
0x000001d7ced796b0, 0x000001d7e9ac3520, 0x000001d7e9ac43a0, 0x000001d7e9adf4b0,
0x000001d7e9ae0070, 0x000001d7e9ae0c30, 0x000001d7e9ae3600, 0x000001d7e9ae42f0,
0x000001d7e9ae4da0, 0x000001d7e9ae97c0, 0x000001d7ff0b8fd0, 0x000001d7ff1655c0,
0x000001d78494b430, 0x000001d78563c030, 0x000001d785626080, 0x000001d785568010,
0x000001d7855684f0, 0x000001d78561dcd0, 0x000001d78561fb30, 0x000001d785620a60,
0x000001d785620f70, 0x000001d78561e6f0, 0x000001d78561ec00, 0x000001d78561f110,
0x000001d785621480
}

Java Threads: ( => current thread )
  0x000001d7ced796b0 JavaThread "main" [_thread_blocked, id=25548, stack(0x000000ae77900000,0x000000ae77a00000)]
  0x000001d7e9ac3520 JavaThread "Reference Handler" daemon [_thread_blocked, id=25596, stack(0x000000ae78000000,0x000000ae78100000)]
  0x000001d7e9ac43a0 JavaThread "Finalizer" daemon [_thread_blocked, id=23980, stack(0x000000ae78100000,0x000000ae78200000)]
  0x000001d7e9adf4b0 JavaThread "Signal Dispatcher" daemon [_thread_blocked, id=24696, stack(0x000000ae78200000,0x000000ae78300000)]
  0x000001d7e9ae0070 JavaThread "Attach Listener" daemon [_thread_blocked, id=24704, stack(0x000000ae78300000,0x000000ae78400000)]
  0x000001d7e9ae0c30 JavaThread "Service Thread" daemon [_thread_blocked, id=24676, stack(0x000000ae78400000,0x000000ae78500000)]
  0x000001d7e9ae3600 JavaThread "Monitor Deflation Thread" daemon [_thread_blocked, id=24680, stack(0x000000ae78500000,0x000000ae78600000)]
=>0x000001d7e9ae42f0 JavaThread "C2 CompilerThread0" daemon [_thread_in_native, id=24668, stack(0x000000ae78600000,0x000000ae78700000)]
  0x000001d7e9ae4da0 JavaThread "C1 CompilerThread0" daemon [_thread_blocked, id=24700, stack(0x000000ae78700000,0x000000ae78800000)]
  0x000001d7e9ae97c0 JavaThread "Sweeper thread" daemon [_thread_blocked, id=24640, stack(0x000000ae78800000,0x000000ae78900000)]
  0x000001d7ff0b8fd0 JavaThread "Common-Cleaner" daemon [_thread_blocked, id=24744, stack(0x000000ae78900000,0x000000ae78a00000)]
  0x000001d7ff1655c0 JavaThread "Notification Thread" daemon [_thread_blocked, id=24732, stack(0x000000ae78a00000,0x000000ae78b00000)]
  0x000001d78494b430 JavaThread "Daemon health stats" [_thread_blocked, id=25816, stack(0x000000ae79100000,0x000000ae79200000)]
  0x000001d78563c030 JavaThread "Incoming local TCP Connector on port 52378" [_thread_in_native, id=26672, stack(0x000000ae79200000,0x000000ae79300000)]
  0x000001d785626080 JavaThread "Daemon periodic checks" [_thread_blocked, id=26824, stack(0x000000ae79300000,0x000000ae79400000)]
  0x000001d785568010 JavaThread "Daemon" [_thread_blocked, id=25460, stack(0x000000ae79400000,0x000000ae79500000)]
  0x000001d7855684f0 JavaThread "Handler for socket connection from /127.0.0.1:52378 to /127.0.0.1:52385" [_thread_in_native, id=24800, stack(0x000000ae79500000,0x000000ae79600000)]
  0x000001d78561dcd0 JavaThread "Cancel handler" [_thread_blocked, id=27668, stack(0x000000ae79600000,0x000000ae79700000)]
  0x000001d78561fb30 JavaThread "Daemon worker" [_thread_in_Java, id=27920, stack(0x000000ae79700000,0x000000ae79800000)]
  0x000001d785620a60 JavaThread "Asynchronous log dispatcher for DefaultDaemonConnection: socket connection from /127.0.0.1:52378 to /127.0.0.1:52385" [_thread_blocked, id=28028, stack(0x000000ae79800000,0x000000ae79900000)]
  0x000001d785620f70 JavaThread "Stdin handler" [_thread_blocked, id=28032, stack(0x000000ae79900000,0x000000ae79a00000)]
  0x000001d78561e6f0 JavaThread "Daemon client event forwarder" [_thread_blocked, id=28060, stack(0x000000ae79a00000,0x000000ae79b00000)]
  0x000001d78561ec00 JavaThread "Cache worker for journal cache (C:\Users\siva0\.gradle\caches\journal-1)" [_thread_blocked, id=29060, stack(0x000000ae79d00000,0x000000ae79e00000)]
  0x000001d78561f110 JavaThread "File lock request listener" [_thread_in_native, id=8292, stack(0x000000ae79e00000,0x000000ae79f00000)]
  0x000001d785621480 JavaThread "File lock release action executor" [_thread_blocked, id=29184, stack(0x000000ae79f00000,0x000000ae7a000000)]

Other Threads:
  0x000001d7e9abe910 VMThread "VM Thread" [stack: 0x000000ae77f00000,0x000000ae78000000] [id=25592]
  0x000001d7ced7a530 WatcherThread [stack: 0x000000ae78b00000,0x000000ae78c00000] [id=24756]
  0x000001d7ceda9bf0 GCTaskThread "GC Thread#0" [stack: 0x000000ae77a00000,0x000000ae77b00000] [id=25556]
  0x000001d7845ccac0 GCTaskThread "GC Thread#1" [stack: 0x000000ae78c00000,0x000000ae78d00000] [id=24824]
  0x000001d7845ccd80 GCTaskThread "GC Thread#2" [stack: 0x000000ae78d00000,0x000000ae78e00000] [id=24932]
  0x000001d7845cdb40 GCTaskThread "GC Thread#3" [stack: 0x000000ae78e00000,0x000000ae78f00000] [id=24960]
  0x000001d7845cd880 GCTaskThread "GC Thread#4" [stack: 0x000000ae78f00000,0x000000ae79000000] [id=24896]
  0x000001d7845cd5c0 GCTaskThread "GC Thread#5" [stack: 0x000000ae79000000,0x000000ae79100000] [id=24972]
  0x000001d7cedafb50 ConcurrentGCThread "G1 Main Marker" [stack: 0x000000ae77b00000,0x000000ae77c00000] [id=25560]
  0x000001d7cedb0560 ConcurrentGCThread "G1 Conc#0" [stack: 0x000000ae77c00000,0x000000ae77d00000] [id=25564]
  0x000001d7e99844f0 ConcurrentGCThread "G1 Refine#0" [stack: 0x000000ae77d00000,0x000000ae77e00000] [id=25568]
  0x000001d7e9984f20 ConcurrentGCThread "G1 Service" [stack: 0x000000ae77e00000,0x000000ae77f00000] [id=25572]

Threads with active compile tasks:
C2 CompilerThread0    51416 2447   !   4       java.lang.ClassLoader::loadClass (121 bytes)

VM state: not at safepoint (normal execution)

VM Mutex/Monitor currently owned by a thread: None

Heap address: 0x00000000e0000000, size: 512 MB, Compressed Oops mode: 32-bit

CDS archive(s) mapped at: [0x000001d7ea000000-0x000001d7eabd0000-0x000001d7eabd0000), size 12386304, SharedBaseAddress: 0x000001d7ea000000, ArchiveRelocationMode: 1.
Compressed class space mapped at: 0x000001d7eb000000-0x000001d7ff000000, reserved size: 335544320
Narrow klass base: 0x000001d7ea000000, Narrow klass shift: 0, Narrow klass range: 0x100000000

GC Precious Log:
 CPUs: 12 total, 12 available
 Memory: 7539M
 Large Page Support: Disabled
 NUMA Support: Disabled
 Compressed Oops: Enabled (32-bit)
 Heap Region Size: 1M
 Heap Min Capacity: 256M
 Heap Initial Capacity: 256M
 Heap Max Capacity: 512M
 Pre-touch: Disabled
 Parallel Workers: 10
 Concurrent Workers: 3
 Concurrent Refinement Workers: 10
 Periodic GC: Disabled

Heap:
 garbage-first heap   total 262144K, used 78302K [0x00000000e0000000, 0x0000000100000000)
  region size 1024K, 66 young (67584K), 1 survivors (1024K)
 Metaspace       used 14239K, committed 14592K, reserved 393216K
  class space    used 1956K, committed 2112K, reserved 327680K

Heap Regions: E=young(eden), S=young(survivor), O=old, HS=humongous(starts), HC=humongous(continues), CS=collection set, F=free, OA=open archive, CA=closed archive, TAMS=top-at-mark-start (previous, next)
|   0|0x00000000e0000000, 0x00000000e0100000, 0x00000000e0100000|100%|HS|  |TAMS 0x00000000e0000000, 0x00000000e0000000| Complete 
|   1|0x00000000e0100000, 0x00000000e0200000, 0x00000000e0200000|100%|HC|  |TAMS 0x00000000e0100000, 0x00000000e0100000| Complete 
|   2|0x00000000e0200000, 0x00000000e0300000, 0x00000000e0300000|100%|HC|  |TAMS 0x00000000e0200000, 0x00000000e0200000| Complete 
|   3|0x00000000e0300000, 0x00000000e0400000, 0x00000000e0400000|100%|HC|  |TAMS 0x00000000e0300000, 0x00000000e0300000| Complete 
|   4|0x00000000e0400000, 0x00000000e0500000, 0x00000000e0500000|100%| O|  |TAMS 0x00000000e0400000, 0x00000000e0400000| Untracked 
|   5|0x00000000e0500000, 0x00000000e0600000, 0x00000000e0600000|100%| O|  |TAMS 0x00000000e0500000, 0x00000000e0500000| Untracked 
|   6|0x00000000e0600000, 0x00000000e0700000, 0x00000000e0700000|100%| O|  |TAMS 0x00000000e0600000, 0x00000000e0600000| Untracked 
|   7|0x00000000e0700000, 0x00000000e0800000, 0x00000000e0800000|100%| O|  |TAMS 0x00000000e0700000, 0x00000000e0700000| Untracked 
|   8|0x00000000e0800000, 0x00000000e0900000, 0x00000000e0900000|100%| O|  |TAMS 0x00000000e0800000, 0x00000000e0800000| Untracked 
|   9|0x00000000e0900000, 0x00000000e0a00000, 0x00000000e0a00000|100%| O|  |TAMS 0x00000000e0900000, 0x00000000e0900000| Untracked 
|  10|0x00000000e0a00000, 0x00000000e0ac7200, 0x00000000e0b00000| 77%| O|  |TAMS 0x00000000e0a00000, 0x00000000e0a00000| Untracked 
|  11|0x00000000e0b00000, 0x00000000e0c00000, 0x00000000e0c00000|100%|HS|  |TAMS 0x00000000e0b00000, 0x00000000e0b00000| Complete 
|  12|0x00000000e0c00000, 0x00000000e0c00000, 0x00000000e0d00000|  0%| F|  |TAMS 0x00000000e0c00000, 0x00000000e0c00000| Untracked 
|  13|0x00000000e0d00000, 0x00000000e0d00000, 0x00000000e0e00000|  0%| F|  |TAMS 0x00000000e0d00000, 0x00000000e0d00000| Untracked 
|  14|0x00000000e0e00000, 0x00000000e0e00000, 0x00000000e0f00000|  0%| F|  |TAMS 0x00000000e0e00000, 0x00000000e0e00000| Untracked 
|  15|0x00000000e0f00000, 0x00000000e0f00000, 0x00000000e1000000|  0%| F|  |TAMS 0x00000000e0f00000, 0x00000000e0f00000| Untracked 
|  16|0x00000000e1000000, 0x00000000e1000000, 0x00000000e1100000|  0%| F|  |TAMS 0x00000000e1000000, 0x00000000e1000000| Untracked 
|  17|0x00000000e1100000, 0x00000000e1100000, 0x00000000e1200000|  0%| F|  |TAMS 0x00000000e1100000, 0x00000000e1100000| Untracked 
|  18|0x00000000e1200000, 0x00000000e1200000, 0x00000000e1300000|  0%| F|  |TAMS 0x00000000e1200000, 0x00000000e1200000| Untracked 
|  19|0x00000000e1300000, 0x00000000e1300000, 0x00000000e1400000|  0%| F|  |TAMS 0x00000000e1300000, 0x00000000e1300000| Untracked 
|  20|0x00000000e1400000, 0x00000000e1400000, 0x00000000e1500000|  0%| F|  |TAMS 0x00000000e1400000, 0x00000000e1400000| Untracked 
|  21|0x00000000e1500000, 0x00000000e1500000, 0x00000000e1600000|  0%| F|  |TAMS 0x00000000e1500000, 0x00000000e1500000| Untracked 
|  22|0x00000000e1600000, 0x00000000e1600000, 0x00000000e1700000|  0%| F|  |TAMS 0x00000000e1600000, 0x00000000e1600000| Untracked 
|  23|0x00000000e1700000, 0x00000000e1700000, 0x00000000e1800000|  0%| F|  |TAMS 0x00000000e1700000, 0x00000000e1700000| Untracked 
|  24|0x00000000e1800000, 0x00000000e1800000, 0x00000000e1900000|  0%| F|  |TAMS 0x00000000e1800000, 0x00000000e1800000| Untracked 
|  25|0x00000000e1900000, 0x00000000e1900000, 0x00000000e1a00000|  0%| F|  |TAMS 0x00000000e1900000, 0x00000000e1900000| Untracked 
|  26|0x00000000e1a00000, 0x00000000e1a00000, 0x00000000e1b00000|  0%| F|  |TAMS 0x00000000e1a00000, 0x00000000e1a00000| Untracked 
|  27|0x00000000e1b00000, 0x00000000e1b00000, 0x00000000e1c00000|  0%| F|  |TAMS 0x00000000e1b00000, 0x00000000e1b00000| Untracked 
|  28|0x00000000e1c00000, 0x00000000e1c00000, 0x00000000e1d00000|  0%| F|  |TAMS 0x00000000e1c00000, 0x00000000e1c00000| Untracked 
|  29|0x00000000e1d00000, 0x00000000e1d00000, 0x00000000e1e00000|  0%| F|  |TAMS 0x00000000e1d00000, 0x00000000e1d00000| Untracked 
|  30|0x00000000e1e00000, 0x00000000e1e00000, 0x00000000e1f00000|  0%| F|  |TAMS 0x00000000e1e00000, 0x00000000e1e00000| Untracked 
|  31|0x00000000e1f00000, 0x00000000e1f00000, 0x00000000e2000000|  0%| F|  |TAMS 0x00000000e1f00000, 0x00000000e1f00000| Untracked 
|  32|0x00000000e2000000, 0x00000000e2000000, 0x00000000e2100000|  0%| F|  |TAMS 0x00000000e2000000, 0x00000000e2000000| Untracked 
|  33|0x00000000e2100000, 0x00000000e2100000, 0x00000000e2200000|  0%| F|  |TAMS 0x00000000e2100000, 0x00000000e2100000| Untracked 
|  34|0x00000000e2200000, 0x00000000e2200000, 0x00000000e2300000|  0%| F|  |TAMS 0x00000000e2200000, 0x00000000e2200000| Untracked 
|  35|0x00000000e2300000, 0x00000000e2300000, 0x00000000e2400000|  0%| F|  |TAMS 0x00000000e2300000, 0x00000000e2300000| Untracked 
|  36|0x00000000e2400000, 0x00000000e2400000, 0x00000000e2500000|  0%| F|  |TAMS 0x00000000e2400000, 0x00000000e2400000| Untracked 
|  37|0x00000000e2500000, 0x00000000e2500000, 0x00000000e2600000|  0%| F|  |TAMS 0x00000000e2500000, 0x00000000e2500000| Untracked 
|  38|0x00000000e2600000, 0x00000000e2600000, 0x00000000e2700000|  0%| F|  |TAMS 0x00000000e2600000, 0x00000000e2600000| Untracked 
|  39|0x00000000e2700000, 0x00000000e2700000, 0x00000000e2800000|  0%| F|  |TAMS 0x00000000e2700000, 0x00000000e2700000| Untracked 
|  40|0x00000000e2800000, 0x00000000e2800000, 0x00000000e2900000|  0%| F|  |TAMS 0x00000000e2800000, 0x00000000e2800000| Untracked 
|  41|0x00000000e2900000, 0x00000000e2900000, 0x00000000e2a00000|  0%| F|  |TAMS 0x00000000e2900000, 0x00000000e2900000| Untracked 
|  42|0x00000000e2a00000, 0x00000000e2a00000, 0x00000000e2b00000|  0%| F|  |TAMS 0x00000000e2a00000, 0x00000000e2a00000| Untracked 
|  43|0x00000000e2b00000, 0x00000000e2b00000, 0x00000000e2c00000|  0%| F|  |TAMS 0x00000000e2b00000, 0x00000000e2b00000| Untracked 
|  44|0x00000000e2c00000, 0x00000000e2c00000, 0x00000000e2d00000|  0%| F|  |TAMS 0x00000000e2c00000, 0x00000000e2c00000| Untracked 
|  45|0x00000000e2d00000, 0x00000000e2d00000, 0x00000000e2e00000|  0%| F|  |TAMS 0x00000000e2d00000, 0x00000000e2d00000| Untracked 
|  46|0x00000000e2e00000, 0x00000000e2e00000, 0x00000000e2f00000|  0%| F|  |TAMS 0x00000000e2e00000, 0x00000000e2e00000| Untracked 
|  47|0x00000000e2f00000, 0x00000000e2f00000, 0x00000000e3000000|  0%| F|  |TAMS 0x00000000e2f00000, 0x00000000e2f00000| Untracked 
|  48|0x00000000e3000000, 0x00000000e3000000, 0x00000000e3100000|  0%| F|  |TAMS 0x00000000e3000000, 0x00000000e3000000| Untracked 
|  49|0x00000000e3100000, 0x00000000e3100000, 0x00000000e3200000|  0%| F|  |TAMS 0x00000000e3100000, 0x00000000e3100000| Untracked 
|  50|0x00000000e3200000, 0x00000000e3200000, 0x00000000e3300000|  0%| F|  |TAMS 0x00000000e3200000, 0x00000000e3200000| Untracked 
|  51|0x00000000e3300000, 0x00000000e3300000, 0x00000000e3400000|  0%| F|  |TAMS 0x00000000e3300000, 0x00000000e3300000| Untracked 
|  52|0x00000000e3400000, 0x00000000e3400000, 0x00000000e3500000|  0%| F|  |TAMS 0x00000000e3400000, 0x00000000e3400000| Untracked 
|  53|0x00000000e3500000, 0x00000000e3500000, 0x00000000e3600000|  0%| F|  |TAMS 0x00000000e3500000, 0x00000000e3500000| Untracked 
|  54|0x00000000e3600000, 0x00000000e3600000, 0x00000000e3700000|  0%| F|  |TAMS 0x00000000e3600000, 0x00000000e3600000| Untracked 
|  55|0x00000000e3700000, 0x00000000e3700000, 0x00000000e3800000|  0%| F|  |TAMS 0x00000000e3700000, 0x00000000e3700000| Untracked 
|  56|0x00000000e3800000, 0x00000000e3800000, 0x00000000e3900000|  0%| F|  |TAMS 0x00000000e3800000, 0x00000000e3800000| Untracked 
|  57|0x00000000e3900000, 0x00000000e3900000, 0x00000000e3a00000|  0%| F|  |TAMS 0x00000000e3900000, 0x00000000e3900000| Untracked 
|  58|0x00000000e3a00000, 0x00000000e3a00000, 0x00000000e3b00000|  0%| F|  |TAMS 0x00000000e3a00000, 0x00000000e3a00000| Untracked 
|  59|0x00000000e3b00000, 0x00000000e3b00000, 0x00000000e3c00000|  0%| F|  |TAMS 0x00000000e3b00000, 0x00000000e3b00000| Untracked 
|  60|0x00000000e3c00000, 0x00000000e3c00000, 0x00000000e3d00000|  0%| F|  |TAMS 0x00000000e3c00000, 0x00000000e3c00000| Untracked 
|  61|0x00000000e3d00000, 0x00000000e3d00000, 0x00000000e3e00000|  0%| F|  |TAMS 0x00000000e3d00000, 0x00000000e3d00000| Untracked 
|  62|0x00000000e3e00000, 0x00000000e3e00000, 0x00000000e3f00000|  0%| F|  |TAMS 0x00000000e3e00000, 0x00000000e3e00000| Untracked 
|  63|0x00000000e3f00000, 0x00000000e3f00000, 0x00000000e4000000|  0%| F|  |TAMS 0x00000000e3f00000, 0x00000000e3f00000| Untracked 
|  64|0x00000000e4000000, 0x00000000e4000000, 0x00000000e4100000|  0%| F|  |TAMS 0x00000000e4000000, 0x00000000e4000000| Untracked 
|  65|0x00000000e4100000, 0x00000000e4100000, 0x00000000e4200000|  0%| F|  |TAMS 0x00000000e4100000, 0x00000000e4100000| Untracked 
|  66|0x00000000e4200000, 0x00000000e4200000, 0x00000000e4300000|  0%| F|  |TAMS 0x00000000e4200000, 0x00000000e4200000| Untracked 
|  67|0x00000000e4300000, 0x00000000e4300000, 0x00000000e4400000|  0%| F|  |TAMS 0x00000000e4300000, 0x00000000e4300000| Untracked 
|  68|0x00000000e4400000, 0x00000000e4400000, 0x00000000e4500000|  0%| F|  |TAMS 0x00000000e4400000, 0x00000000e4400000| Untracked 
|  69|0x00000000e4500000, 0x00000000e4500000, 0x00000000e4600000|  0%| F|  |TAMS 0x00000000e4500000, 0x00000000e4500000| Untracked 
|  70|0x00000000e4600000, 0x00000000e4600000, 0x00000000e4700000|  0%| F|  |TAMS 0x00000000e4600000, 0x00000000e4600000| Untracked 
|  71|0x00000000e4700000, 0x00000000e4700000, 0x00000000e4800000|  0%| F|  |TAMS 0x00000000e4700000, 0x00000000e4700000| Untracked 
|  72|0x00000000e4800000, 0x00000000e4800000, 0x00000000e4900000|  0%| F|  |TAMS 0x00000000e4800000, 0x00000000e4800000| Untracked 
|  73|0x00000000e4900000, 0x00000000e4900000, 0x00000000e4a00000|  0%| F|  |TAMS 0x00000000e4900000, 0x00000000e4900000| Untracked 
|  74|0x00000000e4a00000, 0x00000000e4a00000, 0x00000000e4b00000|  0%| F|  |TAMS 0x00000000e4a00000, 0x00000000e4a00000| Untracked 
|  75|0x00000000e4b00000, 0x00000000e4b00000, 0x00000000e4c00000|  0%| F|  |TAMS 0x00000000e4b00000, 0x00000000e4b00000| Untracked 
|  76|0x00000000e4c00000, 0x00000000e4c00000, 0x00000000e4d00000|  0%| F|  |TAMS 0x00000000e4c00000, 0x00000000e4c00000| Untracked 
|  77|0x00000000e4d00000, 0x00000000e4d00000, 0x00000000e4e00000|  0%| F|  |TAMS 0x00000000e4d00000, 0x00000000e4d00000| Untracked 
|  78|0x00000000e4e00000, 0x00000000e4e00000, 0x00000000e4f00000|  0%| F|  |TAMS 0x00000000e4e00000, 0x00000000e4e00000| Untracked 
|  79|0x00000000e4f00000, 0x00000000e4f00000, 0x00000000e5000000|  0%| F|  |TAMS 0x00000000e4f00000, 0x00000000e4f00000| Untracked 
|  80|0x00000000e5000000, 0x00000000e5000000, 0x00000000e5100000|  0%| F|  |TAMS 0x00000000e5000000, 0x00000000e5000000| Untracked 
|  81|0x00000000e5100000, 0x00000000e5100000, 0x00000000e5200000|  0%| F|  |TAMS 0x00000000e5100000, 0x00000000e5100000| Untracked 
|  82|0x00000000e5200000, 0x00000000e5200000, 0x00000000e5300000|  0%| F|  |TAMS 0x00000000e5200000, 0x00000000e5200000| Untracked 
|  83|0x00000000e5300000, 0x00000000e5300000, 0x00000000e5400000|  0%| F|  |TAMS 0x00000000e5300000, 0x00000000e5300000| Untracked 
|  84|0x00000000e5400000, 0x00000000e5400000, 0x00000000e5500000|  0%| F|  |TAMS 0x00000000e5400000, 0x00000000e5400000| Untracked 
|  85|0x00000000e5500000, 0x00000000e5500000, 0x00000000e5600000|  0%| F|  |TAMS 0x00000000e5500000, 0x00000000e5500000| Untracked 
|  86|0x00000000e5600000, 0x00000000e5600000, 0x00000000e5700000|  0%| F|  |TAMS 0x00000000e5600000, 0x00000000e5600000| Untracked 
|  87|0x00000000e5700000, 0x00000000e5700000, 0x00000000e5800000|  0%| F|  |TAMS 0x00000000e5700000, 0x00000000e5700000| Untracked 
|  88|0x00000000e5800000, 0x00000000e5800000, 0x00000000e5900000|  0%| F|  |TAMS 0x00000000e5800000, 0x00000000e5800000| Untracked 
|  89|0x00000000e5900000, 0x00000000e5900000, 0x00000000e5a00000|  0%| F|  |TAMS 0x00000000e5900000, 0x00000000e5900000| Untracked 
|  90|0x00000000e5a00000, 0x00000000e5a00000, 0x00000000e5b00000|  0%| F|  |TAMS 0x00000000e5a00000, 0x00000000e5a00000| Untracked 
|  91|0x00000000e5b00000, 0x00000000e5b00000, 0x00000000e5c00000|  0%| F|  |TAMS 0x00000000e5b00000, 0x00000000e5b00000| Untracked 
|  92|0x00000000e5c00000, 0x00000000e5c00000, 0x00000000e5d00000|  0%| F|  |TAMS 0x00000000e5c00000, 0x00000000e5c00000| Untracked 
|  93|0x00000000e5d00000, 0x00000000e5d00000, 0x00000000e5e00000|  0%| F|  |TAMS 0x00000000e5d00000, 0x00000000e5d00000| Untracked 
|  94|0x00000000e5e00000, 0x00000000e5e00000, 0x00000000e5f00000|  0%| F|  |TAMS 0x00000000e5e00000, 0x00000000e5e00000| Untracked 
|  95|0x00000000e5f00000, 0x00000000e5f00000, 0x00000000e6000000|  0%| F|  |TAMS 0x00000000e5f00000, 0x00000000e5f00000| Untracked 
|  96|0x00000000e6000000, 0x00000000e6000000, 0x00000000e6100000|  0%| F|  |TAMS 0x00000000e6000000, 0x00000000e6000000| Untracked 
|  97|0x00000000e6100000, 0x00000000e6100000, 0x00000000e6200000|  0%| F|  |TAMS 0x00000000e6100000, 0x00000000e6100000| Untracked 
|  98|0x00000000e6200000, 0x00000000e6200000, 0x00000000e6300000|  0%| F|  |TAMS 0x00000000e6200000, 0x00000000e6200000| Untracked 
|  99|0x00000000e6300000, 0x00000000e6300000, 0x00000000e6400000|  0%| F|  |TAMS 0x00000000e6300000, 0x00000000e6300000| Untracked 
| 100|0x00000000e6400000, 0x00000000e6400000, 0x00000000e6500000|  0%| F|  |TAMS 0x00000000e6400000, 0x00000000e6400000| Untracked 
| 101|0x00000000e6500000, 0x00000000e6500000, 0x00000000e6600000|  0%| F|  |TAMS 0x00000000e6500000, 0x00000000e6500000| Untracked 
| 102|0x00000000e6600000, 0x00000000e6600000, 0x00000000e6700000|  0%| F|  |TAMS 0x00000000e6600000, 0x00000000e6600000| Untracked 
| 103|0x00000000e6700000, 0x00000000e6700000, 0x00000000e6800000|  0%| F|  |TAMS 0x00000000e6700000, 0x00000000e6700000| Untracked 
| 104|0x00000000e6800000, 0x00000000e6800000, 0x00000000e6900000|  0%| F|  |TAMS 0x00000000e6800000, 0x00000000e6800000| Untracked 
| 105|0x00000000e6900000, 0x00000000e6900000, 0x00000000e6a00000|  0%| F|  |TAMS 0x00000000e6900000, 0x00000000e6900000| Untracked 
| 106|0x00000000e6a00000, 0x00000000e6a00000, 0x00000000e6b00000|  0%| F|  |TAMS 0x00000000e6a00000, 0x00000000e6a00000| Untracked 
| 107|0x00000000e6b00000, 0x00000000e6b00000, 0x00000000e6c00000|  0%| F|  |TAMS 0x00000000e6b00000, 0x00000000e6b00000| Untracked 
| 108|0x00000000e6c00000, 0x00000000e6c00000, 0x00000000e6d00000|  0%| F|  |TAMS 0x00000000e6c00000, 0x00000000e6c00000| Untracked 
| 109|0x00000000e6d00000, 0x00000000e6d00000, 0x00000000e6e00000|  0%| F|  |TAMS 0x00000000e6d00000, 0x00000000e6d00000| Untracked 
| 110|0x00000000e6e00000, 0x00000000e6e00000, 0x00000000e6f00000|  0%| F|  |TAMS 0x00000000e6e00000, 0x00000000e6e00000| Untracked 
| 111|0x00000000e6f00000, 0x00000000e6f00000, 0x00000000e7000000|  0%| F|  |TAMS 0x00000000e6f00000, 0x00000000e6f00000| Untracked 
| 112|0x00000000e7000000, 0x00000000e7000000, 0x00000000e7100000|  0%| F|  |TAMS 0x00000000e7000000, 0x00000000e7000000| Untracked 
| 113|0x00000000e7100000, 0x00000000e7100000, 0x00000000e7200000|  0%| F|  |TAMS 0x00000000e7100000, 0x00000000e7100000| Untracked 
| 114|0x00000000e7200000, 0x00000000e7200000, 0x00000000e7300000|  0%| F|  |TAMS 0x00000000e7200000, 0x00000000e7200000| Untracked 
| 115|0x00000000e7300000, 0x00000000e7300000, 0x00000000e7400000|  0%| F|  |TAMS 0x00000000e7300000, 0x00000000e7300000| Untracked 
| 116|0x00000000e7400000, 0x00000000e7400000, 0x00000000e7500000|  0%| F|  |TAMS 0x00000000e7400000, 0x00000000e7400000| Untracked 
| 117|0x00000000e7500000, 0x00000000e7500000, 0x00000000e7600000|  0%| F|  |TAMS 0x00000000e7500000, 0x00000000e7500000| Untracked 
| 118|0x00000000e7600000, 0x00000000e7600000, 0x00000000e7700000|  0%| F|  |TAMS 0x00000000e7600000, 0x00000000e7600000| Untracked 
| 119|0x00000000e7700000, 0x00000000e7700000, 0x00000000e7800000|  0%| F|  |TAMS 0x00000000e7700000, 0x00000000e7700000| Untracked 
| 120|0x00000000e7800000, 0x00000000e7800000, 0x00000000e7900000|  0%| F|  |TAMS 0x00000000e7800000, 0x00000000e7800000| Untracked 
| 121|0x00000000e7900000, 0x00000000e7900000, 0x00000000e7a00000|  0%| F|  |TAMS 0x00000000e7900000, 0x00000000e7900000| Untracked 
| 122|0x00000000e7a00000, 0x00000000e7a00000, 0x00000000e7b00000|  0%| F|  |TAMS 0x00000000e7a00000, 0x00000000e7a00000| Untracked 
| 123|0x00000000e7b00000, 0x00000000e7b00000, 0x00000000e7c00000|  0%| F|  |TAMS 0x00000000e7b00000, 0x00000000e7b00000| Untracked 
| 124|0x00000000e7c00000, 0x00000000e7c00000, 0x00000000e7d00000|  0%| F|  |TAMS 0x00000000e7c00000, 0x00000000e7c00000| Untracked 
| 125|0x00000000e7d00000, 0x00000000e7d00000, 0x00000000e7e00000|  0%| F|  |TAMS 0x00000000e7d00000, 0x00000000e7d00000| Untracked 
| 126|0x00000000e7e00000, 0x00000000e7e00000, 0x00000000e7f00000|  0%| F|  |TAMS 0x00000000e7e00000, 0x00000000e7e00000| Untracked 
| 127|0x00000000e7f00000, 0x00000000e7f00000, 0x00000000e8000000|  0%| F|  |TAMS 0x00000000e7f00000, 0x00000000e7f00000| Untracked 
| 128|0x00000000e8000000, 0x00000000e8000000, 0x00000000e8100000|  0%| F|  |TAMS 0x00000000e8000000, 0x00000000e8000000| Untracked 
| 129|0x00000000e8100000, 0x00000000e8100000, 0x00000000e8200000|  0%| F|  |TAMS 0x00000000e8100000, 0x00000000e8100000| Untracked 
| 130|0x00000000e8200000, 0x00000000e8200000, 0x00000000e8300000|  0%| F|  |TAMS 0x00000000e8200000, 0x00000000e8200000| Untracked 
| 131|0x00000000e8300000, 0x00000000e8300000, 0x00000000e8400000|  0%| F|  |TAMS 0x00000000e8300000, 0x00000000e8300000| Untracked 
| 132|0x00000000e8400000, 0x00000000e8400000, 0x00000000e8500000|  0%| F|  |TAMS 0x00000000e8400000, 0x00000000e8400000| Untracked 
| 133|0x00000000e8500000, 0x00000000e8500000, 0x00000000e8600000|  0%| F|  |TAMS 0x00000000e8500000, 0x00000000e8500000| Untracked 
| 134|0x00000000e8600000, 0x00000000e8600000, 0x00000000e8700000|  0%| F|  |TAMS 0x00000000e8600000, 0x00000000e8600000| Untracked 
| 135|0x00000000e8700000, 0x00000000e8700000, 0x00000000e8800000|  0%| F|  |TAMS 0x00000000e8700000, 0x00000000e8700000| Untracked 
| 136|0x00000000e8800000, 0x00000000e8800000, 0x00000000e8900000|  0%| F|  |TAMS 0x00000000e8800000, 0x00000000e8800000| Untracked 
| 137|0x00000000e8900000, 0x00000000e8900000, 0x00000000e8a00000|  0%| F|  |TAMS 0x00000000e8900000, 0x00000000e8900000| Untracked 
| 138|0x00000000e8a00000, 0x00000000e8a00000, 0x00000000e8b00000|  0%| F|  |TAMS 0x00000000e8a00000, 0x00000000e8a00000| Untracked 
| 139|0x00000000e8b00000, 0x00000000e8b00000, 0x00000000e8c00000|  0%| F|  |TAMS 0x00000000e8b00000, 0x00000000e8b00000| Untracked 
| 140|0x00000000e8c00000, 0x00000000e8c00000, 0x00000000e8d00000|  0%| F|  |TAMS 0x00000000e8c00000, 0x00000000e8c00000| Untracked 
| 141|0x00000000e8d00000, 0x00000000e8d00000, 0x00000000e8e00000|  0%| F|  |TAMS 0x00000000e8d00000, 0x00000000e8d00000| Untracked 
| 142|0x00000000e8e00000, 0x00000000e8e00000, 0x00000000e8f00000|  0%| F|  |TAMS 0x00000000e8e00000, 0x00000000e8e00000| Untracked 
| 143|0x00000000e8f00000, 0x00000000e8f00000, 0x00000000e9000000|  0%| F|  |TAMS 0x00000000e8f00000, 0x00000000e8f00000| Untracked 
| 144|0x00000000e9000000, 0x00000000e9000000, 0x00000000e9100000|  0%| F|  |TAMS 0x00000000e9000000, 0x00000000e9000000| Untracked 
| 145|0x00000000e9100000, 0x00000000e9100000, 0x00000000e9200000|  0%| F|  |TAMS 0x00000000e9100000, 0x00000000e9100000| Untracked 
| 146|0x00000000e9200000, 0x00000000e9200000, 0x00000000e9300000|  0%| F|  |TAMS 0x00000000e9200000, 0x00000000e9200000| Untracked 
| 147|0x00000000e9300000, 0x00000000e9300000, 0x00000000e9400000|  0%| F|  |TAMS 0x00000000e9300000, 0x00000000e9300000| Untracked 
| 148|0x00000000e9400000, 0x00000000e9400000, 0x00000000e9500000|  0%| F|  |TAMS 0x00000000e9400000, 0x00000000e9400000| Untracked 
| 149|0x00000000e9500000, 0x00000000e9500000, 0x00000000e9600000|  0%| F|  |TAMS 0x00000000e9500000, 0x00000000e9500000| Untracked 
| 150|0x00000000e9600000, 0x00000000e9600000, 0x00000000e9700000|  0%| F|  |TAMS 0x00000000e9600000, 0x00000000e9600000| Untracked 
| 151|0x00000000e9700000, 0x00000000e9700000, 0x00000000e9800000|  0%| F|  |TAMS 0x00000000e9700000, 0x00000000e9700000| Untracked 
| 152|0x00000000e9800000, 0x00000000e9800000, 0x00000000e9900000|  0%| F|  |TAMS 0x00000000e9800000, 0x00000000e9800000| Untracked 
| 153|0x00000000e9900000, 0x00000000e9900000, 0x00000000e9a00000|  0%| F|  |TAMS 0x00000000e9900000, 0x00000000e9900000| Untracked 
| 154|0x00000000e9a00000, 0x00000000e9a00000, 0x00000000e9b00000|  0%| F|  |TAMS 0x00000000e9a00000, 0x00000000e9a00000| Untracked 
| 155|0x00000000e9b00000, 0x00000000e9b00000, 0x00000000e9c00000|  0%| F|  |TAMS 0x00000000e9b00000, 0x00000000e9b00000| Untracked 
| 156|0x00000000e9c00000, 0x00000000e9c00000, 0x00000000e9d00000|  0%| F|  |TAMS 0x00000000e9c00000, 0x00000000e9c00000| Untracked 
| 157|0x00000000e9d00000, 0x00000000e9d00000, 0x00000000e9e00000|  0%| F|  |TAMS 0x00000000e9d00000, 0x00000000e9d00000| Untracked 
| 158|0x00000000e9e00000, 0x00000000e9e00000, 0x00000000e9f00000|  0%| F|  |TAMS 0x00000000e9e00000, 0x00000000e9e00000| Untracked 
| 159|0x00000000e9f00000, 0x00000000e9f00000, 0x00000000ea000000|  0%| F|  |TAMS 0x00000000e9f00000, 0x00000000e9f00000| Untracked 
| 160|0x00000000ea000000, 0x00000000ea000000, 0x00000000ea100000|  0%| F|  |TAMS 0x00000000ea000000, 0x00000000ea000000| Untracked 
| 161|0x00000000ea100000, 0x00000000ea100000, 0x00000000ea200000|  0%| F|  |TAMS 0x00000000ea100000, 0x00000000ea100000| Untracked 
| 162|0x00000000ea200000, 0x00000000ea200000, 0x00000000ea300000|  0%| F|  |TAMS 0x00000000ea200000, 0x00000000ea200000| Untracked 
| 163|0x00000000ea300000, 0x00000000ea300000, 0x00000000ea400000|  0%| F|  |TAMS 0x00000000ea300000, 0x00000000ea300000| Untracked 
| 164|0x00000000ea400000, 0x00000000ea400000, 0x00000000ea500000|  0%| F|  |TAMS 0x00000000ea400000, 0x00000000ea400000| Untracked 
| 165|0x00000000ea500000, 0x00000000ea500000, 0x00000000ea600000|  0%| F|  |TAMS 0x00000000ea500000, 0x00000000ea500000| Untracked 
| 166|0x00000000ea600000, 0x00000000ea600000, 0x00000000ea700000|  0%| F|  |TAMS 0x00000000ea600000, 0x00000000ea600000| Untracked 
| 167|0x00000000ea700000, 0x00000000ea700000, 0x00000000ea800000|  0%| F|  |TAMS 0x00000000ea700000, 0x00000000ea700000| Untracked 
| 168|0x00000000ea800000, 0x00000000ea800000, 0x00000000ea900000|  0%| F|  |TAMS 0x00000000ea800000, 0x00000000ea800000| Untracked 
| 169|0x00000000ea900000, 0x00000000ea900000, 0x00000000eaa00000|  0%| F|  |TAMS 0x00000000ea900000, 0x00000000ea900000| Untracked 
| 170|0x00000000eaa00000, 0x00000000eaa00000, 0x00000000eab00000|  0%| F|  |TAMS 0x00000000eaa00000, 0x00000000eaa00000| Untracked 
| 171|0x00000000eab00000, 0x00000000eab00000, 0x00000000eac00000|  0%| F|  |TAMS 0x00000000eab00000, 0x00000000eab00000| Untracked 
| 172|0x00000000eac00000, 0x00000000eac00000, 0x00000000ead00000|  0%| F|  |TAMS 0x00000000eac00000, 0x00000000eac00000| Untracked 
| 173|0x00000000ead00000, 0x00000000ead00000, 0x00000000eae00000|  0%| F|  |TAMS 0x00000000ead00000, 0x00000000ead00000| Untracked 
| 174|0x00000000eae00000, 0x00000000eae00000, 0x00000000eaf00000|  0%| F|  |TAMS 0x00000000eae00000, 0x00000000eae00000| Untracked 
| 175|0x00000000eaf00000, 0x00000000eaf00000, 0x00000000eb000000|  0%| F|  |TAMS 0x00000000eaf00000, 0x00000000eaf00000| Untracked 
| 176|0x00000000eb000000, 0x00000000eb000000, 0x00000000eb100000|  0%| F|  |TAMS 0x00000000eb000000, 0x00000000eb000000| Untracked 
| 177|0x00000000eb100000, 0x00000000eb100000, 0x00000000eb200000|  0%| F|  |TAMS 0x00000000eb100000, 0x00000000eb100000| Untracked 
| 178|0x00000000eb200000, 0x00000000eb200000, 0x00000000eb300000|  0%| F|  |TAMS 0x00000000eb200000, 0x00000000eb200000| Untracked 
| 179|0x00000000eb300000, 0x00000000eb300000, 0x00000000eb400000|  0%| F|  |TAMS 0x00000000eb300000, 0x00000000eb300000| Untracked 
| 180|0x00000000eb400000, 0x00000000eb400000, 0x00000000eb500000|  0%| F|  |TAMS 0x00000000eb400000, 0x00000000eb400000| Untracked 
| 181|0x00000000eb500000, 0x00000000eb500000, 0x00000000eb600000|  0%| F|  |TAMS 0x00000000eb500000, 0x00000000eb500000| Untracked 
| 182|0x00000000eb600000, 0x00000000eb600000, 0x00000000eb700000|  0%| F|  |TAMS 0x00000000eb600000, 0x00000000eb600000| Untracked 
| 183|0x00000000eb700000, 0x00000000eb700000, 0x00000000eb800000|  0%| F|  |TAMS 0x00000000eb700000, 0x00000000eb700000| Untracked 
| 184|0x00000000eb800000, 0x00000000eb800000, 0x00000000eb900000|  0%| F|  |TAMS 0x00000000eb800000, 0x00000000eb800000| Untracked 
| 185|0x00000000eb900000, 0x00000000eb900000, 0x00000000eba00000|  0%| F|  |TAMS 0x00000000eb900000, 0x00000000eb900000| Untracked 
| 186|0x00000000eba00000, 0x00000000eba00000, 0x00000000ebb00000|  0%| F|  |TAMS 0x00000000eba00000, 0x00000000eba00000| Untracked 
| 187|0x00000000ebb00000, 0x00000000ebb00000, 0x00000000ebc00000|  0%| F|  |TAMS 0x00000000ebb00000, 0x00000000ebb00000| Untracked 
| 188|0x00000000ebc00000, 0x00000000ebc00000, 0x00000000ebd00000|  0%| F|  |TAMS 0x00000000ebc00000, 0x00000000ebc00000| Untracked 
| 189|0x00000000ebd00000, 0x00000000ebd00000, 0x00000000ebe00000|  0%| F|  |TAMS 0x00000000ebd00000, 0x00000000ebd00000| Untracked 
| 190|0x00000000ebe00000, 0x00000000ebf00000, 0x00000000ebf00000|100%| E|  |TAMS 0x00000000ebe00000, 0x00000000ebe00000| Complete 
| 191|0x00000000ebf00000, 0x00000000ec000000, 0x00000000ec000000|100%| E|CS|TAMS 0x00000000ebf00000, 0x00000000ebf00000| Complete 
| 192|0x00000000ec000000, 0x00000000ec100000, 0x00000000ec100000|100%| E|CS|TAMS 0x00000000ec000000, 0x00000000ec000000| Complete 
| 193|0x00000000ec100000, 0x00000000ec200000, 0x00000000ec200000|100%| E|CS|TAMS 0x00000000ec100000, 0x00000000ec100000| Complete 
| 194|0x00000000ec200000, 0x00000000ec300000, 0x00000000ec300000|100%| E|CS|TAMS 0x00000000ec200000, 0x00000000ec200000| Complete 
| 195|0x00000000ec300000, 0x00000000ec400000, 0x00000000ec400000|100%| E|CS|TAMS 0x00000000ec300000, 0x00000000ec300000| Complete 
| 196|0x00000000ec400000, 0x00000000ec500000, 0x00000000ec500000|100%| E|CS|TAMS 0x00000000ec400000, 0x00000000ec400000| Complete 
| 197|0x00000000ec500000, 0x00000000ec600000, 0x00000000ec600000|100%| E|CS|TAMS 0x00000000ec500000, 0x00000000ec500000| Complete 
| 198|0x00000000ec600000, 0x00000000ec700000, 0x00000000ec700000|100%| E|CS|TAMS 0x00000000ec600000, 0x00000000ec600000| Complete 
| 199|0x00000000ec700000, 0x00000000ec800000, 0x00000000ec800000|100%| E|CS|TAMS 0x00000000ec700000, 0x00000000ec700000| Complete 
| 200|0x00000000ec800000, 0x00000000ec900000, 0x00000000ec900000|100%| E|CS|TAMS 0x00000000ec800000, 0x00000000ec800000| Complete 
| 201|0x00000000ec900000, 0x00000000eca00000, 0x00000000eca00000|100%| E|CS|TAMS 0x00000000ec900000, 0x00000000ec900000| Complete 
| 202|0x00000000eca00000, 0x00000000ecb00000, 0x00000000ecb00000|100%| E|CS|TAMS 0x00000000eca00000, 0x00000000eca00000| Complete 
| 203|0x00000000ecb00000, 0x00000000ecc00000, 0x00000000ecc00000|100%| E|CS|TAMS 0x00000000ecb00000, 0x00000000ecb00000| Complete 
| 204|0x00000000ecc00000, 0x00000000ecd00000, 0x00000000ecd00000|100%| E|CS|TAMS 0x00000000ecc00000, 0x00000000ecc00000| Complete 
| 205|0x00000000ecd00000, 0x00000000ece00000, 0x00000000ece00000|100%| E|CS|TAMS 0x00000000ecd00000, 0x00000000ecd00000| Complete 
| 206|0x00000000ece00000, 0x00000000ecf00000, 0x00000000ecf00000|100%| E|CS|TAMS 0x00000000ece00000, 0x00000000ece00000| Complete 
| 207|0x00000000ecf00000, 0x00000000ed000000, 0x00000000ed000000|100%| E|CS|TAMS 0x00000000ecf00000, 0x00000000ecf00000| Complete 
| 208|0x00000000ed000000, 0x00000000ed100000, 0x00000000ed100000|100%| E|CS|TAMS 0x00000000ed000000, 0x00000000ed000000| Complete 
| 209|0x00000000ed100000, 0x00000000ed200000, 0x00000000ed200000|100%| E|CS|TAMS 0x00000000ed100000, 0x00000000ed100000| Complete 
| 210|0x00000000ed200000, 0x00000000ed300000, 0x00000000ed300000|100%| E|CS|TAMS 0x00000000ed200000, 0x00000000ed200000| Complete 
| 211|0x00000000ed300000, 0x00000000ed400000, 0x00000000ed400000|100%| E|CS|TAMS 0x00000000ed300000, 0x00000000ed300000| Complete 
| 212|0x00000000ed400000, 0x00000000ed500000, 0x00000000ed500000|100%| E|CS|TAMS 0x00000000ed400000, 0x00000000ed400000| Complete 
| 213|0x00000000ed500000, 0x00000000ed600000, 0x00000000ed600000|100%| E|CS|TAMS 0x00000000ed500000, 0x00000000ed500000| Complete 
| 214|0x00000000ed600000, 0x00000000ed700000, 0x00000000ed700000|100%| E|CS|TAMS 0x00000000ed600000, 0x00000000ed600000| Complete 
| 215|0x00000000ed700000, 0x00000000ed800000, 0x00000000ed800000|100%| E|CS|TAMS 0x00000000ed700000, 0x00000000ed700000| Complete 
| 216|0x00000000ed800000, 0x00000000ed900000, 0x00000000ed900000|100%| E|CS|TAMS 0x00000000ed800000, 0x00000000ed800000| Complete 
| 217|0x00000000ed900000, 0x00000000eda00000, 0x00000000eda00000|100%| E|CS|TAMS 0x00000000ed900000, 0x00000000ed900000| Complete 
| 218|0x00000000eda00000, 0x00000000edb00000, 0x00000000edb00000|100%| E|CS|TAMS 0x00000000eda00000, 0x00000000eda00000| Complete 
| 219|0x00000000edb00000, 0x00000000edc00000, 0x00000000edc00000|100%| E|CS|TAMS 0x00000000edb00000, 0x00000000edb00000| Complete 
| 220|0x00000000edc00000, 0x00000000edd00000, 0x00000000edd00000|100%| E|CS|TAMS 0x00000000edc00000, 0x00000000edc00000| Complete 
| 221|0x00000000edd00000, 0x00000000ede00000, 0x00000000ede00000|100%| E|CS|TAMS 0x00000000edd00000, 0x00000000edd00000| Complete 
| 222|0x00000000ede00000, 0x00000000edf00000, 0x00000000edf00000|100%| E|CS|TAMS 0x00000000ede00000, 0x00000000ede00000| Complete 
| 223|0x00000000edf00000, 0x00000000ee000000, 0x00000000ee000000|100%| E|CS|TAMS 0x00000000edf00000, 0x00000000edf00000| Complete 
| 224|0x00000000ee000000, 0x00000000ee100000, 0x00000000ee100000|100%| E|CS|TAMS 0x00000000ee000000, 0x00000000ee000000| Complete 
| 225|0x00000000ee100000, 0x00000000ee1b0838, 0x00000000ee200000| 68%| S|CS|TAMS 0x00000000ee100000, 0x00000000ee100000| Complete 
| 226|0x00000000ee200000, 0x00000000ee300000, 0x00000000ee300000|100%| E|CS|TAMS 0x00000000ee200000, 0x00000000ee200000| Complete 
| 227|0x00000000ee300000, 0x00000000ee400000, 0x00000000ee400000|100%| E|CS|TAMS 0x00000000ee300000, 0x00000000ee300000| Complete 
| 228|0x00000000ee400000, 0x00000000ee500000, 0x00000000ee500000|100%| E|CS|TAMS 0x00000000ee400000, 0x00000000ee400000| Complete 
| 229|0x00000000ee500000, 0x00000000ee600000, 0x00000000ee600000|100%| E|CS|TAMS 0x00000000ee500000, 0x00000000ee500000| Complete 
| 230|0x00000000ee600000, 0x00000000ee700000, 0x00000000ee700000|100%| E|CS|TAMS 0x00000000ee600000, 0x00000000ee600000| Complete 
| 231|0x00000000ee700000, 0x00000000ee800000, 0x00000000ee800000|100%| E|CS|TAMS 0x00000000ee700000, 0x00000000ee700000| Complete 
| 232|0x00000000ee800000, 0x00000000ee900000, 0x00000000ee900000|100%| E|CS|TAMS 0x00000000ee800000, 0x00000000ee800000| Complete 
| 233|0x00000000ee900000, 0x00000000eea00000, 0x00000000eea00000|100%| E|CS|TAMS 0x00000000ee900000, 0x00000000ee900000| Complete 
| 234|0x00000000eea00000, 0x00000000eeb00000, 0x00000000eeb00000|100%| E|CS|TAMS 0x00000000eea00000, 0x00000000eea00000| Complete 
| 235|0x00000000eeb00000, 0x00000000eec00000, 0x00000000eec00000|100%| E|CS|TAMS 0x00000000eeb00000, 0x00000000eeb00000| Complete 
| 236|0x00000000eec00000, 0x00000000eed00000, 0x00000000eed00000|100%| E|CS|TAMS 0x00000000eec00000, 0x00000000eec00000| Complete 
| 237|0x00000000eed00000, 0x00000000eee00000, 0x00000000eee00000|100%| E|CS|TAMS 0x00000000eed00000, 0x00000000eed00000| Complete 
| 238|0x00000000eee00000, 0x00000000eef00000, 0x00000000eef00000|100%| E|CS|TAMS 0x00000000eee00000, 0x00000000eee00000| Complete 
| 239|0x00000000eef00000, 0x00000000ef000000, 0x00000000ef000000|100%| E|CS|TAMS 0x00000000eef00000, 0x00000000eef00000| Complete 
| 240|0x00000000ef000000, 0x00000000ef100000, 0x00000000ef100000|100%| E|CS|TAMS 0x00000000ef000000, 0x00000000ef000000| Complete 
| 241|0x00000000ef100000, 0x00000000ef200000, 0x00000000ef200000|100%| E|CS|TAMS 0x00000000ef100000, 0x00000000ef100000| Complete 
| 242|0x00000000ef200000, 0x00000000ef300000, 0x00000000ef300000|100%| E|CS|TAMS 0x00000000ef200000, 0x00000000ef200000| Complete 
| 243|0x00000000ef300000, 0x00000000ef400000, 0x00000000ef400000|100%| E|CS|TAMS 0x00000000ef300000, 0x00000000ef300000| Complete 
| 244|0x00000000ef400000, 0x00000000ef500000, 0x00000000ef500000|100%| E|CS|TAMS 0x00000000ef400000, 0x00000000ef400000| Complete 
| 245|0x00000000ef500000, 0x00000000ef600000, 0x00000000ef600000|100%| E|CS|TAMS 0x00000000ef500000, 0x00000000ef500000| Complete 
| 246|0x00000000ef600000, 0x00000000ef700000, 0x00000000ef700000|100%| E|CS|TAMS 0x00000000ef600000, 0x00000000ef600000| Complete 
| 247|0x00000000ef700000, 0x00000000ef800000, 0x00000000ef800000|100%| E|CS|TAMS 0x00000000ef700000, 0x00000000ef700000| Complete 
| 248|0x00000000ef800000, 0x00000000ef900000, 0x00000000ef900000|100%| E|CS|TAMS 0x00000000ef800000, 0x00000000ef800000| Complete 
| 249|0x00000000ef900000, 0x00000000efa00000, 0x00000000efa00000|100%| E|CS|TAMS 0x00000000ef900000, 0x00000000ef900000| Complete 
| 250|0x00000000efa00000, 0x00000000efb00000, 0x00000000efb00000|100%| E|CS|TAMS 0x00000000efa00000, 0x00000000efa00000| Complete 
| 251|0x00000000efb00000, 0x00000000efc00000, 0x00000000efc00000|100%| E|CS|TAMS 0x00000000efb00000, 0x00000000efb00000| Complete 
| 252|0x00000000efc00000, 0x00000000efd00000, 0x00000000efd00000|100%| E|CS|TAMS 0x00000000efc00000, 0x00000000efc00000| Complete 
| 253|0x00000000efd00000, 0x00000000efe00000, 0x00000000efe00000|100%| E|CS|TAMS 0x00000000efd00000, 0x00000000efd00000| Complete 
| 254|0x00000000efe00000, 0x00000000eff00000, 0x00000000eff00000|100%| E|CS|TAMS 0x00000000efe00000, 0x00000000efe00000| Complete 
| 255|0x00000000eff00000, 0x00000000f0000000, 0x00000000f0000000|100%| E|CS|TAMS 0x00000000eff00000, 0x00000000eff00000| Complete 

Card table byte_map: [0x000001d7e5c80000,0x000001d7e5d80000] _byte_map_base: 0x000001d7e5580000

Marking Bits (Prev, Next): (CMBitMap*) 0x000001d7cedab220, (CMBitMap*) 0x000001d7cedab260
 Prev Bits: [0x000001d7e5e80000, 0x000001d7e6680000)
 Next Bits: [0x000001d7e6680000, 0x000001d7e6e80000)

Polling page: 0x000001d7ccf00000

Metaspace:

Usage:
  Non-class:     12.00 MB used.
      Class:      1.91 MB used.
       Both:     13.91 MB used.

Virtual space:
  Non-class space:       64.00 MB reserved,      12.19 MB ( 19%) committed,  1 nodes.
      Class space:      320.00 MB reserved,       2.06 MB ( <1%) committed,  1 nodes.
             Both:      384.00 MB reserved,      14.25 MB (  4%) committed. 

Chunk freelists:
   Non-Class:  3.48 MB
       Class:  13.97 MB
        Both:  17.45 MB

MaxMetaspaceSize: 384.00 MB
CompressedClassSpaceSize: 320.00 MB
Initial GC threshold: 21.00 MB
Current GC threshold: 21.00 MB
CDS: on
MetaspaceReclaimPolicy: balanced
 - commit_granule_bytes: 65536.
 - commit_granule_words: 8192.
 - virtual_space_node_default_size: 8388608.
 - enlarge_chunks_in_place: 1.
 - new_chunks_are_fully_committed: 0.
 - uncommit_free_chunks: 1.
 - use_allocation_guard: 0.
 - handle_deallocations: 1.


Internal statistics:

num_allocs_failed_limit: 0.
num_arena_births: 192.
num_arena_deaths: 0.
num_vsnodes_births: 2.
num_vsnodes_deaths: 0.
num_space_committed: 228.
num_space_uncommitted: 0.
num_chunks_returned_to_freelist: 0.
num_chunks_taken_from_freelist: 613.
num_chunk_merges: 0.
num_chunk_splits: 425.
num_chunks_enlarged: 323.
num_inconsistent_stats: 0.

CodeHeap 'non-profiled nmethods': size=120000Kb used=1202Kb max_used=1202Kb free=118797Kb
 bounds [0x000001d7de100000, 0x000001d7de370000, 0x000001d7e5630000]
CodeHeap 'profiled nmethods': size=120000Kb used=4917Kb max_used=4917Kb free=115082Kb
 bounds [0x000001d7d6630000, 0x000001d7d6b00000, 0x000001d7ddb60000]
CodeHeap 'non-nmethods': size=5760Kb used=1220Kb max_used=1258Kb free=4539Kb
 bounds [0x000001d7ddb60000, 0x000001d7dddd0000, 0x000001d7de100000]
 total_blobs=2977 nmethods=2452 adapters=437
 compilation: enabled
              stopped_count=0, restarted_count=0
 full_count=0

Compilation events (20 events):
Event: 51.211 Thread 0x000001d7e9ae4da0 nmethod 2445 0x000001d7d6afac10 code [0x000001d7d6afadc0, 0x000001d7d6afafd8]
Event: 51.211 Thread 0x000001d7e9ae4da0 2446       3       jdk.internal.org.objectweb.asm.MethodVisitor::visitVarInsn (17 bytes)
Event: 51.211 Thread 0x000001d7e9ae4da0 nmethod 2446 0x000001d7d6afb090 code [0x000001d7d6afb240, 0x000001d7d6afb448]
Event: 51.256 Thread 0x000001d7e9ae42f0 2447   !   4       java.lang.ClassLoader::loadClass (121 bytes)
Event: 51.307 Thread 0x000001d7e9ae4da0 2448       1       org.gradle.cache.internal.filelock.FileLockOutcome$3::isLockWasAcquired (2 bytes)
Event: 51.308 Thread 0x000001d7e9ae4da0 nmethod 2448 0x000001d7de22c810 code [0x000001d7de22c9a0, 0x000001d7de22ca78]
Event: 51.311 Thread 0x000001d7e9ae4da0 2449       3       java.util.ArrayList::add (25 bytes)
Event: 51.311 Thread 0x000001d7e9ae4da0 nmethod 2449 0x000001d7d6afb510 code [0x000001d7d6afb6e0, 0x000001d7d6afbb08]
Event: 51.317 Thread 0x000001d7e9ae4da0 2450       3       java.net.InetAddress::<init> (21 bytes)
Event: 51.318 Thread 0x000001d7e9ae4da0 nmethod 2450 0x000001d7d6afbd10 code [0x000001d7d6afbec0, 0x000001d7d6afc1d8]
Event: 51.318 Thread 0x000001d7e9ae4da0 2452       3       org.gradle.internal.serialize.InputStreamBackedDecoder::readByte (13 bytes)
Event: 51.318 Thread 0x000001d7e9ae4da0 nmethod 2452 0x000001d7d6afc310 code [0x000001d7d6afc4e0, 0x000001d7d6afc838]
Event: 51.318 Thread 0x000001d7e9ae4da0 2451       3       java.net.InetAddress$InetAddressHolder::<init> (5 bytes)
Event: 51.318 Thread 0x000001d7e9ae4da0 nmethod 2451 0x000001d7d6afc990 code [0x000001d7d6afcb20, 0x000001d7d6afcc78]
Event: 51.322 Thread 0x000001d7e9ae4da0 2453       3       org.gradle.launcher.daemon.registry.DaemonRegistryContent::access$400 (4 bytes)
Event: 51.323 Thread 0x000001d7e9ae4da0 nmethod 2453 0x000001d7d6afcd10 code [0x000001d7d6afcea0, 0x000001d7d6afcf98]
Event: 51.323 Thread 0x000001d7e9ae4da0 2454       3       org.gradle.internal.remote.internal.inet.MultiChoiceAddress::hashCode (8 bytes)
Event: 51.323 Thread 0x000001d7e9ae4da0 nmethod 2454 0x000001d7d6afd010 code [0x000001d7d6afd1c0, 0x000001d7d6afd308]
Event: 51.323 Thread 0x000001d7e9ae4da0 2455       3       java.util.UUID::hashCode (19 bytes)
Event: 51.323 Thread 0x000001d7e9ae4da0 nmethod 2455 0x000001d7d6afd410 code [0x000001d7d6afd5a0, 0x000001d7d6afd6d8]

GC Heap History (4 events):
Event: 2.186 GC heap before
{Heap before GC invocations=0 (full 0):
 garbage-first heap   total 262144K, used 26624K [0x00000000e0000000, 0x0000000100000000)
  region size 1024K, 23 young (23552K), 0 survivors (0K)
 Metaspace       used 3063K, committed 3200K, reserved 393216K
  class space    used 393K, committed 448K, reserved 327680K
}
Event: 2.258 GC heap after
{Heap after GC invocations=1 (full 0):
 garbage-first heap   total 262144K, used 10573K [0x00000000e0000000, 0x0000000100000000)
  region size 1024K, 3 young (3072K), 3 survivors (3072K)
 Metaspace       used 3063K, committed 3200K, reserved 393216K
  class space    used 393K, committed 448K, reserved 327680K
}
Event: 3.353 GC heap before
{Heap before GC invocations=1 (full 0):
 garbage-first heap   total 262144K, used 38221K [0x00000000e0000000, 0x0000000100000000)
  region size 1024K, 30 young (30720K), 3 survivors (3072K)
 Metaspace       used 4018K, committed 4160K, reserved 393216K
  class space    used 492K, committed 576K, reserved 327680K
}
Event: 3.356 GC heap after
{Heap after GC invocations=2 (full 0):
 garbage-first heap   total 262144K, used 11742K [0x00000000e0000000, 0x0000000100000000)
  region size 1024K, 1 young (1024K), 1 survivors (1024K)
 Metaspace       used 4018K, committed 4160K, reserved 393216K
  class space    used 492K, committed 576K, reserved 327680K
}

Deoptimization events (20 events):
Event: 25.234 Thread 0x000001d78561fb30 DEOPT PACKING pc=0x000001d7de13f334 sp=0x000000ae797fc330
Event: 25.234 Thread 0x000001d78561fb30 DEOPT UNPACKING pc=0x000001d7ddbb23a3 sp=0x000000ae797fc2b0 mode 2
Event: 25.234 Thread 0x000001d78561fb30 Uncommon trap: trap_request=0xffffffc6 fr.pc=0x000001d7de201424 relative=0x0000000000000ce4
Event: 25.234 Thread 0x000001d78561fb30 Uncommon trap: reason=bimorphic_or_optimized_type_check action=maybe_recompile pc=0x000001d7de201424 method=java.util.HashMap.putVal(ILjava/lang/Object;Ljava/lang/Object;ZZ)Ljava/lang/Object; @ 91 c2
Event: 25.234 Thread 0x000001d78561fb30 DEOPT PACKING pc=0x000001d7de201424 sp=0x000000ae797fc2e0
Event: 25.234 Thread 0x000001d78561fb30 DEOPT UNPACKING pc=0x000001d7ddbb23a3 sp=0x000000ae797fc280 mode 2
Event: 25.234 Thread 0x000001d78561fb30 Uncommon trap: trap_request=0xffffffc6 fr.pc=0x000001d7de201424 relative=0x0000000000000ce4
Event: 25.234 Thread 0x000001d78561fb30 Uncommon trap: reason=bimorphic_or_optimized_type_check action=maybe_recompile pc=0x000001d7de201424 method=java.util.HashMap.putVal(ILjava/lang/Object;Ljava/lang/Object;ZZ)Ljava/lang/Object; @ 91 c2
Event: 25.234 Thread 0x000001d78561fb30 DEOPT PACKING pc=0x000001d7de201424 sp=0x000000ae797fc2e0
Event: 25.234 Thread 0x000001d78561fb30 DEOPT UNPACKING pc=0x000001d7ddbb23a3 sp=0x000000ae797fc280 mode 2
Event: 31.436 Thread 0x000001d78561fb30 Uncommon trap: trap_request=0xffffff45 fr.pc=0x000001d7de1c1ef4 relative=0x00000000000003b4
Event: 31.436 Thread 0x000001d78561fb30 Uncommon trap: reason=unstable_if action=reinterpret pc=0x000001d7de1c1ef4 method=java.util.concurrent.ConcurrentHashMap.get(Ljava/lang/Object;)Ljava/lang/Object; @ 76 c2
Event: 31.436 Thread 0x000001d78561fb30 DEOPT PACKING pc=0x000001d7de1c1ef4 sp=0x000000ae797fb860
Event: 31.436 Thread 0x000001d78561fb30 DEOPT UNPACKING pc=0x000001d7ddbb23a3 sp=0x000000ae797fb7e8 mode 2
Event: 51.162 Thread 0x000001d78561fb30 DEOPT PACKING pc=0x000001d7d69e0008 sp=0x000000ae797f9900
Event: 51.163 Thread 0x000001d78561fb30 DEOPT UNPACKING pc=0x000001d7ddbb2b43 sp=0x000000ae797f8e08 mode 0
Event: 51.234 Thread 0x000001d78561fb30 Uncommon trap: trap_request=0xffffff45 fr.pc=0x000001d7de18ff3c relative=0x000000000000071c
Event: 51.234 Thread 0x000001d78561fb30 Uncommon trap: reason=unstable_if action=reinterpret pc=0x000001d7de18ff3c method=java.util.ArrayList.grow(I)[Ljava/lang/Object; @ 17 c2
Event: 51.234 Thread 0x000001d78561fb30 DEOPT PACKING pc=0x000001d7de18ff3c sp=0x000000ae797fcfa0
Event: 51.234 Thread 0x000001d78561fb30 DEOPT UNPACKING pc=0x000001d7ddbb23a3 sp=0x000000ae797fce38 mode 2

Classes unloaded (0 events):
No events

Classes redefined (0 events):
No events

Internal exceptions (20 events):
Event: 5.925 Thread 0x000001d7ced796b0 Exception <a 'java/lang/NoSuchMethodError'{0x00000000ee8f52c8}: 'java.lang.Object java.lang.invoke.DirectMethodHandle$Holder.invokeInterface(java.lang.Object, java.lang.Object)'> (0x00000000ee8f52c8) 
thrown [s\open\src\hotspot\share\interpreter\linkResolver.cpp, line 759]
Event: 6.269 Thread 0x000001d7ced796b0 Exception <a 'java/lang/NoSuchMethodError'{0x00000000ee0438c8}: 'java.lang.Object java.lang.invoke.DirectMethodHandle$Holder.invokeStaticInit(java.lang.Object, int, int, int, int)'> (0x00000000ee0438c8) 
thrown [s\open\src\hotspot\share\interpreter\linkResolver.cpp, line 759]
Event: 6.555 Thread 0x000001d7ced796b0 Exception <a 'java/lang/NoSuchMethodError'{0x00000000ee0ff9a8}: 'java.lang.Object java.lang.invoke.DirectMethodHandle$Holder.invokeStaticInit(java.lang.Object, java.lang.Object, int, int, int, int)'> (0x00000000ee0ff9a8) 
thrown [s\open\src\hotspot\share\interpreter\linkResolver.cpp, line 759]
Event: 9.559 Thread 0x000001d7ced796b0 Exception <a 'java/lang/NoSuchMethodError'{0x00000000edd9edc8}: 'void java.lang.invoke.DirectMethodHandle$Holder.invokeStatic(java.lang.Object, java.lang.Object, java.lang.Object)'> (0x00000000edd9edc8) 
thrown [s\open\src\hotspot\share\interpreter\linkResolver.cpp, line 759]
Event: 11.062 Thread 0x000001d7ced796b0 Exception <a 'java/io/IOException'{0x00000000edc88430}> (0x00000000edc88430) 
thrown [s\open\src\hotspot\share\prims\jni.cpp, line 516]
Event: 20.625 Thread 0x000001d78561fb30 Exception <a 'java/lang/NoSuchMethodError'{0x00000000ed414f90}: 'long java.lang.invoke.DirectMethodHandle$Holder.invokeInterface(java.lang.Object, java.lang.Object)'> (0x00000000ed414f90) 
thrown [s\open\src\hotspot\share\interpreter\linkResolver.cpp, line 759]
Event: 20.735 Thread 0x000001d78561fb30 Exception <a 'java/lang/NoSuchMethodError'{0x00000000ed44c9a8}: 'java.lang.Object java.lang.invoke.DirectMethodHandle$Holder.invokeVirtual(java.lang.Object, java.lang.Object, java.lang.Object)'> (0x00000000ed44c9a8) 
thrown [s\open\src\hotspot\share\interpreter\linkResolver.cpp, line 759]
Event: 23.478 Thread 0x000001d78561fb30 Exception <a 'java/lang/NoSuchMethodError'{0x00000000ed07e690}: 'void java.lang.invoke.DirectMethodHandle$Holder.invokeStatic(java.lang.Object, java.lang.Object)'> (0x00000000ed07e690) 
thrown [s\open\src\hotspot\share\interpreter\linkResolver.cpp, line 759]
Event: 35.166 Thread 0x000001d78561fb30 Exception <a 'java/lang/NoSuchMethodError'{0x00000000eccea4d0}: 'java.lang.Object java.lang.invoke.DirectMethodHandle$Holder.newInvokeSpecial(java.lang.Object, java.lang.Object, java.lang.Object, java.lang.Object, java.lang.Object, java.lang.Object)'> (0x00000000eccea4d0) 
thrown [s\open\src\hotspot\share\interpreter\linkResolver.cpp, line 759]
Event: 35.507 Thread 0x000001d78561fb30 Exception <a 'java/lang/NoSuchMethodError'{0x00000000ecb028c8}: 'void java.lang.invoke.DirectMethodHandle$Holder.invokeSpecial(java.lang.Object, java.lang.Object, java.lang.Object, java.lang.Object, java.lang.Object)'> (0x00000000ecb028c8) 
thrown [s\open\src\hotspot\share\interpreter\linkResolver.cpp, line 759]
Event: 36.128 Thread 0x000001d78561fb30 Exception <a 'java/lang/NoSuchMethodError'{0x00000000ecb166e8}: 'void java.lang.invoke.DirectMethodHandle$Holder.invokeStaticInit(java.lang.Object, java.lang.Object)'> (0x00000000ecb166e8) 
thrown [s\open\src\hotspot\share\interpreter\linkResolver.cpp, line 759]
Event: 39.049 Thread 0x000001d78561fb30 Exception <a 'java/lang/NoSuchMethodError'{0x00000000eca20038}: 'java.lang.Object java.lang.invoke.DirectMethodHandle$Holder.newInvokeSpecial(java.lang.Object, java.lang.Object, java.lang.Object, int, java.lang.Object, java.lang.Object)'> (0x00000000eca20038) 
thrown [s\open\src\hotspot\share\interpreter\linkResolver.cpp, line 759]
Event: 43.083 Thread 0x000001d78561fb30 Exception <a 'java/lang/NoSuchMethodError'{0x00000000ec9e0e30}: 'void java.lang.invoke.DelegatingMethodHandle$Holder.reinvoke_L(java.lang.Object, java.lang.Object, java.lang.Object, java.lang.Object, java.lang.Object, java.lang.Object, java.lang.Object, java.lang.Object, java.lang.Object, java.lang.Object)'> (0x00000000ec9e0e30) 
thrown [s\open\src\hotspot\share\interpreter\linkResolver.cpp, line 759]
Event: 43.087 Thread 0x000001d78561fb30 Exception <a 'java/lang/NoSuchMethodError'{0x00000000ec9e92a0}: 'java.lang.Object java.lang.invoke.DirectMethodHandle$Holder.invokeSpecial(java.lang.Object, java.lang.Object, java.lang.Object, java.lang.Object, java.lang.Object, java.lang.Object, java.lang.Object, java.lang.Object, java.lang.Object, java.lang.Object)'> (0x00000000ec9e92a0) 
thrown [s\open\src\hotspot\share\interpreter\linkResolver.cpp, line 759]
Event: 43.088 Thread 0x000001d78561fb30 Exception <a 'java/lang/NoSuchMethodError'{0x00000000ec9edb70}: 'java.lang.Object java.lang.invoke.Invokers$Holder.invoker(java.lang.Object, java.lang.Object, java.lang.Object, java.lang.Object, java.lang.Object, java.lang.Object, java.lang.Object, java.lang.Object, java.lang.Object, java.lang.Object)'> (0x00000000ec9edb70) 
thrown [s\open\src\hotspot\share\interpreter\linkResolver.cpp, line 759]
Event: 43.089 Thread 0x000001d78561fb30 Exception <a 'java/lang/NoSuchMethodError'{0x00000000ec9f36f8}: 'java.lang.Object java.lang.invoke.DirectMethodHandle$Holder.invokeSpecial(java.lang.Object, java.lang.Object, java.lang.Object, java.lang.Object, java.lang.Object, java.lang.Object, java.lang.Object, java.lang.Object, java.lang.Object, java.lang.Object, java.lang.Object)'> (0x00000000ec9f36f8) 
thrown [s\open\src\hotspot\share\interpreter\linkResolver.cpp, line 759]
Event: 47.050 Thread 0x000001d78561fb30 Exception <a 'java/lang/NoSuchMethodError'{0x00000000ec2e1418}: 'void java.lang.invoke.DirectMethodHandle$Holder.invokeStaticInit(java.lang.Object)'> (0x00000000ec2e1418) 
thrown [s\open\src\hotspot\share\interpreter\linkResolver.cpp, line 759]
Event: 47.287 Thread 0x000001d78561fb30 Exception <a 'java/lang/NoSuchMethodError'{0x00000000ec191970}: 'java.lang.Object java.lang.invoke.DirectMethodHandle$Holder.newInvokeSpecial(java.lang.Object, java.lang.Object, java.lang.Object, int)'> (0x00000000ec191970) 
thrown [s\open\src\hotspot\share\interpreter\linkResolver.cpp, line 759]
Event: 47.288 Thread 0x000001d78561fb30 Exception <a 'java/lang/NoSuchMethodError'{0x00000000ec1962a0}: 'java.lang.Object java.lang.invoke.DirectMethodHandle$Holder.invokeSpecial(java.lang.Object, java.lang.Object, java.lang.Object, java.lang.Object, int)'> (0x00000000ec1962a0) 
thrown [s\open\src\hotspot\share\interpreter\linkResolver.cpp, line 759]
Event: 47.289 Thread 0x000001d78561fb30 Exception <a 'java/lang/NoSuchMethodError'{0x00000000ec19a3b8}: 'java.lang.Object java.lang.invoke.Invokers$Holder.linkToTargetMethod(java.lang.Object, java.lang.Object, int, java.lang.Object)'> (0x00000000ec19a3b8) 
thrown [s\open\src\hotspot\share\interpreter\linkResolver.cpp, line 759]

VM Operations (20 events):
Event: 39.728 Executing VM operation: Cleanup
Event: 39.952 Executing VM operation: Cleanup done
Event: 40.959 Executing VM operation: Cleanup
Event: 41.096 Executing VM operation: Cleanup done
Event: 42.112 Executing VM operation: Cleanup
Event: 43.063 Executing VM operation: Cleanup done
Event: 44.079 Executing VM operation: Cleanup
Event: 44.126 Executing VM operation: Cleanup done
Event: 46.154 Executing VM operation: Cleanup
Event: 46.154 Executing VM operation: Cleanup done
Event: 47.166 Executing VM operation: Cleanup
Event: 47.182 Executing VM operation: Cleanup done
Event: 48.184 Executing VM operation: Cleanup
Event: 48.268 Executing VM operation: Cleanup done
Event: 49.273 Executing VM operation: Cleanup
Event: 49.273 Executing VM operation: Cleanup done
Event: 50.284 Executing VM operation: Cleanup
Event: 50.284 Executing VM operation: Cleanup done
Event: 51.299 Executing VM operation: Cleanup
Event: 51.299 Executing VM operation: Cleanup done

Events (20 events):
Event: 46.465 loading class java/nio/file/NoSuchFileException done
Event: 46.465 loading class java/nio/file/attribute/PosixFilePermission
Event: 46.465 loading class java/nio/file/attribute/PosixFilePermission done
Event: 46.467 loading class java/nio/file/attribute/PosixFilePermissions
Event: 46.468 loading class java/nio/file/attribute/PosixFilePermissions done
Event: 46.468 loading class java/nio/file/attribute/PosixFilePermissions$1
Event: 46.469 loading class java/nio/file/attribute/PosixFilePermissions$1 done
Event: 46.769 loading class sun/invoke/util/VerifyAccess$1
Event: 46.770 loading class sun/invoke/util/VerifyAccess$1 done
Event: 47.219 loading class java/util/concurrent/ArrayBlockingQueue
Event: 47.219 loading class java/util/concurrent/ArrayBlockingQueue done
Event: 47.220 loading class java/util/concurrent/locks/ReentrantLock$FairSync
Event: 47.220 loading class java/util/concurrent/locks/ReentrantLock$FairSync done
Event: 47.273 Thread 0x000001d78561ec00 Thread added: 0x000001d78561ec00
Event: 47.339 loading class sun/misc/Unsafe
Event: 47.340 loading class sun/misc/Unsafe done
Event: 47.554 Thread 0x000001d78561f110 Thread added: 0x000001d78561f110
Event: 48.265 loading class sun/nio/ch/DatagramSocketAdaptor$DatagramPackets
Event: 48.265 loading class sun/nio/ch/DatagramSocketAdaptor$DatagramPackets done
Event: 51.088 Thread 0x000001d785621480 Thread added: 0x000001d785621480


Dynamic libraries:
0x00007ff7edc00000 - 0x00007ff7edc10000 	C:\Program Files\Java\jdk-17\bin\java.exe
0x00007ffb981d0000 - 0x00007ffb983e7000 	C:\WINDOWS\SYSTEM32\ntdll.dll
0x00007ffb975e0000 - 0x00007ffb976a4000 	C:\WINDOWS\System32\KERNEL32.DLL
0x00007ffb955e0000 - 0x00007ffb95987000 	C:\WINDOWS\System32\KERNELBASE.dll
0x00007ffb95bd0000 - 0x00007ffb95ce1000 	C:\WINDOWS\System32\ucrtbase.dll
0x00007ffb7c4f0000 - 0x00007ffb7c509000 	C:\Program Files\Java\jdk-17\bin\jli.dll
0x00007ffb96770000 - 0x00007ffb96822000 	C:\WINDOWS\System32\ADVAPI32.dll
0x00007ffb90570000 - 0x00007ffb9058b000 	C:\Program Files\Java\jdk-17\bin\VCRUNTIME140.dll
0x00007ffb966b0000 - 0x00007ffb96757000 	C:\WINDOWS\System32\msvcrt.dll
0x00007ffb96550000 - 0x00007ffb965f8000 	C:\WINDOWS\System32\sechost.dll
0x00007ffb955b0000 - 0x00007ffb955d8000 	C:\WINDOWS\System32\bcrypt.dll
0x00007ffb96c60000 - 0x00007ffb96d75000 	C:\WINDOWS\System32\RPCRT4.dll
0x00007ffb96220000 - 0x00007ffb963ce000 	C:\WINDOWS\System32\USER32.dll
0x00007ffb95ba0000 - 0x00007ffb95bc6000 	C:\WINDOWS\System32\win32u.dll
0x00007ffb96440000 - 0x00007ffb96469000 	C:\WINDOWS\System32\GDI32.dll
0x00007ffb95a00000 - 0x00007ffb95b19000 	C:\WINDOWS\System32\gdi32full.dll
0x00007ffb95cf0000 - 0x00007ffb95d8a000 	C:\WINDOWS\System32\msvcp_win.dll
0x00007ffb92fe0000 - 0x00007ffb92fea000 	C:\WINDOWS\SYSTEM32\VERSION.dll
0x00007ffb7f130000 - 0x00007ffb7f3c3000 	C:\WINDOWS\WinSxS\amd64_microsoft.windows.common-controls_6595b64144ccf1df_6.0.22621.3527_none_270e469b73872a76\COMCTL32.dll
0x00007ffb963d0000 - 0x00007ffb96401000 	C:\WINDOWS\System32\IMM32.DLL
0x00007ffb90560000 - 0x00007ffb9056c000 	C:\Program Files\Java\jdk-17\bin\vcruntime140_1.dll
0x00007ffb7c1f0000 - 0x00007ffb7c27e000 	C:\Program Files\Java\jdk-17\bin\msvcp140.dll
0x00007ffb130e0000 - 0x00007ffb13cc0000 	C:\Program Files\Java\jdk-17\bin\server\jvm.dll
0x00007ffb96430000 - 0x00007ffb96438000 	C:\WINDOWS\System32\PSAPI.DLL
0x00007ffb71d20000 - 0x00007ffb71d29000 	C:\WINDOWS\SYSTEM32\WSOCK32.dll
0x00007ffb964d0000 - 0x00007ffb96541000 	C:\WINDOWS\System32\WS2_32.dll
0x00007ffb8d440000 - 0x00007ffb8d474000 	C:\WINDOWS\SYSTEM32\WINMM.dll
0x00007ffb94470000 - 0x00007ffb94488000 	C:\WINDOWS\SYSTEM32\kernel.appcore.dll
0x00007ffb7d4b0000 - 0x00007ffb7d4ba000 	C:\Program Files\Java\jdk-17\bin\jimage.dll
0x00007ffb894b0000 - 0x00007ffb896e3000 	C:\WINDOWS\SYSTEM32\DBGHELP.DLL
0x00007ffb97b30000 - 0x00007ffb97eb8000 	C:\WINDOWS\System32\combase.dll
0x00007ffb96140000 - 0x00007ffb96217000 	C:\WINDOWS\System32\OLEAUT32.dll
0x00007ffb6bb70000 - 0x00007ffb6bba2000 	C:\WINDOWS\SYSTEM32\dbgcore.DLL
0x00007ffb95b20000 - 0x00007ffb95b99000 	C:\WINDOWS\System32\bcryptPrimitives.dll
0x00007ffb7c4e0000 - 0x00007ffb7c4ee000 	C:\Program Files\Java\jdk-17\bin\instrument.dll
0x00007ffb7c1c0000 - 0x00007ffb7c1e5000 	C:\Program Files\Java\jdk-17\bin\java.dll
0x00007ffb57af0000 - 0x00007ffb57bc7000 	C:\Program Files\Java\jdk-17\bin\jsvml.dll
0x00007ffb96d80000 - 0x00007ffb975dc000 	C:\WINDOWS\System32\SHELL32.dll
0x00007ffb933e0000 - 0x00007ffb93cd6000 	C:\WINDOWS\SYSTEM32\windows.storage.dll
0x00007ffb932a0000 - 0x00007ffb933de000 	C:\WINDOWS\SYSTEM32\wintypes.dll
0x00007ffb97ec0000 - 0x00007ffb97fb5000 	C:\WINDOWS\System32\SHCORE.dll
0x00007ffb96a40000 - 0x00007ffb96a9e000 	C:\WINDOWS\System32\shlwapi.dll
0x00007ffb95420000 - 0x00007ffb95441000 	C:\WINDOWS\SYSTEM32\profapi.dll
0x00007ffb7c1a0000 - 0x00007ffb7c1b8000 	C:\Program Files\Java\jdk-17\bin\zip.dll
0x00007ffb7c180000 - 0x00007ffb7c199000 	C:\Program Files\Java\jdk-17\bin\net.dll
0x00007ffb8e9c0000 - 0x00007ffb8eaf6000 	C:\WINDOWS\SYSTEM32\WINHTTP.dll
0x00007ffb94940000 - 0x00007ffb949a9000 	C:\WINDOWS\system32\mswsock.dll
0x00007ffb7c160000 - 0x00007ffb7c176000 	C:\Program Files\Java\jdk-17\bin\nio.dll
0x00007ffb7c3d0000 - 0x00007ffb7c3e0000 	C:\Program Files\Java\jdk-17\bin\verify.dll
0x00007ffb62230000 - 0x00007ffb62257000 	C:\Users\siva0\.gradle\native\c067742578af261105cb4f569cf0c3c89f3d7b1fecec35dd04571415982c5e48\windows-amd64\native-platform.dll
0x00007ffb55cf0000 - 0x00007ffb55e34000 	C:\Users\siva0\.gradle\native\38dada09dfb8b06ba9b0570ebf7e218e3eb74d4ef43ca46872605cf95ebc2f47\windows-amd64\native-platform-file-events.dll
0x00007ffb7c130000 - 0x00007ffb7c13a000 	C:\Program Files\Java\jdk-17\bin\management.dll
0x00007ffb7c120000 - 0x00007ffb7c12b000 	C:\Program Files\Java\jdk-17\bin\management_ext.dll
0x00007ffb94bf0000 - 0x00007ffb94c0b000 	C:\WINDOWS\SYSTEM32\CRYPTSP.dll
0x00007ffb94430000 - 0x00007ffb94465000 	C:\WINDOWS\system32\rsaenh.dll
0x00007ffb94a60000 - 0x00007ffb94a88000 	C:\WINDOWS\SYSTEM32\USERENV.dll
0x00007ffb94be0000 - 0x00007ffb94bec000 	C:\WINDOWS\SYSTEM32\CRYPTBASE.dll
0x00007ffb93f40000 - 0x00007ffb93f6d000 	C:\WINDOWS\SYSTEM32\IPHLPAPI.DLL
0x00007ffb96760000 - 0x00007ffb96769000 	C:\WINDOWS\System32\NSI.dll
0x00007ffb8ed00000 - 0x00007ffb8ed19000 	C:\WINDOWS\SYSTEM32\dhcpcsvc6.DLL
0x00007ffb8e2c0000 - 0x00007ffb8e2df000 	C:\WINDOWS\SYSTEM32\dhcpcsvc.DLL
0x00007ffb93fb0000 - 0x00007ffb940a9000 	C:\WINDOWS\SYSTEM32\DNSAPI.dll
0x00007ffb7c050000 - 0x00007ffb7c05e000 	C:\Program Files\Java\jdk-17\bin\sunmscapi.dll
0x00007ffb95d90000 - 0x00007ffb95ef7000 	C:\WINDOWS\System32\CRYPT32.dll
0x00007ffb94da0000 - 0x00007ffb94dce000 	C:\WINDOWS\SYSTEM32\ncrypt.dll
0x00007ffb94d60000 - 0x00007ffb94d97000 	C:\WINDOWS\SYSTEM32\NTASN1.dll
0x00007ffb8ace0000 - 0x00007ffb8ace8000 	C:\WINDOWS\system32\wshunix.dll

dbghelp: loaded successfully - version: 4.0.5 - missing functions: none
symbol engine: initialized successfully - sym options: 0x614 - pdb path: .;C:\Program Files\Java\jdk-17\bin;C:\WINDOWS\SYSTEM32;C:\WINDOWS\WinSxS\amd64_microsoft.windows.common-controls_6595b64144ccf1df_6.0.22621.3527_none_270e469b73872a76;C:\Program Files\Java\jdk-17\bin\server;C:\Users\siva0\.gradle\native\c067742578af261105cb4f569cf0c3c89f3d7b1fecec35dd04571415982c5e48\windows-amd64;C:\Users\siva0\.gradle\native\38dada09dfb8b06ba9b0570ebf7e218e3eb74d4ef43ca46872605cf95ebc2f47\windows-amd64

VM Arguments:
jvm_args: --add-opens=java.base/java.util=ALL-UNNAMED --add-opens=java.base/java.lang=ALL-UNNAMED --add-opens=java.base/java.lang.invoke=ALL-UNNAMED --add-opens=java.prefs/java.util.prefs=ALL-UNNAMED --add-opens=java.base/java.nio.charset=ALL-UNNAMED --add-opens=java.base/java.net=ALL-UNNAMED --add-opens=java.base/java.util.concurrent.atomic=ALL-UNNAMED -XX:MaxMetaspaceSize=384m -XX:+HeapDumpOnOutOfMemoryError -Xms256m -Xmx512m -Dfile.encoding=windows-1252 -Duser.country=US -Duser.language=en -Duser.variant -javaagent:C:\Users\siva0\.gradle\wrapper\dists\gradle-8.5-bin\5t9huq95ubn472n8rpzujfbqh\gradle-8.5\lib\agents\gradle-instrumentation-agent-8.5.jar 
java_command: org.gradle.launcher.daemon.bootstrap.GradleDaemon 8.5
java_class_path (initial): C:\Users\siva0\.gradle\wrapper\dists\gradle-8.5-bin\5t9huq95ubn472n8rpzujfbqh\gradle-8.5\lib\gradle-launcher-8.5.jar
Launcher Type: SUN_STANDARD

[Global flags]
     intx CICompilerCount                          = 4                                         {product} {ergonomic}
   size_t CompressedClassSpaceSize                 = 335544320                                 {product} {ergonomic}
     uint ConcGCThreads                            = 3                                         {product} {ergonomic}
     uint G1ConcRefinementThreads                  = 10                                        {product} {ergonomic}
   size_t G1HeapRegionSize                         = 1048576                                   {product} {ergonomic}
    uintx GCDrainStackTargetSize                   = 64                                        {product} {ergonomic}
     bool HeapDumpOnOutOfMemoryError               = true                                   {manageable} {command line}
   size_t InitialHeapSize                          = 268435456                                 {product} {command line}
   size_t MarkStackSize                            = 4194304                                   {product} {ergonomic}
   size_t MaxHeapSize                              = 536870912                                 {product} {command line}
   size_t MaxMetaspaceSize                         = 402653184                                 {product} {command line}
   size_t MaxNewSize                               = 321912832                                 {product} {ergonomic}
   size_t MinHeapDeltaBytes                        = 1048576                                   {product} {ergonomic}
   size_t MinHeapSize                              = 268435456                                 {product} {command line}
    uintx NonNMethodCodeHeapSize                   = 5839372                                {pd product} {ergonomic}
    uintx NonProfiledCodeHeapSize                  = 122909434                              {pd product} {ergonomic}
    uintx ProfiledCodeHeapSize                     = 122909434                              {pd product} {ergonomic}
    uintx ReservedCodeCacheSize                    = 251658240                              {pd product} {ergonomic}
     bool SegmentedCodeCache                       = true                                      {product} {ergonomic}
   size_t SoftMaxHeapSize                          = 536870912                              {manageable} {ergonomic}
     bool UseCompressedClassPointers               = true                           {product lp64_product} {ergonomic}
     bool UseCompressedOops                        = true                           {product lp64_product} {ergonomic}
     bool UseG1GC                                  = true                                      {product} {ergonomic}
     bool UseLargePagesIndividualAllocation        = false                                  {pd product} {ergonomic}

Logging:
Log output configuration:
 #0: stdout all=warning uptime,level,tags
 #1: stderr all=off uptime,level,tags

Environment Variables:
JAVA_HOME=C:\Program Files\Java\jdk-17
PATH=C:\Program Files\OpenJDK\jdk-8.0.292.10-hotspot\bin;C:\Program Files\Common Files\Oracle\Java\javapath;C:\Windows\system32;C:\Windows;C:\Windows\System32\Wbem;C:\Windows\System32\WindowsPowerShell\v1.0\;C:\Windows\System32\OpenSSH\;C:\Program Files (x86)\NVIDIA Corporation\PhysX\Common;C:\WINDOWS\system32;C:\WINDOWS;C:\WINDOWS\System32\Wbem;C:\WINDOWS\System32\WindowsPowerShell\v1.0\;C:\WINDOWS\System32\OpenSSH\;C:\Program Files\PuTTY\;C:\Program Files\Graphviz\bin;C:\Program Files\gettext-iconv\bin;C:\Program Files\Docker\Docker\resources\bin;C:\Users\siva0\AppData\Local\Programs\Python\Python37\Scripts\;C:\Users\siva0\AppData\Local\Programs\Python\Python37\;C:\Users\siva0\.cargo\bin;C:\Program Files\MySQL\MySQL Shell 8.0\bin\;C:\Users\siva0\AppData\Local\Programs\Python\Python310\Scripts\;C:\Users\siva0\AppData\Local\Programs\Python\Python310\;C:\Users\siva0\AppData\Local\Microsoft\WindowsApps;C:\Users\siva0\AppData\Local\Programs\Microsoft VS Code\bin;C:\Program Files\heroku\bin\;C:\Program Files\PostgreSQL\14\bin;C:\Users\siva0\AppData\Local\GitHub;C:\ProgramData\chocolatey\bin;C:\Program Files\Amazon\AWSCLIV2\;C:\Program Files\Git\cmd;C:\Users\siva0\AppData\Local\Programs\Python\Python37\Scripts\;C:\Users\siva0\AppData\Local\Programs\Python\Python37\;C:\Users\siva0\.cargo\bin;C:\Program Files\MySQL\MySQL Shell 8.0\bin\;C:\Users\siva0\AppData\Local\Programs\Python\Python310\Scripts\;C:\Users\siva0\AppData\Local\Programs\Python\Python310\;C:\Users\siva0\AppData\Local\Microsoft\WindowsApps;C:\Users\siva0\AppData\Local\Programs\Microsoft VS Code\bin;C:\Program Files\heroku\bin\;C:\Program Files\PostgreSQL\14\bin;C:\Users\siva0\AppData\Local\GitHubDesktop\bin;C:\Users\siva0\Downloads\elasticsearch-8.6.2\bin;C:\Users\siva0\Downloads\C2C;C:\Users\siva0\Downloads\gettext0.21-iconv1.16-static-64\bin;C:\Program Files\OpenSSL-Win64\bin;C:\Temp\lightsailctl\;C:\Program Files\Git\usr\bin;C:\texlive\2023\bin\windows;C:\texlive\2023\bin\windows;C:\Program Files\New Relic\Ne
USERNAME=siva0
OS=Windows_NT
PROCESSOR_IDENTIFIER=AMD64 Family 23 Model 96 Stepping 1, AuthenticAMD



---------------  S Y S T E M  ---------------

OS:
 Windows 11 , 64 bit Build 22621 (10.0.22621.3527)
OS uptime: 0 days 3:26 hours
Hyper-V role detected

CPU: total 12 (initial active 12) (12 cores per cpu, 2 threads per core) family 23 model 96 stepping 1 microcode 0x0, cx8, cmov, fxsr, ht, mmx, 3dnowpref, sse, sse2, sse3, ssse3, sse4a, sse4.1, sse4.2, popcnt, lzcnt, tsc, tscinvbit, avx, avx2, aes, clmul, bmi1, bmi2, adx, sha, fma, vzeroupper, clflush, clflushopt, hv

Memory: 4k page, system-wide physical 7539M (91M free)
TotalPageFile size 31091M (AvailPageFile size 384M)
current process WorkingSet (physical memory assigned to process): 65M, peak: 116M
current process commit charge ("private bytes"): 396M, peak: 406M

vm_info: Java HotSpot(TM) 64-Bit Server VM (17.0.11+7-LTS-207) for windows-amd64 JRE (17.0.11+7-LTS-207), built on Mar 11 2024 19:01:50 by "mach5one" with MS VC++ 17.6 (VS2022)

END.
